Log file open, 04/06/21 11:55:35
LogInit: Display: Running engine for game: Scoop
LogPlatformFile: Not using cached read wrapper
LogTaskGraph: Started task graph with 5 named threads and 35 total threads with 3 sets of task threads.
LogStats: Stats thread started at 0.173799
LogD3D11RHI: Loaded GFSDK_Aftermath_Lib.x64.dll
LogICUInternationalization: ICU TimeZone Detection - Raw Offset: +1:00, Platform Override: ''
LogPluginManager: Mounting plugin Paper2D
LogPluginManager: Mounting plugin AISupport
LogPluginManager: Mounting plugin LightPropagationVolume
LogPluginManager: Mounting plugin CameraShakePreviewer
LogPluginManager: Mounting plugin ActorLayerUtilities
LogPluginManager: Mounting plugin AnimationSharing
LogPluginManager: Mounting plugin CLionSourceCodeAccess
LogPluginManager: Mounting plugin CodeLiteSourceCodeAccess
LogPluginManager: Mounting plugin GitSourceControl
LogPluginManager: Mounting plugin KDevelopSourceCodeAccess
LogPluginManager: Mounting plugin NullSourceCodeAccess
LogPluginManager: Mounting plugin PerforceSourceControl
LogPluginManager: Mounting plugin PlasticSourceControl
LogPluginManager: Mounting plugin RiderSourceCodeAccess
LogPluginManager: Mounting plugin SubversionSourceControl
LogPluginManager: Mounting plugin UObjectPlugin
LogPluginManager: Mounting plugin VisualStudioCodeSourceCodeAccess
LogPluginManager: Mounting plugin VisualStudioSourceCodeAccess
LogPluginManager: Mounting plugin XCodeSourceCodeAccess
LogPluginManager: Mounting plugin AssetManagerEditor
LogPluginManager: Mounting plugin CryptoKeys
LogPluginManager: Mounting plugin CurveEditorTools
LogPluginManager: Mounting plugin DataValidation
LogPluginManager: Mounting plugin EditorScriptingUtilities
LogPluginManager: Mounting plugin FacialAnimation
LogPluginManager: Mounting plugin GameplayTagsEditor
LogPluginManager: Mounting plugin GeometryMode
LogPluginManager: Mounting plugin MacGraphicsSwitching
LogPluginManager: Mounting plugin MaterialAnalyzer
LogPluginManager: Mounting plugin MobileLauncherProfileWizard
LogPluginManager: Mounting plugin PluginBrowser
LogPluginManager: Mounting plugin SpeedTreeImporter
LogPluginManager: Mounting plugin DatasmithContent
LogPluginManager: Mounting plugin VariantManagerContent
LogPluginManager: Mounting plugin AlembicImporter
LogPluginManager: Mounting plugin AutomationUtils
LogPluginManager: Mounting plugin BackChannel
LogPluginManager: Mounting plugin ChaosCloth
LogPluginManager: Mounting plugin ChaosClothEditor
LogPluginManager: Mounting plugin ChaosEditor
LogPluginManager: Mounting plugin ChaosNiagara
LogPluginManager: Mounting plugin ChaosSolverPlugin
LogPluginManager: Mounting plugin CharacterAI
LogPluginManager: Mounting plugin GeometryCache
LogPluginManager: Mounting plugin GeometryCollectionPlugin
LogPluginManager: Mounting plugin GeometryProcessing
LogPluginManager: Mounting plugin PlanarCut
LogPluginManager: Mounting plugin PlatformCrypto
LogPluginManager: Mounting plugin ProxyLODPlugin
LogPluginManager: Mounting plugin SkeletalReduction
LogPluginManager: Mounting plugin Niagara
LogPluginManager: Mounting plugin MagicLeap
LogPluginManager: Mounting plugin MagicLeapLightEstimation
LogPluginManager: Mounting plugin MagicLeapMedia
LogPluginManager: Mounting plugin MagicLeapPassableWorld
LogPluginManager: Mounting plugin MLSDK
LogPluginManager: Mounting plugin AndroidMedia
LogPluginManager: Mounting plugin AvfMedia
LogPluginManager: Mounting plugin ImgMedia
LogPluginManager: Mounting plugin MediaCompositing
LogPluginManager: Mounting plugin MediaPlayerEditor
LogPluginManager: Mounting plugin WebMMedia
LogPluginManager: Mounting plugin WmfMedia
LogPluginManager: Mounting plugin MeshPainting
LogPluginManager: Mounting plugin TcpMessaging
LogPluginManager: Mounting plugin UdpMessaging
LogPluginManager: Mounting plugin ActorSequence
LogPluginManager: Mounting plugin LevelSequenceEditor
LogPluginManager: Mounting plugin MatineeToLevelSequence
LogPluginManager: Mounting plugin MovieRenderPipeline
LogPluginManager: Mounting plugin TemplateSequence
LogPluginManager: Mounting plugin NetcodeUnitTest
LogPluginManager: Mounting plugin NUTUnrealEngine4
LogPluginManager: Mounting plugin OnlineSubsystemGooglePlay
LogPluginManager: Mounting plugin OnlineSubsystemIOS
LogPluginManager: Mounting plugin OnlineSubsystem
LogPluginManager: Mounting plugin OnlineSubsystemNull
LogPluginManager: Mounting plugin OnlineSubsystemUtils
LogPluginManager: Mounting plugin LauncherChunkInstaller
LogPluginManager: Mounting plugin AndroidDeviceProfileSelector
LogPluginManager: Mounting plugin AndroidMoviePlayer
LogPluginManager: Mounting plugin AndroidPermission
LogPluginManager: Mounting plugin AppleImageUtils
LogPluginManager: Mounting plugin AppleMoviePlayer
LogPluginManager: Mounting plugin ArchVisCharacter
LogPluginManager: Mounting plugin AssetTags
LogPluginManager: Mounting plugin AudioCapture
LogPluginManager: Mounting plugin CableComponent
LogPluginManager: Mounting plugin CustomMeshComponent
LogPluginManager: Mounting plugin EditableMesh
LogPluginManager: Mounting plugin ExampleDeviceProfileSelector
LogPluginManager: Mounting plugin GoogleCloudMessaging
LogPluginManager: Mounting plugin GooglePAD
LogPluginManager: Mounting plugin IOSDeviceProfileSelector
LogPluginManager: Mounting plugin LinuxDeviceProfileSelector
LogPluginManager: Mounting plugin LocationServicesBPLibrary
LogPluginManager: Mounting plugin MobilePatchingUtils
LogPluginManager: Mounting plugin OculusVR
LogPluginManager: Mounting plugin PhysXVehicles
LogPluginManager: Mounting plugin PostSplashScreen
LogPluginManager: Mounting plugin ProceduralMeshComponent
LogPluginManager: Mounting plugin RuntimePhysXCooking
LogPluginManager: Mounting plugin SignificanceManager
LogPluginManager: Mounting plugin SoundFields
LogPluginManager: Mounting plugin SteamVR
LogPluginManager: Mounting plugin Synthesis
LogPluginManager: Mounting plugin WebMMoviePlayer
LogPluginManager: Mounting plugin WindowsMoviePlayer
LogPluginManager: Mounting plugin ScreenshotTools
LogInit: Using libcurl 7.55.1-DEV
LogInit:  - built for x86_64-pc-win32
LogInit:  - supports SSL with OpenSSL/1.1.1
LogInit:  - supports HTTP deflate (compression) using libz 1.2.8
LogInit:  - other features:
LogInit:      CURL_VERSION_SSL
LogInit:      CURL_VERSION_LIBZ
LogInit:      CURL_VERSION_IPV6
LogInit:      CURL_VERSION_ASYNCHDNS
LogInit:      CURL_VERSION_LARGEFILE
LogInit:      CURL_VERSION_IDN
LogInit:  CurlRequestOptions (configurable via config and command line):
LogInit:  - bVerifyPeer = true  - Libcurl will verify peer certificate
LogInit:  - bUseHttpProxy = false  - Libcurl will NOT use HTTP proxy
LogInit:  - bDontReuseConnections = false  - Libcurl will reuse connections
LogInit:  - MaxHostConnections = 16  - Libcurl will limit the number of connections to a host
LogInit:  - LocalHostAddr = Default
LogInit:  - BufferSize = 65536
LogOnline: OSS: Creating online subsystem instance for: NULL
LogInit: WinSock: version 1.1 (2.2), MaxSocks=32767, MaxUdp=65467
LogOnline: OSS: TryLoadSubsystemAndSetDefault: Loaded subsystem for module [NULL]
LogOculusPluginWrapper: OculusPlugin initialized successfully
LogHMD: Failed initializing OVRPlugin 1.44.0
LogInit: Build: ++UE4+Release-4.25-CL-14469661
LogInit: Engine Version: 4.25.4-14469661+++UE4+Release-4.25
LogInit: Compatible Engine Version: 4.25.0-13144385+++UE4+Release-4.25
LogInit: Net CL: 13144385
LogInit: OS: Windows 10 (Release 2009) (), CPU: Intel(R) Core(TM) i7-10750H CPU @ 2.60GHz, GPU: Intel(R) UHD Graphics
LogInit: Compiled (64-bit): Oct 11 2020 08:10:49
LogInit: Compiled with Visual C++: 19.24.28315.00
LogInit: Build Configuration: Development
LogInit: Branch Name: ++UE4+Release-4.25
LogInit: Command Line: 
LogInit: Base Directory: C:/Program Files/Epic Games/UE_4.25/Engine/Binaries/Win64/
LogInit: Allocator: TBB
LogInit: Installed Engine Build: 1
LogDevObjectVersion: Number of dev versions registered: 26
LogDevObjectVersion:   Dev-Blueprints (B0D832E4-1F89-4F0D-ACCF-7EB736FD4AA2): 10
LogDevObjectVersion:   Dev-Build (E1C64328-A22C-4D53-A36C-8E866417BD8C): 0
LogDevObjectVersion:   Dev-Core (375EC13C-06E4-48FB-B500-84F0262A717E): 4
LogDevObjectVersion:   Dev-Editor (E4B068ED-F494-42E9-A231-DA0B2E46BB41): 38
LogDevObjectVersion:   Dev-Framework (CFFC743F-43B0-4480-9391-14DF171D2073): 37
LogDevObjectVersion:   Dev-Mobile (B02B49B5-BB20-44E9-A304-32B752E40360): 2
LogDevObjectVersion:   Dev-Networking (A4E4105C-59A1-49B5-A7C5-40C4547EDFEE): 0
LogDevObjectVersion:   Dev-Online (39C831C9-5AE6-47DC-9A44-9C173E1C8E7C): 0
LogDevObjectVersion:   Dev-Physics (78F01B33-EBEA-4F98-B9B4-84EACCB95AA2): 4
LogDevObjectVersion:   Dev-Platform (6631380F-2D4D-43E0-8009-CF276956A95A): 0
LogDevObjectVersion:   Dev-Rendering (12F88B9F-8875-4AFC-A67C-D90C383ABD29): 43
LogDevObjectVersion:   Dev-Sequencer (7B5AE74C-D270-4C10-A958-57980B212A5A): 12
LogDevObjectVersion:   Dev-VR (D7296918-1DD6-4BDD-9DE2-64A83CC13884): 3
LogDevObjectVersion:   Dev-LoadTimes (C2A15278-BFE7-4AFE-6C17-90FF531DF755): 1
LogDevObjectVersion:   Private-Geometry (6EACA3D4-40EC-4CC1-B786-8BED09428FC5): 3
LogDevObjectVersion:   Dev-AnimPhys (29E575DD-E0A3-4627-9D10-D276232CDCEA): 17
LogDevObjectVersion:   Dev-Anim (AF43A65D-7FD3-4947-9873-3E8ED9C1BB05): 7
LogDevObjectVersion:   Dev-ReflectionCapture (6B266CEC-1EC7-4B8F-A30B-E4D90942FC07): 1
LogDevObjectVersion:   Dev-Automation (0DF73D61-A23F-47EA-B727-89E90C41499A): 1
LogDevObjectVersion:   FortniteMain (601D1886-AC64-4F84-AA16-D3DE0DEAC7D6): 31
LogDevObjectVersion:   Dev-Enterprise (9DFFBCD6-494F-0158-E221-12823C92A888): 10
LogDevObjectVersion:   Dev-Niagara (F2AED0AC-9AFE-416F-8664-AA7FFA26D6FC): 1
LogDevObjectVersion:   Dev-Destruction (174F1F0B-B4C6-45A5-B13F-2EE8D0FB917D): 10
LogDevObjectVersion:   Dev-Physics-Ext (35F94A83-E258-406C-A318-09F59610247C): 37
LogDevObjectVersion:   Dev-PhysicsMaterial-Chaos (B68FC16E-8B1B-42E2-B453-215C058844FE): 1
LogDevObjectVersion:   Dev-CineCamera (B2E18506-4273-CFC2-A54E-F4BB758BBA07): 1
LogInit: Presizing for max 25165824 objects, including 0 objects not considered by GC, pre-allocating 0 bytes for permanent pool.
LogConfig: Applying CVar settings from Section [/Script/Engine.StreamingSettings] File [C:/Users/julia/Documents/Unreal Projects/Scoop/ScoopPortals/Scoop/Saved/Config/Windows/Engine.ini]
LogConfig: Setting CVar [[s.MinBulkDataSizeForAsyncLoading:131072]]
LogConfig: Setting CVar [[s.AsyncLoadingThreadEnabled:0]]
LogConfig: Setting CVar [[s.EventDrivenLoaderEnabled:1]]
LogConfig: Setting CVar [[s.WarnIfTimeLimitExceeded:0]]
LogConfig: Setting CVar [[s.TimeLimitExceededMultiplier:1.5]]
LogConfig: Setting CVar [[s.TimeLimitExceededMinTime:0.005]]
LogConfig: Setting CVar [[s.UseBackgroundLevelStreaming:1]]
LogConfig: Setting CVar [[s.PriorityAsyncLoadingExtraTime:15.0]]
LogConfig: Setting CVar [[s.LevelStreamingActorsUpdateTimeLimit:5.0]]
LogConfig: Setting CVar [[s.PriorityLevelStreamingActorsUpdateExtraTime:5.0]]
LogConfig: Setting CVar [[s.LevelStreamingComponentsRegistrationGranularity:10]]
LogConfig: Setting CVar [[s.UnregisterComponentsTimeLimit:1.0]]
LogConfig: Setting CVar [[s.LevelStreamingComponentsUnregistrationGranularity:5]]
LogConfig: Setting CVar [[s.FlushStreamingOnExit:1]]
LogInit: Object subsystem initialized
LogConfig: Setting CVar [[con.DebugEarlyDefault:1]]
LogConfig: Setting CVar [[r.setres:1280x720]]
[2021.04.06-09.55.36:269][  0]LogConfig: Setting CVar [[r.VSync:0]]
[2021.04.06-09.55.36:269][  0]LogConfig: Setting CVar [[r.RHICmdBypass:0]]
[2021.04.06-09.55.36:269][  0]LogConfig: Applying CVar settings from Section [/Script/Engine.RendererSettings] File [C:/Users/julia/Documents/Unreal Projects/Scoop/ScoopPortals/Scoop/Saved/Config/Windows/Engine.ini]
[2021.04.06-09.55.36:269][  0]LogConfig: Setting CVar [[r.GPUCrashDebugging:0]]
[2021.04.06-09.55.36:269][  0]LogConfig: Setting CVar [[r.DefaultFeature.AutoExposure.ExtendDefaultLuminanceRange:1]]
[2021.04.06-09.55.36:269][  0]LogConfig: Setting CVar [[r.CustomDepth:3]]
[2021.04.06-09.55.36:269][  0]LogConfig: Setting CVar [[r.DefaultFeature.MotionBlur:0]]
[2021.04.06-09.55.36:269][  0]LogConfig: Setting CVar [[r.DefaultFeature.AutoExposure:0]]
[2021.04.06-09.55.36:269][  0]LogConfig: Setting CVar [[r.DefaultFeature.AntiAliasing:1]]
[2021.04.06-09.55.36:269][  0]LogConfig: Setting CVar [[r.AllowGlobalClipPlane:1]]
[2021.04.06-09.55.36:269][  0]LogConfig: Applying CVar settings from Section [/Script/Engine.RendererOverrideSettings] File [C:/Users/julia/Documents/Unreal Projects/Scoop/ScoopPortals/Scoop/Saved/Config/Windows/Engine.ini]
[2021.04.06-09.55.36:269][  0]LogConfig: Applying CVar settings from Section [/Script/Engine.StreamingSettings] File [C:/Users/julia/Documents/Unreal Projects/Scoop/ScoopPortals/Scoop/Saved/Config/Windows/Engine.ini]
[2021.04.06-09.55.36:269][  0]LogConfig: Setting CVar [[s.MinBulkDataSizeForAsyncLoading:131072]]
[2021.04.06-09.55.36:269][  0]LogConfig: Setting CVar [[s.AsyncLoadingThreadEnabled:0]]
[2021.04.06-09.55.36:269][  0]LogConfig: Setting CVar [[s.EventDrivenLoaderEnabled:1]]
[2021.04.06-09.55.36:269][  0]LogConfig: Setting CVar [[s.WarnIfTimeLimitExceeded:0]]
[2021.04.06-09.55.36:269][  0]LogConfig: Setting CVar [[s.TimeLimitExceededMultiplier:1.5]]
[2021.04.06-09.55.36:269][  0]LogConfig: Setting CVar [[s.TimeLimitExceededMinTime:0.005]]
[2021.04.06-09.55.36:269][  0]LogConfig: Setting CVar [[s.UseBackgroundLevelStreaming:1]]
[2021.04.06-09.55.36:269][  0]LogConfig: Setting CVar [[s.PriorityAsyncLoadingExtraTime:15.0]]
[2021.04.06-09.55.36:269][  0]LogConfig: Setting CVar [[s.LevelStreamingActorsUpdateTimeLimit:5.0]]
[2021.04.06-09.55.36:269][  0]LogConfig: Setting CVar [[s.PriorityLevelStreamingActorsUpdateExtraTime:5.0]]
[2021.04.06-09.55.36:269][  0]LogConfig: Setting CVar [[s.LevelStreamingComponentsRegistrationGranularity:10]]
[2021.04.06-09.55.36:269][  0]LogConfig: Setting CVar [[s.UnregisterComponentsTimeLimit:1.0]]
[2021.04.06-09.55.36:269][  0]LogConfig: Setting CVar [[s.LevelStreamingComponentsUnregistrationGranularity:5]]
[2021.04.06-09.55.36:269][  0]LogConfig: Setting CVar [[s.FlushStreamingOnExit:1]]
[2021.04.06-09.55.36:269][  0]LogConfig: Applying CVar settings from Section [/Script/Engine.GarbageCollectionSettings] File [C:/Users/julia/Documents/Unreal Projects/Scoop/ScoopPortals/Scoop/Saved/Config/Windows/Engine.ini]
[2021.04.06-09.55.36:269][  0]LogConfig: Setting CVar [[gc.MaxObjectsNotConsideredByGC:1]]
[2021.04.06-09.55.36:269][  0]LogConfig: Setting CVar [[gc.SizeOfPermanentObjectPool:0]]
[2021.04.06-09.55.36:269][  0]LogConfig: Setting CVar [[gc.FlushStreamingOnGC:0]]
[2021.04.06-09.55.36:269][  0]LogConfig: Setting CVar [[gc.NumRetriesBeforeForcingGC:10]]
[2021.04.06-09.55.36:269][  0]LogConfig: Setting CVar [[gc.AllowParallelGC:1]]
[2021.04.06-09.55.36:269][  0]LogConfig: Setting CVar [[gc.TimeBetweenPurgingPendingKillObjects:61.1]]
[2021.04.06-09.55.36:269][  0]LogConfig: Setting CVar [[gc.MaxObjectsInEditor:25165824]]
[2021.04.06-09.55.36:269][  0]LogConfig: Setting CVar [[gc.IncrementalBeginDestroyEnabled:1]]
[2021.04.06-09.55.36:269][  0]LogConfig: Setting CVar [[gc.CreateGCClusters:1]]
[2021.04.06-09.55.36:269][  0]LogConfig: Setting CVar [[gc.MinGCClusterSize:5]]
[2021.04.06-09.55.36:269][  0]LogConfig: Setting CVar [[gc.ActorClusteringEnabled:0]]
[2021.04.06-09.55.36:269][  0]LogConfig: Setting CVar [[gc.BlueprintClusteringEnabled:0]]
[2021.04.06-09.55.36:269][  0]LogConfig: Setting CVar [[gc.UseDisregardForGCOnDedicatedServers:0]]
[2021.04.06-09.55.36:270][  0]LogConfig: Applying CVar settings from Section [/Script/Engine.NetworkSettings] File [C:/Users/julia/Documents/Unreal Projects/Scoop/ScoopPortals/Scoop/Saved/Config/Windows/Engine.ini]
[2021.04.06-09.55.36:270][  0]LogConfig: Applying CVar settings from Section [/Script/UnrealEd.CookerSettings] File [C:/Users/julia/Documents/Unreal Projects/Scoop/ScoopPortals/Scoop/Saved/Config/Windows/Engine.ini]
[2021.04.06-09.55.36:273][  0]LogConfig: Applying CVar settings from Section [ViewDistanceQuality@3] File [C:/Users/julia/Documents/Unreal Projects/Scoop/ScoopPortals/Scoop/Saved/Config/Windows/Scalability.ini]
[2021.04.06-09.55.36:273][  0]LogConfig: Setting CVar [[r.SkeletalMeshLODBias:0]]
[2021.04.06-09.55.36:273][  0]LogConfig: Setting CVar [[r.ViewDistanceScale:1.0]]
[2021.04.06-09.55.36:273][  0]LogConfig: Applying CVar settings from Section [AntiAliasingQuality@3] File [C:/Users/julia/Documents/Unreal Projects/Scoop/ScoopPortals/Scoop/Saved/Config/Windows/Scalability.ini]
[2021.04.06-09.55.36:273][  0]LogConfig: Setting CVar [[r.PostProcessAAQuality:4]]
[2021.04.06-09.55.36:273][  0]LogConfig: Applying CVar settings from Section [ShadowQuality@3] File [C:/Users/julia/Documents/Unreal Projects/Scoop/ScoopPortals/Scoop/Saved/Config/Windows/Scalability.ini]
[2021.04.06-09.55.36:273][  0]LogConfig: Setting CVar [[r.LightFunctionQuality:1]]
[2021.04.06-09.55.36:273][  0]LogConfig: Setting CVar [[r.ShadowQuality:5]]
[2021.04.06-09.55.36:273][  0]LogConfig: Setting CVar [[r.Shadow.CSM.MaxCascades:10]]
[2021.04.06-09.55.36:273][  0]LogConfig: Setting CVar [[r.Shadow.MaxResolution:2048]]
[2021.04.06-09.55.36:273][  0]LogConfig: Setting CVar [[r.Shadow.MaxCSMResolution:2048]]
[2021.04.06-09.55.36:273][  0]LogConfig: Setting CVar [[r.Shadow.RadiusThreshold:0.01]]
[2021.04.06-09.55.36:273][  0]LogConfig: Setting CVar [[r.Shadow.DistanceScale:1.0]]
[2021.04.06-09.55.36:273][  0]LogConfig: Setting CVar [[r.Shadow.CSM.TransitionScale:1.0]]
[2021.04.06-09.55.36:273][  0]LogConfig: Setting CVar [[r.Shadow.PreShadowResolutionFactor:1.0]]
[2021.04.06-09.55.36:273][  0]LogConfig: Setting CVar [[r.DistanceFieldShadowing:1]]
[2021.04.06-09.55.36:273][  0]LogConfig: Setting CVar [[r.DistanceFieldAO:1]]
[2021.04.06-09.55.36:273][  0]LogConfig: Setting CVar [[r.AOQuality:2]]
[2021.04.06-09.55.36:273][  0]LogConfig: Setting CVar [[r.VolumetricFog:1]]
[2021.04.06-09.55.36:273][  0]LogConfig: Setting CVar [[r.VolumetricFog.GridPixelSize:8]]
[2021.04.06-09.55.36:273][  0]LogConfig: Setting CVar [[r.VolumetricFog.GridSizeZ:128]]
[2021.04.06-09.55.36:273][  0]LogConfig: Setting CVar [[r.VolumetricFog.HistoryMissSupersampleCount:4]]
[2021.04.06-09.55.36:273][  0]LogConfig: Setting CVar [[r.LightMaxDrawDistanceScale:1]]
[2021.04.06-09.55.36:273][  0]LogConfig: Setting CVar [[r.CapsuleShadows:1]]
[2021.04.06-09.55.36:273][  0]LogConfig: Applying CVar settings from Section [PostProcessQuality@3] File [C:/Users/julia/Documents/Unreal Projects/Scoop/ScoopPortals/Scoop/Saved/Config/Windows/Scalability.ini]
[2021.04.06-09.55.36:273][  0]LogConfig: Setting CVar [[r.MotionBlurQuality:4]]
[2021.04.06-09.55.36:273][  0]LogConfig: Setting CVar [[r.AmbientOcclusionMipLevelFactor:0.4]]
[2021.04.06-09.55.36:273][  0]LogConfig: Setting CVar [[r.AmbientOcclusionMaxQuality:100]]
[2021.04.06-09.55.36:273][  0]LogConfig: Setting CVar [[r.AmbientOcclusionLevels:-1]]
[2021.04.06-09.55.36:273][  0]LogConfig: Setting CVar [[r.AmbientOcclusionRadiusScale:1.0]]
[2021.04.06-09.55.36:273][  0]LogConfig: Setting CVar [[r.DepthOfFieldQuality:2]]
[2021.04.06-09.55.36:273][  0]LogConfig: Setting CVar [[r.RenderTargetPoolMin:400]]
[2021.04.06-09.55.36:273][  0]LogConfig: Setting CVar [[r.LensFlareQuality:2]]
[2021.04.06-09.55.36:273][  0]LogConfig: Setting CVar [[r.SceneColorFringeQuality:1]]
[2021.04.06-09.55.36:273][  0]LogConfig: Setting CVar [[r.EyeAdaptationQuality:2]]
[2021.04.06-09.55.36:273][  0]LogConfig: Setting CVar [[r.BloomQuality:5]]
[2021.04.06-09.55.36:273][  0]LogConfig: Setting CVar [[r.FastBlurThreshold:100]]
[2021.04.06-09.55.36:273][  0]LogConfig: Setting CVar [[r.Upscale.Quality:3]]
[2021.04.06-09.55.36:273][  0]LogConfig: Setting CVar [[r.Tonemapper.GrainQuantization:1]]
[2021.04.06-09.55.36:273][  0]LogConfig: Setting CVar [[r.LightShaftQuality:1]]
[2021.04.06-09.55.36:273][  0]LogConfig: Setting CVar [[r.Filter.SizeScale:1]]
[2021.04.06-09.55.36:273][  0]LogConfig: Setting CVar [[r.Tonemapper.Quality:5]]
[2021.04.06-09.55.36:273][  0]LogConfig: Setting CVar [[r.DOF.Gather.AccumulatorQuality:1        ; higher gathering accumulator quality]]
[2021.04.06-09.55.36:273][  0]LogConfig: Setting CVar [[r.DOF.Gather.PostfilterMethod:1          ; Median3x3 postfilering method]]
[2021.04.06-09.55.36:273][  0]LogConfig: Setting CVar [[r.DOF.Gather.EnableBokehSettings:0       ; no bokeh simulation when gathering]]
[2021.04.06-09.55.36:273][  0]LogConfig: Setting CVar [[r.DOF.Gather.RingCount:4                 ; medium number of samples when gathering]]
[2021.04.06-09.55.36:273][  0]LogConfig: Setting CVar [[r.DOF.Scatter.ForegroundCompositing:1    ; additive foreground scattering]]
[2021.04.06-09.55.36:273][  0]LogConfig: Setting CVar [[r.DOF.Scatter.BackgroundCompositing:2    ; additive background scattering]]
[2021.04.06-09.55.36:273][  0]LogConfig: Setting CVar [[r.DOF.Scatter.EnableBokehSettings:1      ; bokeh simulation when scattering]]
[2021.04.06-09.55.36:273][  0]LogConfig: Setting CVar [[r.DOF.Scatter.MaxSpriteRatio:0.1         ; only a maximum of 10% of scattered bokeh]]
[2021.04.06-09.55.36:273][  0]LogConfig: Setting CVar [[r.DOF.Recombine.Quality:1                ; cheap slight out of focus]]
[2021.04.06-09.55.36:273][  0]LogConfig: Setting CVar [[r.DOF.Recombine.EnableBokehSettings:0    ; no bokeh simulation on slight out of focus]]
[2021.04.06-09.55.36:273][  0]LogConfig: Setting CVar [[r.DOF.TemporalAAQuality:1                ; more stable temporal accumulation]]
[2021.04.06-09.55.36:273][  0]LogConfig: Setting CVar [[r.DOF.Kernel.MaxForegroundRadius:0.025]]
[2021.04.06-09.55.36:273][  0]LogConfig: Setting CVar [[r.DOF.Kernel.MaxBackgroundRadius:0.025]]
[2021.04.06-09.55.36:273][  0]LogConfig: Applying CVar settings from Section [TextureQuality@3] File [C:/Users/julia/Documents/Unreal Projects/Scoop/ScoopPortals/Scoop/Saved/Config/Windows/Scalability.ini]
[2021.04.06-09.55.36:273][  0]LogConfig: Setting CVar [[r.Streaming.MipBias:0]]
[2021.04.06-09.55.36:273][  0]LogConfig: Setting CVar [[r.Streaming.AmortizeCPUToGPUCopy:0]]
[2021.04.06-09.55.36:273][  0]LogConfig: Setting CVar [[r.Streaming.MaxNumTexturesToStreamPerFrame:0]]
[2021.04.06-09.55.36:273][  0]LogConfig: Setting CVar [[r.Streaming.Boost:1]]
[2021.04.06-09.55.36:273][  0]LogConfig: Setting CVar [[r.MaxAnisotropy:8]]
[2021.04.06-09.55.36:273][  0]LogConfig: Setting CVar [[r.VT.MaxAnisotropy:8]]
[2021.04.06-09.55.36:273][  0]LogConfig: Setting CVar [[r.Streaming.LimitPoolSizeToVRAM:0]]
[2021.04.06-09.55.36:273][  0]LogConfig: Setting CVar [[r.Streaming.PoolSize:1000]]
[2021.04.06-09.55.36:273][  0]LogConfig: Setting CVar [[r.Streaming.MaxEffectiveScreenSize:0]]
[2021.04.06-09.55.36:273][  0]LogConfig: Applying CVar settings from Section [EffectsQuality@3] File [C:/Users/julia/Documents/Unreal Projects/Scoop/ScoopPortals/Scoop/Saved/Config/Windows/Scalability.ini]
[2021.04.06-09.55.36:273][  0]LogConfig: Setting CVar [[r.TranslucencyLightingVolumeDim:64]]
[2021.04.06-09.55.36:273][  0]LogConfig: Setting CVar [[r.RefractionQuality:2]]
[2021.04.06-09.55.36:273][  0]LogConfig: Setting CVar [[r.SSR.Quality:3]]
[2021.04.06-09.55.36:273][  0]LogConfig: Setting CVar [[r.SSR.HalfResSceneColor:0]]
[2021.04.06-09.55.36:273][  0]LogConfig: Setting CVar [[r.SceneColorFormat:4]]
[2021.04.06-09.55.36:273][  0]LogConfig: Setting CVar [[r.DetailMode:2]]
[2021.04.06-09.55.36:273][  0]LogConfig: Setting CVar [[r.TranslucencyVolumeBlur:1]]
[2021.04.06-09.55.36:273][  0]LogConfig: Setting CVar [[r.MaterialQualityLevel:1 ; High quality]]
[2021.04.06-09.55.36:273][  0]LogConfig: Setting CVar [[r.SSS.Scale:1]]
[2021.04.06-09.55.36:274][  0]LogConfig: Setting CVar [[r.SSS.SampleSet:2]]
[2021.04.06-09.55.36:274][  0]LogConfig: Setting CVar [[r.SSS.Quality:1]]
[2021.04.06-09.55.36:274][  0]LogConfig: Setting CVar [[r.SSS.HalfRes:0]]
[2021.04.06-09.55.36:274][  0]LogConfig: Setting CVar [[r.SSGI.Quality:3]]
[2021.04.06-09.55.36:274][  0]LogConfig: Setting CVar [[r.EmitterSpawnRateScale:1.0]]
[2021.04.06-09.55.36:274][  0]LogConfig: Setting CVar [[r.ParticleLightQuality:2]]
[2021.04.06-09.55.36:274][  0]LogConfig: Setting CVar [[r.SkyAtmosphere.AerialPerspectiveLUT.FastApplyOnOpaque:1 ; Always have FastSkyLUT 1 in this case to avoid wrong sky]]
[2021.04.06-09.55.36:274][  0]LogConfig: Setting CVar [[r.SkyAtmosphere.AerialPerspectiveLUT.SampleCountPerSlice:1]]
[2021.04.06-09.55.36:274][  0]LogConfig: Setting CVar [[r.SkyAtmosphere.AerialPerspectiveLUT.DepthResolution:16.0]]
[2021.04.06-09.55.36:274][  0]LogConfig: Setting CVar [[r.SkyAtmosphere.FastSkyLUT:1]]
[2021.04.06-09.55.36:274][  0]LogConfig: Setting CVar [[r.SkyAtmosphere.FastSkyLUT.SampleCountMin:4.0]]
[2021.04.06-09.55.36:274][  0]LogConfig: Setting CVar [[r.SkyAtmosphere.FastSkyLUT.SampleCountMax:32.0]]
[2021.04.06-09.55.36:274][  0]LogConfig: Setting CVar [[r.SkyAtmosphere.SampleCountMin:4.0]]
[2021.04.06-09.55.36:274][  0]LogConfig: Setting CVar [[r.SkyAtmosphere.SampleCountMax:32.0]]
[2021.04.06-09.55.36:274][  0]LogConfig: Setting CVar [[r.SkyAtmosphere.TransmittanceLUT.UseSmallFormat:0]]
[2021.04.06-09.55.36:274][  0]LogConfig: Setting CVar [[r.SkyAtmosphere.TransmittanceLUT.SampleCount:10.0]]
[2021.04.06-09.55.36:274][  0]LogConfig: Setting CVar [[r.SkyAtmosphere.MultiScatteringLUT.SampleCount:15.0]]
[2021.04.06-09.55.36:274][  0]LogConfig: Applying CVar settings from Section [FoliageQuality@3] File [C:/Users/julia/Documents/Unreal Projects/Scoop/ScoopPortals/Scoop/Saved/Config/Windows/Scalability.ini]
[2021.04.06-09.55.36:274][  0]LogConfig: Setting CVar [[foliage.DensityScale:1.0]]
[2021.04.06-09.55.36:274][  0]LogConfig: Setting CVar [[grass.DensityScale:1.0]]
[2021.04.06-09.55.36:274][  0]LogConfig: Applying CVar settings from Section [ShadingQuality@3] File [C:/Users/julia/Documents/Unreal Projects/Scoop/ScoopPortals/Scoop/Saved/Config/Windows/Scalability.ini]
[2021.04.06-09.55.36:274][  0]LogConfig: Setting CVar [[r.HairStrands.SkyLighting.SampleCount:16]]
[2021.04.06-09.55.36:274][  0]LogConfig: Setting CVar [[r.HairStrands.SkyLighting.JitterIntegration:0]]
[2021.04.06-09.55.36:274][  0]LogConfig: Setting CVar [[r.HairStrands.SkyAO.SampleCount:16]]
[2021.04.06-09.55.36:274][  0]LogConfig: Setting CVar [[r.HairStrands.DeepShadow.SuperSampling:0]]
[2021.04.06-09.55.36:274][  0]LogConfig: Setting CVar [[r.HairStrands.VisibilityPPLL:0]]
[2021.04.06-09.55.36:274][  0]LogConfig: Setting CVar [[r.HairStrands.RasterizationScale:0.5]]
[2021.04.06-09.55.36:274][  0]LogConfig: Setting CVar [[r.HairStrands.VelocityRasterizationScale:1]]
[2021.04.06-09.55.36:274][  0]LogInit: Selected Device Profile: [Windows]
[2021.04.06-09.55.36:274][  0]LogInit: Applying CVar settings loaded from the selected device profile: [Windows]
[2021.04.06-09.55.36:274][  0]LogHAL: Display: Platform has ~ 16 GB [16992124928 / 17179869184 / 16], which maps to Larger [LargestMinGB=32, LargerMinGB=12, DefaultMinGB=8, SmallerMinGB=6, SmallestMinGB=0)
[2021.04.06-09.55.36:274][  0]LogInit: Going up to parent DeviceProfile []
[2021.04.06-09.55.36:274][  0]LogConfig: Applying CVar settings from Section [ViewDistanceQuality@Cine] File [C:/Users/julia/Documents/Unreal Projects/Scoop/ScoopPortals/Scoop/Saved/Config/Windows/Scalability.ini]
[2021.04.06-09.55.36:274][  0]LogConfig: Setting CVar [[r.SkeletalMeshLODBias:0]]
[2021.04.06-09.55.36:274][  0]LogConfig: Setting CVar [[r.ViewDistanceScale:10.0]]
[2021.04.06-09.55.36:274][  0]LogConfig: Applying CVar settings from Section [AntiAliasingQuality@Cine] File [C:/Users/julia/Documents/Unreal Projects/Scoop/ScoopPortals/Scoop/Saved/Config/Windows/Scalability.ini]
[2021.04.06-09.55.36:274][  0]LogConfig: Setting CVar [[r.PostProcessAAQuality:6]]
[2021.04.06-09.55.36:274][  0]LogConfig: Applying CVar settings from Section [ShadowQuality@Cine] File [C:/Users/julia/Documents/Unreal Projects/Scoop/ScoopPortals/Scoop/Saved/Config/Windows/Scalability.ini]
[2021.04.06-09.55.36:274][  0]LogConfig: Setting CVar [[r.LightFunctionQuality:1]]
[2021.04.06-09.55.36:274][  0]LogConfig: Setting CVar [[r.ShadowQuality:5]]
[2021.04.06-09.55.36:274][  0]LogConfig: Setting CVar [[r.Shadow.CSM.MaxCascades:10]]
[2021.04.06-09.55.36:274][  0]LogConfig: Setting CVar [[r.Shadow.MaxResolution:4096]]
[2021.04.06-09.55.36:274][  0]LogConfig: Setting CVar [[r.Shadow.MaxCSMResolution:4096]]
[2021.04.06-09.55.36:274][  0]LogConfig: Setting CVar [[r.Shadow.RadiusThreshold:0]]
[2021.04.06-09.55.36:274][  0]LogConfig: Setting CVar [[r.Shadow.DistanceScale:1.0]]
[2021.04.06-09.55.36:274][  0]LogConfig: Setting CVar [[r.Shadow.CSM.TransitionScale:1.0]]
[2021.04.06-09.55.36:274][  0]LogConfig: Setting CVar [[r.Shadow.PreShadowResolutionFactor:1.0]]
[2021.04.06-09.55.36:274][  0]LogConfig: Setting CVar [[r.DistanceFieldShadowing:1]]
[2021.04.06-09.55.36:274][  0]LogConfig: Setting CVar [[r.DistanceFieldAO:1]]
[2021.04.06-09.55.36:274][  0]LogConfig: Setting CVar [[r.AOQuality:2]]
[2021.04.06-09.55.36:274][  0]LogConfig: Setting CVar [[r.VolumetricFog:1]]
[2021.04.06-09.55.36:274][  0]LogConfig: Setting CVar [[r.VolumetricFog.GridPixelSize:4]]
[2021.04.06-09.55.36:274][  0]LogConfig: Setting CVar [[r.VolumetricFog.GridSizeZ:128]]
[2021.04.06-09.55.36:274][  0]LogConfig: Setting CVar [[r.VolumetricFog.HistoryMissSupersampleCount:16]]
[2021.04.06-09.55.36:274][  0]LogConfig: Setting CVar [[r.LightMaxDrawDistanceScale:1]]
[2021.04.06-09.55.36:274][  0]LogConfig: Setting CVar [[r.CapsuleShadows:1]]
[2021.04.06-09.55.36:274][  0]LogConfig: Applying CVar settings from Section [PostProcessQuality@Cine] File [C:/Users/julia/Documents/Unreal Projects/Scoop/ScoopPortals/Scoop/Saved/Config/Windows/Scalability.ini]
[2021.04.06-09.55.36:274][  0]LogConfig: Setting CVar [[r.MotionBlurQuality:4]]
[2021.04.06-09.55.36:274][  0]LogConfig: Setting CVar [[r.AmbientOcclusionMipLevelFactor:0.4]]
[2021.04.06-09.55.36:274][  0]LogConfig: Setting CVar [[r.AmbientOcclusionMaxQuality:100]]
[2021.04.06-09.55.36:274][  0]LogConfig: Setting CVar [[r.AmbientOcclusionLevels:-1]]
[2021.04.06-09.55.36:274][  0]LogConfig: Setting CVar [[r.AmbientOcclusionRadiusScale:1.0]]
[2021.04.06-09.55.36:274][  0]LogConfig: Setting CVar [[r.DepthOfFieldQuality:4]]
[2021.04.06-09.55.36:274][  0]LogConfig: Setting CVar [[r.RenderTargetPoolMin:1000]]
[2021.04.06-09.55.36:274][  0]LogConfig: Setting CVar [[r.LensFlareQuality:3]]
[2021.04.06-09.55.36:274][  0]LogConfig: Setting CVar [[r.SceneColorFringeQuality:1]]
[2021.04.06-09.55.36:274][  0]LogConfig: Setting CVar [[r.EyeAdaptationQuality:2]]
[2021.04.06-09.55.36:274][  0]LogConfig: Setting CVar [[r.BloomQuality:5]]
[2021.04.06-09.55.36:274][  0]LogConfig: Setting CVar [[r.FastBlurThreshold:100]]
[2021.04.06-09.55.36:274][  0]LogConfig: Setting CVar [[r.Upscale.Quality:3]]
[2021.04.06-09.55.36:274][  0]LogConfig: Setting CVar [[r.Tonemapper.GrainQuantization:1]]
[2021.04.06-09.55.36:274][  0]LogConfig: Setting CVar [[r.LightShaftQuality:1]]
[2021.04.06-09.55.36:274][  0]LogConfig: Setting CVar [[r.Filter.SizeScale:1]]
[2021.04.06-09.55.36:274][  0]LogConfig: Setting CVar [[r.Tonemapper.Quality:5]]
[2021.04.06-09.55.36:274][  0]LogConfig: Setting CVar [[r.DOF.Gather.AccumulatorQuality:1        ; higher gathering accumulator quality]]
[2021.04.06-09.55.36:274][  0]LogConfig: Setting CVar [[r.DOF.Gather.PostfilterMethod:1          ; Median3x3 postfilering method]]
[2021.04.06-09.55.36:274][  0]LogConfig: Setting CVar [[r.DOF.Gather.EnableBokehSettings:1       ; bokeh simulation when gathering]]
[2021.04.06-09.55.36:274][  0]LogConfig: Setting CVar [[r.DOF.Gather.RingCount:5                 ; high number of samples when gathering]]
[2021.04.06-09.55.36:274][  0]LogConfig: Setting CVar [[r.DOF.Scatter.ForegroundCompositing:1    ; additive foreground scattering]]
[2021.04.06-09.55.36:274][  0]LogConfig: Setting CVar [[r.DOF.Scatter.BackgroundCompositing:2    ; background scattering occlusion]]
[2021.04.06-09.55.36:274][  0]LogConfig: Setting CVar [[r.DOF.Scatter.EnableBokehSettings:1      ; no bokeh simulation when scattering]]
[2021.04.06-09.55.36:274][  0]LogConfig: Setting CVar [[r.DOF.Scatter.MaxSpriteRatio:0.25        ; only a maximum of 10% of scattered bokeh]]
[2021.04.06-09.55.36:274][  0]LogConfig: Setting CVar [[r.DOF.Recombine.Quality:2                ; highest slight out of focus]]
[2021.04.06-09.55.36:274][  0]LogConfig: Setting CVar [[r.DOF.Recombine.EnableBokehSettings:1    ; bokeh simulation on slight out of focus]]
[2021.04.06-09.55.36:274][  0]LogConfig: Setting CVar [[r.DOF.TemporalAAQuality:1                ; more stable temporal accumulation]]
[2021.04.06-09.55.36:274][  0]LogConfig: Setting CVar [[r.DOF.Kernel.MaxForegroundRadius:0.025]]
[2021.04.06-09.55.36:274][  0]LogConfig: Setting CVar [[r.DOF.Kernel.MaxBackgroundRadius:0.025]]
[2021.04.06-09.55.36:274][  0]LogConfig: Applying CVar settings from Section [TextureQuality@Cine] File [C:/Users/julia/Documents/Unreal Projects/Scoop/ScoopPortals/Scoop/Saved/Config/Windows/Scalability.ini]
[2021.04.06-09.55.36:274][  0]LogConfig: Setting CVar [[r.Streaming.MipBias:0]]
[2021.04.06-09.55.36:274][  0]LogConfig: Setting CVar [[r.Streaming.AmortizeCPUToGPUCopy:0]]
[2021.04.06-09.55.36:274][  0]LogConfig: Setting CVar [[r.Streaming.MaxNumTexturesToStreamPerFrame:0]]
[2021.04.06-09.55.36:275][  0]LogConfig: Setting CVar [[r.Streaming.Boost:1]]
[2021.04.06-09.55.36:275][  0]LogConfig: Setting CVar [[r.MaxAnisotropy:8]]
[2021.04.06-09.55.36:275][  0]LogConfig: Setting CVar [[r.VT.MaxAnisotropy:8]]
[2021.04.06-09.55.36:275][  0]LogConfig: Setting CVar [[r.Streaming.LimitPoolSizeToVRAM:0]]
[2021.04.06-09.55.36:275][  0]LogConfig: Setting CVar [[r.Streaming.PoolSize:3000]]
[2021.04.06-09.55.36:275][  0]LogConfig: Setting CVar [[r.Streaming.MaxEffectiveScreenSize:0]]
[2021.04.06-09.55.36:275][  0]LogConfig: Applying CVar settings from Section [EffectsQuality@Cine] File [C:/Users/julia/Documents/Unreal Projects/Scoop/ScoopPortals/Scoop/Saved/Config/Windows/Scalability.ini]
[2021.04.06-09.55.36:275][  0]LogConfig: Setting CVar [[r.TranslucencyLightingVolumeDim:64]]
[2021.04.06-09.55.36:275][  0]LogConfig: Setting CVar [[r.RefractionQuality:2]]
[2021.04.06-09.55.36:275][  0]LogConfig: Setting CVar [[r.SSR.Quality:4]]
[2021.04.06-09.55.36:275][  0]LogConfig: Setting CVar [[r.SSR.HalfResSceneColor:0]]
[2021.04.06-09.55.36:275][  0]LogConfig: Setting CVar [[r.SceneColorFormat:4]]
[2021.04.06-09.55.36:275][  0]LogConfig: Setting CVar [[r.DetailMode:2]]
[2021.04.06-09.55.36:275][  0]LogConfig: Setting CVar [[r.TranslucencyVolumeBlur:1]]
[2021.04.06-09.55.36:275][  0]LogConfig: Setting CVar [[r.MaterialQualityLevel:1 ; High quality]]
[2021.04.06-09.55.36:275][  0]LogConfig: Setting CVar [[r.SSS.Scale:1]]
[2021.04.06-09.55.36:275][  0]LogConfig: Setting CVar [[r.SSS.SampleSet:2]]
[2021.04.06-09.55.36:275][  0]LogConfig: Setting CVar [[r.SSS.Quality:1]]
[2021.04.06-09.55.36:275][  0]LogConfig: Setting CVar [[r.SSS.HalfRes:0]]
[2021.04.06-09.55.36:275][  0]LogConfig: Setting CVar [[r.SSGI.Quality:4]]
[2021.04.06-09.55.36:275][  0]LogConfig: Setting CVar [[r.EmitterSpawnRateScale:1.0]]
[2021.04.06-09.55.36:275][  0]LogConfig: Setting CVar [[r.ParticleLightQuality:2]]
[2021.04.06-09.55.36:275][  0]LogConfig: Setting CVar [[r.SkyAtmosphere.AerialPerspectiveLUT.FastApplyOnOpaque:0]]
[2021.04.06-09.55.36:275][  0]LogConfig: Setting CVar [[r.SkyAtmosphere.AerialPerspectiveLUT.SampleCountPerSlice:2]]
[2021.04.06-09.55.36:275][  0]LogConfig: Setting CVar [[r.SkyAtmosphere.AerialPerspectiveLUT.DepthResolution:32.0]]
[2021.04.06-09.55.36:275][  0]LogConfig: Setting CVar [[r.SkyAtmosphere.FastSkyLUT:0]]
[2021.04.06-09.55.36:275][  0]LogConfig: Setting CVar [[r.SkyAtmosphere.FastSkyLUT.SampleCountMin:4.0]]
[2021.04.06-09.55.36:275][  0]LogConfig: Setting CVar [[r.SkyAtmosphere.FastSkyLUT.SampleCountMax:32.0]]
[2021.04.06-09.55.36:275][  0]LogConfig: Setting CVar [[r.SkyAtmosphere.SampleCountMin:8.0]]
[2021.04.06-09.55.36:275][  0]LogConfig: Setting CVar [[r.SkyAtmosphere.SampleCountMax:32.0]]
[2021.04.06-09.55.36:275][  0]LogConfig: Setting CVar [[r.SkyAtmosphere.TransmittanceLUT.UseSmallFormat:0]]
[2021.04.06-09.55.36:275][  0]LogConfig: Setting CVar [[r.SkyAtmosphere.TransmittanceLUT.SampleCount:30.0]]
[2021.04.06-09.55.36:275][  0]LogConfig: Setting CVar [[r.SkyAtmosphere.MultiScatteringLUT.SampleCount:20.0]]
[2021.04.06-09.55.36:275][  0]LogConfig: Applying CVar settings from Section [FoliageQuality@Cine] File [C:/Users/julia/Documents/Unreal Projects/Scoop/ScoopPortals/Scoop/Saved/Config/Windows/Scalability.ini]
[2021.04.06-09.55.36:275][  0]LogConfig: Setting CVar [[foliage.DensityScale:1.0]]
[2021.04.06-09.55.36:275][  0]LogConfig: Setting CVar [[grass.DensityScale:1.0]]
[2021.04.06-09.55.36:275][  0]LogConfig: Applying CVar settings from Section [ShadingQuality@Cine] File [C:/Users/julia/Documents/Unreal Projects/Scoop/ScoopPortals/Scoop/Saved/Config/Windows/Scalability.ini]
[2021.04.06-09.55.36:275][  0]LogConfig: Setting CVar [[r.HairStrands.SkyLighting.SampleCount:64]]
[2021.04.06-09.55.36:275][  0]LogConfig: Setting CVar [[r.HairStrands.SkyLighting.JitterIntegration:1]]
[2021.04.06-09.55.36:275][  0]LogConfig: Setting CVar [[r.HairStrands.SkyAO.SampleCount:32]]
[2021.04.06-09.55.36:275][  0]LogConfig: Setting CVar [[r.HairStrands.DeepShadow.SuperSampling:1]]
[2021.04.06-09.55.36:275][  0]LogConfig: Setting CVar [[r.HairStrands.RasterizationScale:1]]
[2021.04.06-09.55.36:275][  0]LogConfig: Setting CVar [[r.HairStrands.VelocityRasterizationScale:1]]
[2021.04.06-09.55.36:275][  0]LogConfig: Setting CVar [[r.HairStrands.VisibilityPPLL:1]]
[2021.04.06-09.55.36:275][  0]LogConfig: Applying CVar settings from Section [Startup] File [../../../Engine/Config/ConsoleVariables.ini]
[2021.04.06-09.55.36:275][  0]LogConfig: Setting CVar [[net.UseAdaptiveNetUpdateFrequency:0]]
[2021.04.06-09.55.36:275][  0]LogConfig: Setting CVar [[p.chaos.AllowCreatePhysxBodies:1]]
[2021.04.06-09.55.36:275][  0]LogConfig: Setting CVar [[fx.SkipVectorVMBackendOptimizations:1]]
[2021.04.06-09.55.36:275][  0]LogConfig: Applying CVar settings from Section [ConsoleVariables] File [C:/Users/julia/Documents/Unreal Projects/Scoop/ScoopPortals/Scoop/Saved/Config/Windows/Engine.ini]
[2021.04.06-09.55.36:275][  0]LogInit: Computer: MSI
[2021.04.06-09.55.36:276][  0]LogInit: User: julia
[2021.04.06-09.55.36:276][  0]LogInit: CPU Page size=4096, Cores=6
[2021.04.06-09.55.36:276][  0]LogInit: High frequency timer resolution =10.000000 MHz
[2021.04.06-09.55.36:276][  0]LogMemory: Memory total: Physical=15.8GB (16GB approx)
[2021.04.06-09.55.36:276][  0]LogMemory: Platform Memory Stats for Windows
[2021.04.06-09.55.36:276][  0]LogMemory: Process Physical Memory: 120.56 MB used, 120.56 MB peak
[2021.04.06-09.55.36:276][  0]LogMemory: Process Virtual Memory: 103.27 MB used, 103.27 MB peak
[2021.04.06-09.55.36:276][  0]LogMemory: Physical Memory: 13132.46 MB used,  3072.50 MB free, 16204.95 MB total
[2021.04.06-09.55.36:276][  0]LogMemory: Virtual Memory: 5210.20 MB used,  134212520.00 MB free, 134217728.00 MB total
[2021.04.06-09.55.36:280][  0]LogWindows: WindowsPlatformFeatures enabled
[2021.04.06-09.55.36:315][  0]LogInit: Physics initialised using underlying interface: PhysX
[2021.04.06-09.55.36:315][  0]LogInit: Using OS detected language (en-US).
[2021.04.06-09.55.36:315][  0]LogInit: Using OS detected locale (en-US).
[2021.04.06-09.55.36:330][  0]LogTextLocalizationManager: No specific localization for 'en-US' exists, so the 'en' localization will be used.
[2021.04.06-09.55.36:579][  0]LogInit: Setting process to per monitor DPI aware
[2021.04.06-09.55.36:603][  0]LogSlate: New Slate User Created.  User Index 0, Is Virtual User: 0
[2021.04.06-09.55.36:603][  0]LogSlate: Slate User Registered.  User Index 0, Is Virtual User: 0
[2021.04.06-09.55.36:837][  0]LogHMD: Failed to initialize OpenVR with code 110
[2021.04.06-09.55.36:837][  0]LogD3D11RHI: D3D11 min allowed feature level: 11_0
[2021.04.06-09.55.36:837][  0]LogD3D11RHI: D3D11 max allowed feature level: 11_0
[2021.04.06-09.55.36:837][  0]LogD3D11RHI: D3D11 adapters:
[2021.04.06-09.55.36:932][  0]LogD3D11RHI:    0. 'NVIDIA GeForce RTX 2070' (Feature Level 11_0)
[2021.04.06-09.55.36:932][  0]LogD3D11RHI:       8031/0/8102 MB DedicatedVideo/DedicatedSystem/SharedSystem, Outputs:1, VendorId:0x10de
[2021.04.06-09.55.36:955][  0]LogD3D11RHI:    1. 'Intel(R) UHD Graphics' (Feature Level 11_0)
[2021.04.06-09.55.36:955][  0]LogD3D11RHI:       128/0/8102 MB DedicatedVideo/DedicatedSystem/SharedSystem, Outputs:0, VendorId:0x8086
[2021.04.06-09.55.36:957][  0]LogD3D11RHI:    2. 'Microsoft Basic Render Driver' (Feature Level 11_0)
[2021.04.06-09.55.36:957][  0]LogD3D11RHI:       0/0/8102 MB DedicatedVideo/DedicatedSystem/SharedSystem, Outputs:0, VendorId:0x1414
[2021.04.06-09.55.36:957][  0]LogD3D11RHI: Chosen D3D11 Adapter: 0
[2021.04.06-09.55.36:971][  0]LogD3D11RHI: Creating new Direct3DDevice
[2021.04.06-09.55.36:971][  0]LogD3D11RHI:     GPU DeviceId: 0x1f14 (for the marketing name, search the web for "GPU Device Id")
[2021.04.06-09.55.36:971][  0]LogWindows: EnumDisplayDevices:
[2021.04.06-09.55.36:971][  0]LogWindows:    0. 'Intel(R) UHD Graphics' (P:1 D:1)
[2021.04.06-09.55.36:971][  0]LogWindows:    1. 'Intel(R) UHD Graphics' (P:0 D:0)
[2021.04.06-09.55.36:971][  0]LogWindows:    2. 'Intel(R) UHD Graphics' (P:0 D:0)
[2021.04.06-09.55.36:971][  0]LogWindows:    3. 'NVIDIA GeForce RTX 2070' (P:0 D:0)
[2021.04.06-09.55.36:972][  0]LogWindows:    4. 'NVIDIA GeForce RTX 2070' (P:0 D:0)
[2021.04.06-09.55.36:972][  0]LogWindows:    5. 'NVIDIA GeForce RTX 2070' (P:0 D:0)
[2021.04.06-09.55.36:972][  0]LogWindows:    6. 'NVIDIA GeForce RTX 2070' (P:0 D:0)
[2021.04.06-09.55.36:972][  0]LogWindows: DebugString: PrimaryIsNotTheChoosenAdapter PrimaryIsNotTheChoosenAdapter PrimaryIsNotTheChoosenAdapter FoundDriverCount:4 
[2021.04.06-09.55.36:972][  0]LogD3D11RHI:     Adapter Name: NVIDIA GeForce RTX 2070
[2021.04.06-09.55.36:972][  0]LogD3D11RHI:   Driver Version: 452.06 (internal:27.21.14.5206, unified:452.06)
[2021.04.06-09.55.36:972][  0]LogD3D11RHI:      Driver Date: 8-12-2020
[2021.04.06-09.55.36:972][  0]LogRHI: Texture pool is 5621 MB (70% of 8031 MB)
[2021.04.06-09.55.37:023][  0]LogD3D11RHI: RHI has support for 64 bit atomics
[2021.04.06-09.55.37:024][  0]LogD3D11RHI: Async texture creation enabled
[2021.04.06-09.55.37:024][  0]LogD3D11RHI: Array index from any shader is supported
[2021.04.06-09.55.37:036][  0]LogD3D11RHI: GPU Timing Frequency: 1000.000000 (Debug: 2 1)
[2021.04.06-09.55.37:265][  0]LogTargetPlatformManager: Display: Loaded TargetPlatform 'AllDesktop'
[2021.04.06-09.55.37:285][  0]LogTargetPlatformManager: Display: Loaded TargetPlatform 'Android'
[2021.04.06-09.55.37:286][  0]LogTargetPlatformManager: Display: Loaded TargetPlatform 'Android_ASTC'
[2021.04.06-09.55.37:286][  0]LogTargetPlatformManager: Display: Loaded TargetPlatform 'Android_DXT'
[2021.04.06-09.55.37:286][  0]LogTargetPlatformManager: Display: Loaded TargetPlatform 'Android_ETC2'
[2021.04.06-09.55.37:286][  0]LogTargetPlatformManager: Display: Loaded TargetPlatform 'AndroidClient'
[2021.04.06-09.55.37:286][  0]LogTargetPlatformManager: Display: Loaded TargetPlatform 'Android_ASTCClient'
[2021.04.06-09.55.37:286][  0]LogTargetPlatformManager: Display: Loaded TargetPlatform 'Android_DXTClient'
[2021.04.06-09.55.37:286][  0]LogTargetPlatformManager: Display: Loaded TargetPlatform 'Android_ETC2Client'
[2021.04.06-09.55.37:286][  0]LogTargetPlatformManager: Display: Loaded TargetPlatform 'Android_Multi'
[2021.04.06-09.55.37:286][  0]LogTargetPlatformManager: Display: Loaded TargetPlatform 'Android_MultiClient'
[2021.04.06-09.55.37:310][  0]LogTargetPlatformManager: Display: Loaded TargetPlatform 'IOSClient'
[2021.04.06-09.55.37:310][  0]LogTargetPlatformManager: Display: Loaded TargetPlatform 'IOS'
[2021.04.06-09.55.37:322][  0]LogTargetPlatformManager: Display: Loaded TargetPlatform 'Linux'
[2021.04.06-09.55.37:330][  0]LogTargetPlatformManager: Display: Loaded TargetPlatform 'LinuxNoEditor'
[2021.04.06-09.55.37:338][  0]LogTargetPlatformManager: Display: Loaded TargetPlatform 'LinuxClient'
[2021.04.06-09.55.37:346][  0]LogTargetPlatformManager: Display: Loaded TargetPlatform 'LinuxServer'
[2021.04.06-09.55.37:355][  0]LogTargetPlatformManager: Display: Loaded TargetPlatform 'LinuxAArch64NoEditor'
[2021.04.06-09.55.37:363][  0]LogTargetPlatformManager: Display: Loaded TargetPlatform 'LinuxAArch64Client'
[2021.04.06-09.55.37:371][  0]LogTargetPlatformManager: Display: Loaded TargetPlatform 'LinuxAArch64Server'
[2021.04.06-09.55.37:398][  0]LogTargetPlatformManager: Display: Loaded TargetPlatform 'Lumin'
[2021.04.06-09.55.37:398][  0]LogTargetPlatformManager: Display: Loaded TargetPlatform 'LuminClient'
[2021.04.06-09.55.37:417][  0]LogTargetPlatformManager: Display: Loaded TargetPlatform 'TVOSClient'
[2021.04.06-09.55.37:417][  0]LogTargetPlatformManager: Display: Loaded TargetPlatform 'TVOS'
[2021.04.06-09.55.37:425][  0]LogTargetPlatformManager: Display: Loaded TargetPlatform 'WindowsNoEditor'
[2021.04.06-09.55.37:436][  0]LogTargetPlatformManager: Display: Loaded TargetPlatform 'Windows'
[2021.04.06-09.55.37:444][  0]LogTargetPlatformManager: Display: Loaded TargetPlatform 'WindowsClient'
[2021.04.06-09.55.37:453][  0]LogTargetPlatformManager: Display: Loaded TargetPlatform 'WindowsServer'
[2021.04.06-09.55.37:453][  0]LogTargetPlatformManager: Display: Building Assets For Windows
[2021.04.06-09.55.37:459][  0]LogAudioDebug: Display: Lib vorbis DLL was dynamically loaded.
[2021.04.06-09.55.37:511][  0]LogShaderCompilers: Guid format shader working directory is -35 characters bigger than the processId version (../../../../../../Users/julia/Documents/Unreal Projects/Scoop/ScoopPortals/Scoop/Intermediate/Shaders/WorkingDirectory/13464/).
[2021.04.06-09.55.37:511][  0]LogShaderCompilers: Cleaned the shader compiler working directory 'C:/Users/julia/AppData/Local/Temp/UnrealShaderWorkingDir/137314AA489BE0E3E7934D96192E2015/'.
[2021.04.06-09.55.37:512][  0]LogXGEController: Cannot use XGE Controller as Incredibuild is not installed on this machine.
[2021.04.06-09.55.37:512][  0]LogShaderCompilers: Cannot use XGE Shader Compiler as Incredibuild is not installed on this machine.
[2021.04.06-09.55.37:512][  0]LogShaderCompilers: Display: Using Local Shader Compiler.
[2021.04.06-09.55.38:287][  0]LogDerivedDataCache: Display: Max Cache Size: 512 MB
[2021.04.06-09.55.38:390][  0]LogDerivedDataCache: Loaded boot cache 0.10s 101MB C:/Users/julia/AppData/Local/UnrealEngine/4.25/DerivedDataCache/Boot.ddc.
[2021.04.06-09.55.38:390][  0]LogDerivedDataCache: Display: Loaded Boot cache: C:/Users/julia/AppData/Local/UnrealEngine/4.25/DerivedDataCache/Boot.ddc
[2021.04.06-09.55.38:391][  0]LogDerivedDataCache: FDerivedDataBackendGraph:  Pak pak cache file ../../../../../../Users/julia/Documents/Unreal Projects/Scoop/ScoopPortals/Scoop/DerivedDataCache/DDC.ddp not found, will not use a pak cache.
[2021.04.06-09.55.38:391][  0]LogDerivedDataCache: Unable to find inner node Pak for hierarchical cache Hierarchy.
[2021.04.06-09.55.38:391][  0]LogDerivedDataCache: FDerivedDataBackendGraph:  CompressedPak pak cache file ../../../../../../Users/julia/Documents/Unreal Projects/Scoop/ScoopPortals/Scoop/DerivedDataCache/Compressed.ddp not found, will not use a pak cache.
[2021.04.06-09.55.38:391][  0]LogDerivedDataCache: Unable to find inner node CompressedPak for hierarchical cache Hierarchy.
[2021.04.06-09.55.38:399][  0]LogDerivedDataCache: Display: Pak cache opened for reading ../../../Engine/DerivedDataCache/Compressed.ddp.
[2021.04.06-09.55.38:399][  0]LogDerivedDataCache: FDerivedDataBackendGraph:  EnterprisePak pak cache file ../../../Enterprise/DerivedDataCache/Compressed.ddp not found, will not use a pak cache.
[2021.04.06-09.55.38:399][  0]LogDerivedDataCache: Unable to find inner node EnterprisePak for hierarchical cache Hierarchy.
[2021.04.06-09.55.38:401][  0]LogDerivedDataCache: Using Local data cache path C:/Users/julia/AppData/Local/UnrealEngine/Common/DerivedDataCache: Writable
[2021.04.06-09.55.38:401][  0]LogDerivedDataCache: Shared data cache path not found in *engine.ini, will not use an Shared cache.
[2021.04.06-09.55.38:401][  0]LogDerivedDataCache: Unable to find inner node Shared for hierarchical cache Hierarchy.
[2021.04.06-09.55.38:650][  0]LogSlate: Using FreeType 2.10.0
[2021.04.06-09.55.38:650][  0]LogSlate: SlateFontServices - WITH_FREETYPE: 1, WITH_HARFBUZZ: 1
[2021.04.06-09.55.38:669][  0]LogAssetRegistry: FAssetRegistry took 0.0023 seconds to start up
[2021.04.06-09.55.38:851][  0]LogInit: Selected Device Profile: [Windows]
[2021.04.06-09.55.38:979][  0]LogMeshReduction: Using QuadricMeshReduction for automatic static mesh reduction
[2021.04.06-09.55.38:979][  0]LogMeshReduction: Using SimplygonMeshReduction for automatic skeletal mesh reduction
[2021.04.06-09.55.38:979][  0]LogMeshReduction: Using ProxyLODMeshReduction for automatic mesh merging
[2021.04.06-09.55.38:979][  0]LogMeshReduction: No distributed automatic mesh merging module available
[2021.04.06-09.55.38:979][  0]LogMeshMerging: No distributed automatic mesh merging module available
[2021.04.06-09.55.38:991][  0]LogNetVersion: Scoop 1.0.0, NetCL: 13144385, EngineNetVer: 14, GameNetVer: 0 (Checksum: 2903236128)
[2021.04.06-09.55.39:505][  0]LogAISub: UAISubsystem::UAISubsystem AISubsystem (000002040867C2C0), frame # 0
[2021.04.06-09.55.39:505][  0]LogAISub: UAISubsystem::UAISubsystem AIPerceptionSystem (00000204085DC2C0), frame # 0
[2021.04.06-09.55.39:506][  0]LogAISub: UAISubsystem::UAISubsystem EnvQueryManager (00000204085EE600), frame # 0
[2021.04.06-09.55.39:552][  0]LogPackageLocalizationCache: Processed 19 localized package path(s) for 1 prioritized culture(s) in 0.041068 seconds
[2021.04.06-09.55.39:557][  0]LogUObjectArray: 15917 objects as part of root set at end of initial load.
[2021.04.06-09.55.39:557][  0]LogUObjectAllocator: 3965568 out of 0 bytes used by permanent object pool.
[2021.04.06-09.55.39:557][  0]LogUObjectArray: CloseDisregardForGC: 0/0 objects in disregard for GC pool
[2021.04.06-09.55.39:973][  0]LogTcpMessaging: Initializing TcpMessaging bridge
[2021.04.06-09.55.39:976][  0]LogUdpMessaging: Initializing bridge on interface 0.0.0.0:0 to multicast group 230.0.0.1:6666.
[2021.04.06-09.55.40:057][  0]SourceControl: Source control is disabled
[2021.04.06-09.55.40:057][  0]SourceControl: Source control is disabled
[2021.04.06-09.55.40:060][  0]SourceControl: Source control is disabled
[2021.04.06-09.55.40:063][  0]SourceControl: Source control is disabled
[2021.04.06-09.55.40:069][  0]SourceControl: Source control is disabled
[2021.04.06-09.55.40:274][  0]LogAndroidPermission: UAndroidPermissionCallbackProxy::GetInstance
[2021.04.06-09.55.40:289][  0]LogAudioCaptureCore: Display: No Audio Capture implementations found. Audio input will be silent.
[2021.04.06-09.55.40:289][  0]LogAudioCaptureCore: Display: No Audio Capture implementations found. Audio input will be silent.
[2021.04.06-09.55.40:351][  0]LogOcInput: OculusInput pre-init called
[2021.04.06-09.55.40:575][  0]LogClass: Warning: FCharacterSettings::mouseMovement is not initialized properly
[2021.04.06-09.55.40:575][  0]LogClass: Warning: FCharacterSettings::movementDir is not initialized properly
[2021.04.06-09.55.40:575][  0]LogClass: Warning: FCharacterSettings::linVelocity is not initialized properly
[2021.04.06-09.55.40:575][  0]LogClass: Warning: FCharacterSettings::rotVelocity is not initialized properly
[2021.04.06-09.55.40:575][  0]LogClass: Display: 4 Uninitialized script stuct members found
[2021.04.06-09.55.40:576][  0]LogAutomationTest: Warning: FCharacterSettings::mouseMovement is not initialized properly
[2021.04.06-09.55.40:576][  0]LogAutomationTest: Warning: FCharacterSettings::movementDir is not initialized properly
[2021.04.06-09.55.40:576][  0]LogAutomationTest: Warning: FCharacterSettings::linVelocity is not initialized properly
[2021.04.06-09.55.40:576][  0]LogAutomationTest: Warning: FCharacterSettings::rotVelocity is not initialized properly
[2021.04.06-09.55.40:576][  0]LogEngine: Initializing Engine...
[2021.04.06-09.55.40:577][  0]LogHMD: Failed to initialize OpenVR with code 110
[2021.04.06-09.55.40:577][  0]LogMagicLeap: Warning: VR disabled because ZI is not enabled.  To enable, in the editor, Edit -> Project Settings -> Plugins -> Magic Leap Plugin -> Enable Zero Iteration
[2021.04.06-09.55.40:577][  0]LogStats: UGameplayTagsManager::InitializeManager -  0.000 s
[2021.04.06-09.55.40:845][  0]LogInit: Initializing FReadOnlyCVARCache
[2021.04.06-09.55.40:854][  0]LogAIModule: Creating AISystem for world Untitled
[2021.04.06-09.55.40:854][  0]LogAISub: UAISubsystem::UAISubsystem EnvQueryManager (0000020413656600), frame # 0
[2021.04.06-09.55.40:854][  0]LogAISub: UAISubsystem::UAISubsystem AIPerceptionSystem (00000204136C4B80), frame # 0
[2021.04.06-09.55.40:866][  0]LogAudioMixer: Display: Audio Mixer Platform Settings:
[2021.04.06-09.55.40:866][  0]LogAudioMixer: Display: 	Sample Rate:						  48000
[2021.04.06-09.55.40:866][  0]LogAudioMixer: Display: 	Callback Buffer Frame Size Requested: 256
[2021.04.06-09.55.40:866][  0]LogAudioMixer: Display: 	Callback Buffer Frame Size To Use:	  256
[2021.04.06-09.55.40:866][  0]LogAudioMixer: Display: 	Number of buffers to queue:			  7
[2021.04.06-09.55.40:866][  0]LogAudioMixer: Display: 	Max Channels (voices):				  32
[2021.04.06-09.55.40:866][  0]LogAudioMixer: Display: 	Number of Async Source Workers:		  0
[2021.04.06-09.55.40:867][  0]LogAudio: Display: AudioDevice MaxSources: 32
[2021.04.06-09.55.40:867][  0]LogAudio: Display: Using built-in audio occlusion.
[2021.04.06-09.55.40:867][  0]LogAudioMixer: Display: Initializing audio mixer.
[2021.04.06-09.55.40:881][  0]LogAudioMixer: Display: 0: FrontLeft
[2021.04.06-09.55.40:881][  0]LogAudioMixer: Display: 1: FrontRight
[2021.04.06-09.55.40:918][  0]LogAudioMixer: Display: Using Audio Device Speakers (Realtek(R) Audio)
[2021.04.06-09.55.40:918][  0]LogAudioMixer: Display: Initializing Sound Submixes...
[2021.04.06-09.55.40:919][  0]LogAudioMixer: Display: Creating Master Submix 'MasterSubmixDefault'
[2021.04.06-09.55.40:919][  0]LogAudioMixer: Display: Creating Master Submix 'MasterReverbSubmixDefault'
[2021.04.06-09.55.40:922][  0]LogAudioMixer: Display: Creating Master Submix 'MasterEQSubmixDefault'
[2021.04.06-09.55.40:923][  0]LogInit: FAudioDevice initialized.
[2021.04.06-09.55.40:923][  0]LogNetVersion: Set ProjectVersion to 1.0.0.0. Version Checksum will be recalculated on next use.
[2021.04.06-09.55.40:982][  0]LogDerivedDataCache: Saved boot cache 0.06s 101MB C:/Users/julia/AppData/Local/UnrealEngine/4.25/DerivedDataCache/Boot.ddc.
[2021.04.06-09.55.40:985][  0]LogInit: Texture streaming: Enabled
[2021.04.06-09.55.40:996][  0]LogEngineSessionManager: EngineSessionManager initialized
[2021.04.06-09.55.40:996][  0]LogEditorSessionSummary: Verbose: Initializing EditorSessionSummaryWriter for editor session tracking
[2021.04.06-09.55.40:997][  0]LogEditorSessionSummary: EditorSessionSummaryWriter initialized
[2021.04.06-09.55.41:032][  0]LogInit: Transaction tracking system initialized
[2021.04.06-09.55.41:051][  0]BlueprintLog: New page: Editor Load
[2021.04.06-09.55.41:108][  0]LocalizationService: Localization service is disabled
[2021.04.06-09.55.41:323][  0]LogCook: Display: Max memory allowance for cook 16384mb min free memory 0mb
[2021.04.06-09.55.41:323][  0]LogCook: Display: Mobile HDR setting 1
[2021.04.06-09.55.41:434][  0]LogFileCache: Scanning file cache for directory 'C:/Users/julia/Documents/Unreal Projects/Scoop/ScoopPortals/Scoop/Content/' took 0.00s
[2021.04.06-09.55.41:582][  0]SourceControl: Source control is disabled
[2021.04.06-09.55.41:676][  0]LogSlate: Took 0.000126 seconds to synchronously load lazily loaded font '../../../Engine/Content/Slate/Fonts/Roboto-Regular.ttf' (155K)
[2021.04.06-09.55.45:452][  0]LogSlate: Window 'Restore Packages' being destroyed
[2021.04.06-09.55.45:453][  0]LogWindowsTextInputMethodSystem: Display: IME system now deactivated.
[2021.04.06-09.55.45:462][  0]LogWindowsTextInputMethodSystem: Display: IME system now deactivated.
[2021.04.06-09.55.45:462][  0]LogUnrealEdMisc: Loading editor; pre map load, took 10.859
[2021.04.06-09.55.45:463][  0]Cmd: MAP LOAD FILE="../../../../../../Users/julia/Documents/Unreal Projects/Scoop/ScoopPortals/Scoop/Content/Maps/TestMap.umap" TEMPLATE=0 SHOWPROGRESS=1 FEATURELEVEL=3
[2021.04.06-09.55.45:463][  0]LightingResults: New page: Lighting Build
[2021.04.06-09.55.45:464][  0]LogWorld: UWorld::CleanupWorld for Untitled, bSessionEnded=true, bCleanupResources=true
[2021.04.06-09.55.45:464][  0]LogSlate: InvalidateAllWidgets triggered.  All widgets were invalidated
[2021.04.06-09.55.45:464][  0]MapCheck: New page: Map Check
[2021.04.06-09.55.45:464][  0]LightingResults: New page: Lighting Build
[2021.04.06-09.55.45:479][  0]LogAISub: UAISubsystem::~UAISubsystem EnvQueryManager (0000020413656600), frame # 0
[2021.04.06-09.55.45:479][  0]LogAISub: UAISubsystem::~UAISubsystem AIPerceptionSystem (00000204136C4B80), frame # 0
[2021.04.06-09.55.45:481][  0]LogUObjectHash: Compacting FUObjectHashTables data took   1.61ms
[2021.04.06-09.55.45:732][  0]LogAIModule: Creating AISystem for world TestMap
[2021.04.06-09.55.45:732][  0]LogAISub: UAISubsystem::UAISubsystem EnvQueryManager (0000020420F66200), frame # 0
[2021.04.06-09.55.45:732][  0]LogAISub: UAISubsystem::UAISubsystem AIPerceptionSystem (0000020420FAD300), frame # 0
[2021.04.06-09.55.45:738][  0]LogEditorServer: Finished looking for orphan Actors (0.000 secs)
[2021.04.06-09.55.45:752][  0]LogUObjectHash: Compacting FUObjectHashTables data took   1.77ms
[2021.04.06-09.55.45:752][  0]Cmd: MAP CHECKDEP NOCLEARLOG
[2021.04.06-09.55.45:753][  0]MapCheck: Map check complete: 0 Error(s), 0 Warning(s), took 0.211ms to complete.
[2021.04.06-09.55.45:753][  0]LogFileHelpers: Loading map 'TestMap' took 0.290
[2021.04.06-09.55.45:755][  0]LogUnrealEdMisc: Total Editor Startup Time, took 11.152
[2021.04.06-09.55.45:807][  0]LogSlate: Updating window title bar state: overlay mode, drag disabled, window buttons hidden, title bar hidden
[2021.04.06-09.55.45:813][  0]LogSlate: Updating window title bar state: overlay mode, drag disabled, window buttons hidden, title bar hidden
[2021.04.06-09.55.45:818][  0]LogSlate: Updating window title bar state: overlay mode, drag disabled, window buttons hidden, title bar hidden
[2021.04.06-09.55.45:823][  0]LogSlate: Updating window title bar state: overlay mode, drag disabled, window buttons hidden, title bar hidden
[2021.04.06-09.55.45:828][  0]LogCollectionManager: Loaded 0 collections in 0.001318 seconds
[2021.04.06-09.55.45:840][  0]LogFileCache: Scanning file cache for directory 'C:/Users/julia/Documents/Unreal Projects/Scoop/ScoopPortals/Scoop/Saved/Collections/' took 0.00s
[2021.04.06-09.55.45:840][  0]LogFileCache: Scanning file cache for directory 'C:/Users/julia/Documents/Unreal Projects/Scoop/ScoopPortals/Scoop/Content/Developers/julia/Collections/' took 0.00s
[2021.04.06-09.55.45:841][  0]LogFileCache: Scanning file cache for directory 'C:/Users/julia/Documents/Unreal Projects/Scoop/ScoopPortals/Scoop/Content/Collections/' took 0.00s
[2021.04.06-09.55.45:841][  0]LogContentBrowser: Native class hierarchy populated in 0.0079 seconds. Added 3433 classes and 823 folders.
[2021.04.06-09.55.45:844][  0]LogContentBrowser: Native class hierarchy updated for 'WidgetCarousel' in 0.0003 seconds. Added 0 classes and 0 folders.
[2021.04.06-09.55.45:967][  0]LogContentBrowser: Native class hierarchy updated for 'AddContentDialog' in 0.0003 seconds. Added 0 classes and 0 folders.
[2021.04.06-09.55.45:971][  0]LogContentBrowser: Native class hierarchy updated for 'SceneOutliner' in 0.0003 seconds. Added 2 classes and 0 folders.
[2021.04.06-09.55.46:344][  0]LogContentBrowser: Native class hierarchy updated for 'HierarchicalLODOutliner' in 0.0003 seconds. Added 0 classes and 0 folders.
[2021.04.06-09.55.46:344][  0]LogLoad: (Engine Initialization) Total time: 11.74 seconds
[2021.04.06-09.55.46:344][  0]LogLoad: (Engine Initialization) Total Blueprint compile time: 0.00 seconds
[2021.04.06-09.55.46:521][  0]LogRenderer: Reallocating scene render targets to support 64x64 Format 10 NumSamples 1 (Frame:1).
[2021.04.06-09.55.46:521][  0]LogAssetRegistry: Asset discovery search completed in 7.8535 seconds
[2021.04.06-09.55.46:525][  0]LogCollectionManager: Fixed up redirectors for 0 collections in 0.000002 seconds (updated 0 objects)
[2021.04.06-09.55.46:526][  0]LogContentStreaming: Texture pool size now 3000 MB
[2021.04.06-09.55.46:532][  0]LogSlate: Took 0.000097 seconds to synchronously load lazily loaded font '../../../Engine/Content/Slate/Fonts/Roboto-Bold.ttf' (160K)
[2021.04.06-09.55.46:543][  0]LogSlate: Took 0.007363 seconds to synchronously load lazily loaded font '../../../Engine/Content/Editor/Slate/Fonts/FontAwesome.ttf' (139K)
[2021.04.06-09.55.46:614][  0]LogRenderer: Reallocating scene render targets to support 516x300 Format 10 NumSamples 1 (Frame:1).
[2021.04.06-09.55.46:614][  0]LogSlate: Took 0.005845 seconds to synchronously load lazily loaded font '../../../Engine/Content/Slate/Fonts/Roboto-Light.ttf' (167K)
[2021.04.06-09.55.47:377][ 43]LogSlate: Took 0.000139 seconds to synchronously load lazily loaded font '../../../Engine/Content/Slate/Fonts/Roboto-Light.ttf' (167K)
[2021.04.06-09.55.49:240][133]LogRenderer: Reallocating scene render targets to support 992x368 Format 10 NumSamples 1 (Frame:134).
[2021.04.06-09.55.50:047][181]LogEditorViewport: Clicking on Actor (LMB): StaticMeshActor (Floor)
[2021.04.06-09.55.50:500][207]LogEditorViewport: Clicking on Actor (LMB): BP_PortalCharacter_C (BP_PortalCharacter)
[2021.04.06-09.55.51:796][281]LogAssetEditorSubsystem: Opening Asset editor for Blueprint /Game/GameObjects/Player/BP_PortalCharacter.BP_PortalCharacter
[2021.04.06-09.55.51:962][281]LogContentBrowser: Native class hierarchy updated for 'BlueprintGraph' in 0.0006 seconds. Added 125 classes and 0 folders.
[2021.04.06-09.55.52:702][281]LogSlate: Took 0.005206 seconds to synchronously load lazily loaded font '../../../Engine/Content/Slate/Fonts/Roboto-BoldCondensed.ttf' (158K)
[2021.04.06-09.55.53:112][303]LogSlate: Took 0.000148 seconds to synchronously load lazily loaded font '../../../Engine/Content/Slate/Fonts/Roboto-Italic.ttf' (157K)
[2021.04.06-09.55.53:819][340]LogRenderer: Reallocating scene render targets to support 992x376 Format 10 NumSamples 1 (Frame:1).
[2021.04.06-09.56.07:561][125]LogTemp: Repeating last play command: Selected Viewport
[2021.04.06-09.56.07:570][125]LogPlayLevel: PlayLevel: No blueprints needed recompiling
[2021.04.06-09.56.07:571][125]PIE: New page: PIE session: TestMap (Apr 6, 2021, 1:56:07 PM)
[2021.04.06-09.56.07:572][125]LogOnline: OSS: Creating online subsystem instance for: NULL
[2021.04.06-09.56.07:572][125]LogOnline: OSS: TryLoadSubsystemAndSetDefault: Loaded subsystem for module [NULL]
[2021.04.06-09.56.07:572][125]LogPlayLevel: Creating play world package: /Game/Maps/UEDPIE_0_TestMap
[2021.04.06-09.56.07:575][125]LogPlayLevel: PIE: StaticDuplicateObject took: (0.002396s)
[2021.04.06-09.56.07:576][125]LogAIModule: Creating AISystem for world TestMap
[2021.04.06-09.56.07:576][125]LogAISub: UAISubsystem::UAISubsystem EnvQueryManager (000002048277D800), frame # 1125
[2021.04.06-09.56.07:576][125]LogAISub: UAISubsystem::UAISubsystem AIPerceptionSystem (0000020482767D80), frame # 1125
[2021.04.06-09.56.07:576][125]LogPlayLevel: PIE: World Init took: (0.001520s)
[2021.04.06-09.56.07:577][125]LogPlayLevel: PIE: Created PIE world by copying editor world from /Game/Maps/TestMap.TestMap to /Game/Maps/UEDPIE_0_TestMap.TestMap (0.004059s)
[2021.04.06-09.56.07:595][125]LogUObjectHash: Compacting FUObjectHashTables data took   1.60ms
[2021.04.06-09.56.07:597][125]LogAudioMixer: Display: Audio Mixer Platform Settings:
[2021.04.06-09.56.07:597][125]LogAudioMixer: Display: 	Sample Rate:						  48000
[2021.04.06-09.56.07:597][125]LogAudioMixer: Display: 	Callback Buffer Frame Size Requested: 256
[2021.04.06-09.56.07:597][125]LogAudioMixer: Display: 	Callback Buffer Frame Size To Use:	  256
[2021.04.06-09.56.07:597][125]LogAudioMixer: Display: 	Number of buffers to queue:			  7
[2021.04.06-09.56.07:597][125]LogAudioMixer: Display: 	Max Channels (voices):				  32
[2021.04.06-09.56.07:597][125]LogAudioMixer: Display: 	Number of Async Source Workers:		  0
[2021.04.06-09.56.07:597][125]LogAudio: Display: AudioDevice MaxSources: 32
[2021.04.06-09.56.07:597][125]LogAudio: Display: Using built-in audio occlusion.
[2021.04.06-09.56.07:597][125]LogAudioMixer: Display: Initializing audio mixer.
[2021.04.06-09.56.07:600][125]LogAudioMixer: Display: 0: FrontLeft
[2021.04.06-09.56.07:600][125]LogAudioMixer: Display: 1: FrontRight
[2021.04.06-09.56.07:622][125]LogAudioMixer: Display: Using Audio Device Speakers (Realtek(R) Audio)
[2021.04.06-09.56.07:622][125]LogAudioMixer: Display: Initializing Sound Submixes...
[2021.04.06-09.56.07:622][125]LogAudioMixer: Display: Creating Master Submix 'MasterSubmixDefault'
[2021.04.06-09.56.07:622][125]LogAudioMixer: Display: Creating Master Submix 'MasterReverbSubmixDefault'
[2021.04.06-09.56.07:622][125]LogAudioMixer: Display: Creating Master Submix 'MasterEQSubmixDefault'
[2021.04.06-09.56.07:635][125]LogInit: FAudioDevice initialized.
[2021.04.06-09.56.07:644][125]LogLoad: Game class is 'BP_PortalGameMode_C'
[2021.04.06-09.56.07:646][125]LogWorld: Bringing World /Game/Maps/UEDPIE_0_TestMap.TestMap up for play (max tick rate 60) at 2021.04.06-11.56.07
[2021.04.06-09.56.07:646][125]LogWorld: Bringing up level for play took: 0.000969
[2021.04.06-09.56.07:646][125]LogOnline: OSS: Creating online subsystem instance for: :Context_5
[2021.04.06-09.56.07:650][125]LogContentBrowser: Native class hierarchy updated for 'MovieSceneCapture' in 0.0004 seconds. Added 20 classes and 0 folders.
[2021.04.06-09.56.07:650][125]LogPortalGamemode: Warning: Player portal pawn could not be found in the portal class BP_PortalGameMode_C_0.
[2021.04.06-09.56.07:650][125]PIE: Server logged in
[2021.04.06-09.56.07:652][125]PIE: Play in editor total start time 0.082 seconds.
[2021.04.06-09.56.08:578][163]LogPortal: Portal render target created with width: 1239.000000 and height: 459.000000
[2021.04.06-09.56.09:528][163]LogWindows: Error: === Critical error: ===
[2021.04.06-09.56.09:528][163]LogWindows: Error: 
[2021.04.06-09.56.09:528][163]LogWindows: Error: Fatal error!
[2021.04.06-09.56.09:528][163]LogWindows: Error: 
[2021.04.06-09.56.09:528][163]LogWindows: Error: Unhandled Exception: EXCEPTION_ACCESS_VIOLATION reading address 0x000001f0
[2021.04.06-09.56.09:528][163]LogWindows: Error: 
[2021.04.06-09.56.09:528][163]LogWindows: Error: [Callstack] 0x00007ffe317dc7af UE4Editor-Scoop-0014.dll!APortal::Setup() [C:\Users\julia\Documents\Unreal Projects\Scoop\ScoopPortals\Scoop\Source\Scoop\Portal.cpp:115]
[2021.04.06-09.56.09:528][163]LogWindows: Error: [Callstack] 0x00007ffe79af0b34 UE4Editor-CoreUObject.dll!UnknownFunction []
[2021.04.06-09.56.09:528][163]LogWindows: Error: [Callstack] 0x00007ffe79d64753 UE4Editor-CoreUObject.dll!UnknownFunction []
[2021.04.06-09.56.09:528][163]LogWindows: Error: [Callstack] 0x00007ffe72acafe5 UE4Editor-Engine.dll!UnknownFunction []
[2021.04.06-09.56.09:528][163]LogWindows: Error: [Callstack] 0x00007ffe317dac2e UE4Editor-Scoop-0014.dll!TBaseUFunctionDelegateInstance<APortal,TTypeWrapper<void> __cdecl(void)>::Execute() [C:\Program Files\Epic Games\UE_4.25\Engine\Source\Runtime\Core\Public\Delegates\DelegateInstancesImpl.h:128]
[2021.04.06-09.56.09:528][163]LogWindows: Error: [Callstack] 0x00007ffe73be21cb UE4Editor-Engine.dll!UnknownFunction []
[2021.04.06-09.56.09:528][163]LogWindows: Error: [Callstack] 0x00007ffe73c3bf39 UE4Editor-Engine.dll!UnknownFunction []
[2021.04.06-09.56.09:528][163]LogWindows: Error: [Callstack] 0x00007ffe73358e94 UE4Editor-Engine.dll!UnknownFunction []
[2021.04.06-09.56.09:528][163]LogWindows: Error: [Callstack] 0x00007ffe76fbaf57 UE4Editor-UnrealEd.dll!UnknownFunction []
[2021.04.06-09.56.09:528][163]LogWindows: Error: [Callstack] 0x00007ffe778937e6 UE4Editor-UnrealEd.dll!UnknownFunction []
[2021.04.06-09.56.09:528][163]LogWindows: Error: [Callstack] 0x00007ff6d6b27800 UE4Editor.exe!UnknownFunction []
[2021.04.06-09.56.09:528][163]LogWindows: Error: [Callstack] 0x00007ff6d6b3ba7c UE4Editor.exe!UnknownFunction []
[2021.04.06-09.56.09:528][163]LogWindows: Error: [Callstack] 0x00007ff6d6b3bb5a UE4Editor.exe!UnknownFunction []
[2021.04.06-09.56.09:528][163]LogWindows: Error: [Callstack] 0x00007ff6d6b4e31d UE4Editor.exe!UnknownFunction []
[2021.04.06-09.56.09:528][163]LogWindows: Error: [Callstack] 0x00007ff6d6b5145a UE4Editor.exe!UnknownFunction []
[2021.04.06-09.56.09:528][163]LogWindows: Error: [Callstack] 0x00007ffec9d87034 KERNEL32.DLL!UnknownFunction []
[2021.04.06-09.56.09:528][163]LogWindows: Error: [Callstack] 0x00007ffeca982651 ntdll.dll!UnknownFunction []
[2021.04.06-09.56.09:528][163]LogWindows: Error: 
[2021.04.06-09.56.09:537][163]LogExit: Executing StaticShutdownAfterError
[2021.04.06-09.56.09:548][163]LogWindows: FPlatformMisc::RequestExit(1)
[2021.04.06-09.56.09:548][163]LogCore: Engine exit requested (reason: Win RequestExit)
[2021.04.06-09.56.09:552][163]Log file closed, 04/06/21 11:56:09
