Log file open, 04/06/21 13:51:53
LogInit: Display: Running engine for game: Scoop
LogPlatformFile: Not using cached read wrapper
LogTaskGraph: Started task graph with 5 named threads and 35 total threads with 3 sets of task threads.
LogStats: Stats thread started at 0.156038
LogD3D11RHI: Loaded GFSDK_Aftermath_Lib.x64.dll
LogICUInternationalization: ICU TimeZone Detection - Raw Offset: +1:00, Platform Override: ''
LogPluginManager: Mounting plugin Paper2D
LogPluginManager: Mounting plugin AISupport
LogPluginManager: Mounting plugin LightPropagationVolume
LogPluginManager: Mounting plugin CameraShakePreviewer
LogPluginManager: Mounting plugin ActorLayerUtilities
LogPluginManager: Mounting plugin AnimationSharing
LogPluginManager: Mounting plugin CLionSourceCodeAccess
LogPluginManager: Mounting plugin CodeLiteSourceCodeAccess
LogPluginManager: Mounting plugin GitSourceControl
LogPluginManager: Mounting plugin KDevelopSourceCodeAccess
LogPluginManager: Mounting plugin NullSourceCodeAccess
LogPluginManager: Mounting plugin PerforceSourceControl
LogPluginManager: Mounting plugin PlasticSourceControl
LogPluginManager: Mounting plugin RiderSourceCodeAccess
LogPluginManager: Mounting plugin SubversionSourceControl
LogPluginManager: Mounting plugin UObjectPlugin
LogPluginManager: Mounting plugin VisualStudioCodeSourceCodeAccess
LogPluginManager: Mounting plugin VisualStudioSourceCodeAccess
LogPluginManager: Mounting plugin XCodeSourceCodeAccess
LogPluginManager: Mounting plugin AssetManagerEditor
LogPluginManager: Mounting plugin CryptoKeys
LogPluginManager: Mounting plugin CurveEditorTools
LogPluginManager: Mounting plugin DataValidation
LogPluginManager: Mounting plugin EditorScriptingUtilities
LogPluginManager: Mounting plugin FacialAnimation
LogPluginManager: Mounting plugin GameplayTagsEditor
LogPluginManager: Mounting plugin GeometryMode
LogPluginManager: Mounting plugin MacGraphicsSwitching
LogPluginManager: Mounting plugin MaterialAnalyzer
LogPluginManager: Mounting plugin MobileLauncherProfileWizard
LogPluginManager: Mounting plugin PluginBrowser
LogPluginManager: Mounting plugin SpeedTreeImporter
LogPluginManager: Mounting plugin DatasmithContent
LogPluginManager: Mounting plugin VariantManagerContent
LogPluginManager: Mounting plugin AlembicImporter
LogPluginManager: Mounting plugin AutomationUtils
LogPluginManager: Mounting plugin BackChannel
LogPluginManager: Mounting plugin ChaosCloth
LogPluginManager: Mounting plugin ChaosClothEditor
LogPluginManager: Mounting plugin ChaosEditor
LogPluginManager: Mounting plugin ChaosNiagara
LogPluginManager: Mounting plugin ChaosSolverPlugin
LogPluginManager: Mounting plugin CharacterAI
LogPluginManager: Mounting plugin GeometryCache
LogPluginManager: Mounting plugin GeometryCollectionPlugin
LogPluginManager: Mounting plugin GeometryProcessing
LogPluginManager: Mounting plugin PlanarCut
LogPluginManager: Mounting plugin PlatformCrypto
LogPluginManager: Mounting plugin ProxyLODPlugin
LogPluginManager: Mounting plugin SkeletalReduction
LogPluginManager: Mounting plugin Niagara
LogPluginManager: Mounting plugin MagicLeap
LogPluginManager: Mounting plugin MagicLeapLightEstimation
LogPluginManager: Mounting plugin MagicLeapMedia
LogPluginManager: Mounting plugin MagicLeapPassableWorld
LogPluginManager: Mounting plugin MLSDK
LogPluginManager: Mounting plugin AndroidMedia
LogPluginManager: Mounting plugin AvfMedia
LogPluginManager: Mounting plugin ImgMedia
LogPluginManager: Mounting plugin MediaCompositing
LogPluginManager: Mounting plugin MediaPlayerEditor
LogPluginManager: Mounting plugin WebMMedia
LogPluginManager: Mounting plugin WmfMedia
LogPluginManager: Mounting plugin MeshPainting
LogPluginManager: Mounting plugin TcpMessaging
LogPluginManager: Mounting plugin UdpMessaging
LogPluginManager: Mounting plugin ActorSequence
LogPluginManager: Mounting plugin LevelSequenceEditor
LogPluginManager: Mounting plugin MatineeToLevelSequence
LogPluginManager: Mounting plugin MovieRenderPipeline
LogPluginManager: Mounting plugin TemplateSequence
LogPluginManager: Mounting plugin NetcodeUnitTest
LogPluginManager: Mounting plugin NUTUnrealEngine4
LogPluginManager: Mounting plugin OnlineSubsystemGooglePlay
LogPluginManager: Mounting plugin OnlineSubsystemIOS
LogPluginManager: Mounting plugin OnlineSubsystem
LogPluginManager: Mounting plugin OnlineSubsystemNull
LogPluginManager: Mounting plugin OnlineSubsystemUtils
LogPluginManager: Mounting plugin LauncherChunkInstaller
LogPluginManager: Mounting plugin AndroidDeviceProfileSelector
LogPluginManager: Mounting plugin AndroidMoviePlayer
LogPluginManager: Mounting plugin AndroidPermission
LogPluginManager: Mounting plugin AppleImageUtils
LogPluginManager: Mounting plugin AppleMoviePlayer
LogPluginManager: Mounting plugin ArchVisCharacter
LogPluginManager: Mounting plugin AssetTags
LogPluginManager: Mounting plugin AudioCapture
LogPluginManager: Mounting plugin CableComponent
LogPluginManager: Mounting plugin CustomMeshComponent
LogPluginManager: Mounting plugin EditableMesh
LogPluginManager: Mounting plugin ExampleDeviceProfileSelector
LogPluginManager: Mounting plugin GoogleCloudMessaging
LogPluginManager: Mounting plugin GooglePAD
LogPluginManager: Mounting plugin IOSDeviceProfileSelector
LogPluginManager: Mounting plugin LinuxDeviceProfileSelector
LogPluginManager: Mounting plugin LocationServicesBPLibrary
LogPluginManager: Mounting plugin MobilePatchingUtils
LogPluginManager: Mounting plugin OculusVR
LogPluginManager: Mounting plugin PhysXVehicles
LogPluginManager: Mounting plugin PostSplashScreen
LogPluginManager: Mounting plugin ProceduralMeshComponent
LogPluginManager: Mounting plugin RuntimePhysXCooking
LogPluginManager: Mounting plugin SignificanceManager
LogPluginManager: Mounting plugin SoundFields
LogPluginManager: Mounting plugin SteamVR
LogPluginManager: Mounting plugin Synthesis
LogPluginManager: Mounting plugin WebMMoviePlayer
LogPluginManager: Mounting plugin WindowsMoviePlayer
LogPluginManager: Mounting plugin ScreenshotTools
LogInit: Using libcurl 7.55.1-DEV
LogInit:  - built for x86_64-pc-win32
LogInit:  - supports SSL with OpenSSL/1.1.1
LogInit:  - supports HTTP deflate (compression) using libz 1.2.8
LogInit:  - other features:
LogInit:      CURL_VERSION_SSL
LogInit:      CURL_VERSION_LIBZ
LogInit:      CURL_VERSION_IPV6
LogInit:      CURL_VERSION_ASYNCHDNS
LogInit:      CURL_VERSION_LARGEFILE
LogInit:      CURL_VERSION_IDN
LogInit:  CurlRequestOptions (configurable via config and command line):
LogInit:  - bVerifyPeer = true  - Libcurl will verify peer certificate
LogInit:  - bUseHttpProxy = false  - Libcurl will NOT use HTTP proxy
LogInit:  - bDontReuseConnections = false  - Libcurl will reuse connections
LogInit:  - MaxHostConnections = 16  - Libcurl will limit the number of connections to a host
LogInit:  - LocalHostAddr = Default
LogInit:  - BufferSize = 65536
LogOnline: OSS: Creating online subsystem instance for: NULL
LogInit: WinSock: version 1.1 (2.2), MaxSocks=32767, MaxUdp=65467
LogOnline: OSS: TryLoadSubsystemAndSetDefault: Loaded subsystem for module [NULL]
LogOculusPluginWrapper: OculusPlugin initialized successfully
LogHMD: Failed initializing OVRPlugin 1.44.0
LogInit: Build: ++UE4+Release-4.25-CL-14469661
LogInit: Engine Version: 4.25.4-14469661+++UE4+Release-4.25
LogInit: Compatible Engine Version: 4.25.0-13144385+++UE4+Release-4.25
LogInit: Net CL: 13144385
LogInit: OS: Windows 10 (Release 2009) (), CPU: Intel(R) Core(TM) i7-10750H CPU @ 2.60GHz, GPU: Intel(R) UHD Graphics
LogInit: Compiled (64-bit): Oct 11 2020 08:10:49
LogInit: Compiled with Visual C++: 19.24.28315.00
LogInit: Build Configuration: Development
LogInit: Branch Name: ++UE4+Release-4.25
LogInit: Command Line: 
LogInit: Base Directory: C:/Program Files/Epic Games/UE_4.25/Engine/Binaries/Win64/
LogInit: Allocator: TBB
LogInit: Installed Engine Build: 1
LogDevObjectVersion: Number of dev versions registered: 26
LogDevObjectVersion:   Dev-Blueprints (B0D832E4-1F89-4F0D-ACCF-7EB736FD4AA2): 10
LogDevObjectVersion:   Dev-Build (E1C64328-A22C-4D53-A36C-8E866417BD8C): 0
LogDevObjectVersion:   Dev-Core (375EC13C-06E4-48FB-B500-84F0262A717E): 4
LogDevObjectVersion:   Dev-Editor (E4B068ED-F494-42E9-A231-DA0B2E46BB41): 38
LogDevObjectVersion:   Dev-Framework (CFFC743F-43B0-4480-9391-14DF171D2073): 37
LogDevObjectVersion:   Dev-Mobile (B02B49B5-BB20-44E9-A304-32B752E40360): 2
LogDevObjectVersion:   Dev-Networking (A4E4105C-59A1-49B5-A7C5-40C4547EDFEE): 0
LogDevObjectVersion:   Dev-Online (39C831C9-5AE6-47DC-9A44-9C173E1C8E7C): 0
LogDevObjectVersion:   Dev-Physics (78F01B33-EBEA-4F98-B9B4-84EACCB95AA2): 4
LogDevObjectVersion:   Dev-Platform (6631380F-2D4D-43E0-8009-CF276956A95A): 0
LogDevObjectVersion:   Dev-Rendering (12F88B9F-8875-4AFC-A67C-D90C383ABD29): 43
LogDevObjectVersion:   Dev-Sequencer (7B5AE74C-D270-4C10-A958-57980B212A5A): 12
LogDevObjectVersion:   Dev-VR (D7296918-1DD6-4BDD-9DE2-64A83CC13884): 3
LogDevObjectVersion:   Dev-LoadTimes (C2A15278-BFE7-4AFE-6C17-90FF531DF755): 1
LogDevObjectVersion:   Private-Geometry (6EACA3D4-40EC-4CC1-B786-8BED09428FC5): 3
LogDevObjectVersion:   Dev-AnimPhys (29E575DD-E0A3-4627-9D10-D276232CDCEA): 17
LogDevObjectVersion:   Dev-Anim (AF43A65D-7FD3-4947-9873-3E8ED9C1BB05): 7
LogDevObjectVersion:   Dev-ReflectionCapture (6B266CEC-1EC7-4B8F-A30B-E4D90942FC07): 1
LogDevObjectVersion:   Dev-Automation (0DF73D61-A23F-47EA-B727-89E90C41499A): 1
LogDevObjectVersion:   FortniteMain (601D1886-AC64-4F84-AA16-D3DE0DEAC7D6): 31
LogDevObjectVersion:   Dev-Enterprise (9DFFBCD6-494F-0158-E221-12823C92A888): 10
LogDevObjectVersion:   Dev-Niagara (F2AED0AC-9AFE-416F-8664-AA7FFA26D6FC): 1
LogDevObjectVersion:   Dev-Destruction (174F1F0B-B4C6-45A5-B13F-2EE8D0FB917D): 10
LogDevObjectVersion:   Dev-Physics-Ext (35F94A83-E258-406C-A318-09F59610247C): 37
LogDevObjectVersion:   Dev-PhysicsMaterial-Chaos (B68FC16E-8B1B-42E2-B453-215C058844FE): 1
LogDevObjectVersion:   Dev-CineCamera (B2E18506-4273-CFC2-A54E-F4BB758BBA07): 1
LogInit: Presizing for max 25165824 objects, including 0 objects not considered by GC, pre-allocating 0 bytes for permanent pool.
LogConfig: Applying CVar settings from Section [/Script/Engine.StreamingSettings] File [C:/Users/julia/Documents/Unreal Projects/Scoop/ScoopPortals/Scoop/Saved/Config/Windows/Engine.ini]
LogConfig: Setting CVar [[s.MinBulkDataSizeForAsyncLoading:131072]]
LogConfig: Setting CVar [[s.AsyncLoadingThreadEnabled:0]]
LogConfig: Setting CVar [[s.EventDrivenLoaderEnabled:1]]
LogConfig: Setting CVar [[s.WarnIfTimeLimitExceeded:0]]
LogConfig: Setting CVar [[s.TimeLimitExceededMultiplier:1.5]]
LogConfig: Setting CVar [[s.TimeLimitExceededMinTime:0.005]]
LogConfig: Setting CVar [[s.UseBackgroundLevelStreaming:1]]
LogConfig: Setting CVar [[s.PriorityAsyncLoadingExtraTime:15.0]]
LogConfig: Setting CVar [[s.LevelStreamingActorsUpdateTimeLimit:5.0]]
LogConfig: Setting CVar [[s.PriorityLevelStreamingActorsUpdateExtraTime:5.0]]
LogConfig: Setting CVar [[s.LevelStreamingComponentsRegistrationGranularity:10]]
LogConfig: Setting CVar [[s.UnregisterComponentsTimeLimit:1.0]]
LogConfig: Setting CVar [[s.LevelStreamingComponentsUnregistrationGranularity:5]]
LogConfig: Setting CVar [[s.FlushStreamingOnExit:1]]
LogInit: Object subsystem initialized
LogConfig: Setting CVar [[con.DebugEarlyDefault:1]]
LogConfig: Setting CVar [[r.setres:1280x720]]
[2021.04.06-11.51.54:239][  0]LogConfig: Setting CVar [[r.VSync:0]]
[2021.04.06-11.51.54:239][  0]LogConfig: Setting CVar [[r.RHICmdBypass:0]]
[2021.04.06-11.51.54:239][  0]LogConfig: Applying CVar settings from Section [/Script/Engine.RendererSettings] File [C:/Users/julia/Documents/Unreal Projects/Scoop/ScoopPortals/Scoop/Saved/Config/Windows/Engine.ini]
[2021.04.06-11.51.54:239][  0]LogConfig: Setting CVar [[r.GPUCrashDebugging:0]]
[2021.04.06-11.51.54:239][  0]LogConfig: Setting CVar [[r.DefaultFeature.AutoExposure.ExtendDefaultLuminanceRange:1]]
[2021.04.06-11.51.54:239][  0]LogConfig: Setting CVar [[r.CustomDepth:3]]
[2021.04.06-11.51.54:239][  0]LogConfig: Setting CVar [[r.DefaultFeature.MotionBlur:0]]
[2021.04.06-11.51.54:239][  0]LogConfig: Setting CVar [[r.DefaultFeature.AutoExposure:0]]
[2021.04.06-11.51.54:239][  0]LogConfig: Setting CVar [[r.DefaultFeature.AntiAliasing:1]]
[2021.04.06-11.51.54:241][  0]LogConfig: Setting CVar [[r.AllowGlobalClipPlane:1]]
[2021.04.06-11.51.54:241][  0]LogConfig: Applying CVar settings from Section [/Script/Engine.RendererOverrideSettings] File [C:/Users/julia/Documents/Unreal Projects/Scoop/ScoopPortals/Scoop/Saved/Config/Windows/Engine.ini]
[2021.04.06-11.51.54:241][  0]LogConfig: Applying CVar settings from Section [/Script/Engine.StreamingSettings] File [C:/Users/julia/Documents/Unreal Projects/Scoop/ScoopPortals/Scoop/Saved/Config/Windows/Engine.ini]
[2021.04.06-11.51.54:241][  0]LogConfig: Setting CVar [[s.MinBulkDataSizeForAsyncLoading:131072]]
[2021.04.06-11.51.54:241][  0]LogConfig: Setting CVar [[s.AsyncLoadingThreadEnabled:0]]
[2021.04.06-11.51.54:241][  0]LogConfig: Setting CVar [[s.EventDrivenLoaderEnabled:1]]
[2021.04.06-11.51.54:241][  0]LogConfig: Setting CVar [[s.WarnIfTimeLimitExceeded:0]]
[2021.04.06-11.51.54:241][  0]LogConfig: Setting CVar [[s.TimeLimitExceededMultiplier:1.5]]
[2021.04.06-11.51.54:241][  0]LogConfig: Setting CVar [[s.TimeLimitExceededMinTime:0.005]]
[2021.04.06-11.51.54:241][  0]LogConfig: Setting CVar [[s.UseBackgroundLevelStreaming:1]]
[2021.04.06-11.51.54:241][  0]LogConfig: Setting CVar [[s.PriorityAsyncLoadingExtraTime:15.0]]
[2021.04.06-11.51.54:241][  0]LogConfig: Setting CVar [[s.LevelStreamingActorsUpdateTimeLimit:5.0]]
[2021.04.06-11.51.54:241][  0]LogConfig: Setting CVar [[s.PriorityLevelStreamingActorsUpdateExtraTime:5.0]]
[2021.04.06-11.51.54:241][  0]LogConfig: Setting CVar [[s.LevelStreamingComponentsRegistrationGranularity:10]]
[2021.04.06-11.51.54:241][  0]LogConfig: Setting CVar [[s.UnregisterComponentsTimeLimit:1.0]]
[2021.04.06-11.51.54:241][  0]LogConfig: Setting CVar [[s.LevelStreamingComponentsUnregistrationGranularity:5]]
[2021.04.06-11.51.54:241][  0]LogConfig: Setting CVar [[s.FlushStreamingOnExit:1]]
[2021.04.06-11.51.54:241][  0]LogConfig: Applying CVar settings from Section [/Script/Engine.GarbageCollectionSettings] File [C:/Users/julia/Documents/Unreal Projects/Scoop/ScoopPortals/Scoop/Saved/Config/Windows/Engine.ini]
[2021.04.06-11.51.54:241][  0]LogConfig: Setting CVar [[gc.MaxObjectsNotConsideredByGC:1]]
[2021.04.06-11.51.54:241][  0]LogConfig: Setting CVar [[gc.SizeOfPermanentObjectPool:0]]
[2021.04.06-11.51.54:241][  0]LogConfig: Setting CVar [[gc.FlushStreamingOnGC:0]]
[2021.04.06-11.51.54:241][  0]LogConfig: Setting CVar [[gc.NumRetriesBeforeForcingGC:10]]
[2021.04.06-11.51.54:241][  0]LogConfig: Setting CVar [[gc.AllowParallelGC:1]]
[2021.04.06-11.51.54:241][  0]LogConfig: Setting CVar [[gc.TimeBetweenPurgingPendingKillObjects:61.1]]
[2021.04.06-11.51.54:241][  0]LogConfig: Setting CVar [[gc.MaxObjectsInEditor:25165824]]
[2021.04.06-11.51.54:241][  0]LogConfig: Setting CVar [[gc.IncrementalBeginDestroyEnabled:1]]
[2021.04.06-11.51.54:241][  0]LogConfig: Setting CVar [[gc.CreateGCClusters:1]]
[2021.04.06-11.51.54:241][  0]LogConfig: Setting CVar [[gc.MinGCClusterSize:5]]
[2021.04.06-11.51.54:241][  0]LogConfig: Setting CVar [[gc.ActorClusteringEnabled:0]]
[2021.04.06-11.51.54:241][  0]LogConfig: Setting CVar [[gc.BlueprintClusteringEnabled:0]]
[2021.04.06-11.51.54:241][  0]LogConfig: Setting CVar [[gc.UseDisregardForGCOnDedicatedServers:0]]
[2021.04.06-11.51.54:241][  0]LogConfig: Applying CVar settings from Section [/Script/Engine.NetworkSettings] File [C:/Users/julia/Documents/Unreal Projects/Scoop/ScoopPortals/Scoop/Saved/Config/Windows/Engine.ini]
[2021.04.06-11.51.54:241][  0]LogConfig: Applying CVar settings from Section [/Script/UnrealEd.CookerSettings] File [C:/Users/julia/Documents/Unreal Projects/Scoop/ScoopPortals/Scoop/Saved/Config/Windows/Engine.ini]
[2021.04.06-11.51.54:241][  0]LogConfig: Applying CVar settings from Section [ViewDistanceQuality@3] File [C:/Users/julia/Documents/Unreal Projects/Scoop/ScoopPortals/Scoop/Saved/Config/Windows/Scalability.ini]
[2021.04.06-11.51.54:241][  0]LogConfig: Setting CVar [[r.SkeletalMeshLODBias:0]]
[2021.04.06-11.51.54:241][  0]LogConfig: Setting CVar [[r.ViewDistanceScale:1.0]]
[2021.04.06-11.51.54:241][  0]LogConfig: Applying CVar settings from Section [AntiAliasingQuality@3] File [C:/Users/julia/Documents/Unreal Projects/Scoop/ScoopPortals/Scoop/Saved/Config/Windows/Scalability.ini]
[2021.04.06-11.51.54:241][  0]LogConfig: Setting CVar [[r.PostProcessAAQuality:4]]
[2021.04.06-11.51.54:241][  0]LogConfig: Applying CVar settings from Section [ShadowQuality@3] File [C:/Users/julia/Documents/Unreal Projects/Scoop/ScoopPortals/Scoop/Saved/Config/Windows/Scalability.ini]
[2021.04.06-11.51.54:241][  0]LogConfig: Setting CVar [[r.LightFunctionQuality:1]]
[2021.04.06-11.51.54:241][  0]LogConfig: Setting CVar [[r.ShadowQuality:5]]
[2021.04.06-11.51.54:241][  0]LogConfig: Setting CVar [[r.Shadow.CSM.MaxCascades:10]]
[2021.04.06-11.51.54:241][  0]LogConfig: Setting CVar [[r.Shadow.MaxResolution:2048]]
[2021.04.06-11.51.54:241][  0]LogConfig: Setting CVar [[r.Shadow.MaxCSMResolution:2048]]
[2021.04.06-11.51.54:241][  0]LogConfig: Setting CVar [[r.Shadow.RadiusThreshold:0.01]]
[2021.04.06-11.51.54:241][  0]LogConfig: Setting CVar [[r.Shadow.DistanceScale:1.0]]
[2021.04.06-11.51.54:241][  0]LogConfig: Setting CVar [[r.Shadow.CSM.TransitionScale:1.0]]
[2021.04.06-11.51.54:241][  0]LogConfig: Setting CVar [[r.Shadow.PreShadowResolutionFactor:1.0]]
[2021.04.06-11.51.54:241][  0]LogConfig: Setting CVar [[r.DistanceFieldShadowing:1]]
[2021.04.06-11.51.54:241][  0]LogConfig: Setting CVar [[r.DistanceFieldAO:1]]
[2021.04.06-11.51.54:241][  0]LogConfig: Setting CVar [[r.AOQuality:2]]
[2021.04.06-11.51.54:241][  0]LogConfig: Setting CVar [[r.VolumetricFog:1]]
[2021.04.06-11.51.54:241][  0]LogConfig: Setting CVar [[r.VolumetricFog.GridPixelSize:8]]
[2021.04.06-11.51.54:241][  0]LogConfig: Setting CVar [[r.VolumetricFog.GridSizeZ:128]]
[2021.04.06-11.51.54:241][  0]LogConfig: Setting CVar [[r.VolumetricFog.HistoryMissSupersampleCount:4]]
[2021.04.06-11.51.54:241][  0]LogConfig: Setting CVar [[r.LightMaxDrawDistanceScale:1]]
[2021.04.06-11.51.54:241][  0]LogConfig: Setting CVar [[r.CapsuleShadows:1]]
[2021.04.06-11.51.54:241][  0]LogConfig: Applying CVar settings from Section [PostProcessQuality@3] File [C:/Users/julia/Documents/Unreal Projects/Scoop/ScoopPortals/Scoop/Saved/Config/Windows/Scalability.ini]
[2021.04.06-11.51.54:241][  0]LogConfig: Setting CVar [[r.MotionBlurQuality:4]]
[2021.04.06-11.51.54:241][  0]LogConfig: Setting CVar [[r.AmbientOcclusionMipLevelFactor:0.4]]
[2021.04.06-11.51.54:243][  0]LogConfig: Setting CVar [[r.AmbientOcclusionMaxQuality:100]]
[2021.04.06-11.51.54:243][  0]LogConfig: Setting CVar [[r.AmbientOcclusionLevels:-1]]
[2021.04.06-11.51.54:243][  0]LogConfig: Setting CVar [[r.AmbientOcclusionRadiusScale:1.0]]
[2021.04.06-11.51.54:243][  0]LogConfig: Setting CVar [[r.DepthOfFieldQuality:2]]
[2021.04.06-11.51.54:243][  0]LogConfig: Setting CVar [[r.RenderTargetPoolMin:400]]
[2021.04.06-11.51.54:243][  0]LogConfig: Setting CVar [[r.LensFlareQuality:2]]
[2021.04.06-11.51.54:243][  0]LogConfig: Setting CVar [[r.SceneColorFringeQuality:1]]
[2021.04.06-11.51.54:243][  0]LogConfig: Setting CVar [[r.EyeAdaptationQuality:2]]
[2021.04.06-11.51.54:243][  0]LogConfig: Setting CVar [[r.BloomQuality:5]]
[2021.04.06-11.51.54:243][  0]LogConfig: Setting CVar [[r.FastBlurThreshold:100]]
[2021.04.06-11.51.54:243][  0]LogConfig: Setting CVar [[r.Upscale.Quality:3]]
[2021.04.06-11.51.54:243][  0]LogConfig: Setting CVar [[r.Tonemapper.GrainQuantization:1]]
[2021.04.06-11.51.54:243][  0]LogConfig: Setting CVar [[r.LightShaftQuality:1]]
[2021.04.06-11.51.54:243][  0]LogConfig: Setting CVar [[r.Filter.SizeScale:1]]
[2021.04.06-11.51.54:243][  0]LogConfig: Setting CVar [[r.Tonemapper.Quality:5]]
[2021.04.06-11.51.54:243][  0]LogConfig: Setting CVar [[r.DOF.Gather.AccumulatorQuality:1        ; higher gathering accumulator quality]]
[2021.04.06-11.51.54:243][  0]LogConfig: Setting CVar [[r.DOF.Gather.PostfilterMethod:1          ; Median3x3 postfilering method]]
[2021.04.06-11.51.54:243][  0]LogConfig: Setting CVar [[r.DOF.Gather.EnableBokehSettings:0       ; no bokeh simulation when gathering]]
[2021.04.06-11.51.54:243][  0]LogConfig: Setting CVar [[r.DOF.Gather.RingCount:4                 ; medium number of samples when gathering]]
[2021.04.06-11.51.54:243][  0]LogConfig: Setting CVar [[r.DOF.Scatter.ForegroundCompositing:1    ; additive foreground scattering]]
[2021.04.06-11.51.54:243][  0]LogConfig: Setting CVar [[r.DOF.Scatter.BackgroundCompositing:2    ; additive background scattering]]
[2021.04.06-11.51.54:243][  0]LogConfig: Setting CVar [[r.DOF.Scatter.EnableBokehSettings:1      ; bokeh simulation when scattering]]
[2021.04.06-11.51.54:243][  0]LogConfig: Setting CVar [[r.DOF.Scatter.MaxSpriteRatio:0.1         ; only a maximum of 10% of scattered bokeh]]
[2021.04.06-11.51.54:243][  0]LogConfig: Setting CVar [[r.DOF.Recombine.Quality:1                ; cheap slight out of focus]]
[2021.04.06-11.51.54:243][  0]LogConfig: Setting CVar [[r.DOF.Recombine.EnableBokehSettings:0    ; no bokeh simulation on slight out of focus]]
[2021.04.06-11.51.54:243][  0]LogConfig: Setting CVar [[r.DOF.TemporalAAQuality:1                ; more stable temporal accumulation]]
[2021.04.06-11.51.54:243][  0]LogConfig: Setting CVar [[r.DOF.Kernel.MaxForegroundRadius:0.025]]
[2021.04.06-11.51.54:243][  0]LogConfig: Setting CVar [[r.DOF.Kernel.MaxBackgroundRadius:0.025]]
[2021.04.06-11.51.54:243][  0]LogConfig: Applying CVar settings from Section [TextureQuality@3] File [C:/Users/julia/Documents/Unreal Projects/Scoop/ScoopPortals/Scoop/Saved/Config/Windows/Scalability.ini]
[2021.04.06-11.51.54:243][  0]LogConfig: Setting CVar [[r.Streaming.MipBias:0]]
[2021.04.06-11.51.54:243][  0]LogConfig: Setting CVar [[r.Streaming.AmortizeCPUToGPUCopy:0]]
[2021.04.06-11.51.54:243][  0]LogConfig: Setting CVar [[r.Streaming.MaxNumTexturesToStreamPerFrame:0]]
[2021.04.06-11.51.54:243][  0]LogConfig: Setting CVar [[r.Streaming.Boost:1]]
[2021.04.06-11.51.54:243][  0]LogConfig: Setting CVar [[r.MaxAnisotropy:8]]
[2021.04.06-11.51.54:243][  0]LogConfig: Setting CVar [[r.VT.MaxAnisotropy:8]]
[2021.04.06-11.51.54:243][  0]LogConfig: Setting CVar [[r.Streaming.LimitPoolSizeToVRAM:0]]
[2021.04.06-11.51.54:243][  0]LogConfig: Setting CVar [[r.Streaming.PoolSize:1000]]
[2021.04.06-11.51.54:243][  0]LogConfig: Setting CVar [[r.Streaming.MaxEffectiveScreenSize:0]]
[2021.04.06-11.51.54:243][  0]LogConfig: Applying CVar settings from Section [EffectsQuality@3] File [C:/Users/julia/Documents/Unreal Projects/Scoop/ScoopPortals/Scoop/Saved/Config/Windows/Scalability.ini]
[2021.04.06-11.51.54:243][  0]LogConfig: Setting CVar [[r.TranslucencyLightingVolumeDim:64]]
[2021.04.06-11.51.54:243][  0]LogConfig: Setting CVar [[r.RefractionQuality:2]]
[2021.04.06-11.51.54:243][  0]LogConfig: Setting CVar [[r.SSR.Quality:3]]
[2021.04.06-11.51.54:243][  0]LogConfig: Setting CVar [[r.SSR.HalfResSceneColor:0]]
[2021.04.06-11.51.54:243][  0]LogConfig: Setting CVar [[r.SceneColorFormat:4]]
[2021.04.06-11.51.54:243][  0]LogConfig: Setting CVar [[r.DetailMode:2]]
[2021.04.06-11.51.54:243][  0]LogConfig: Setting CVar [[r.TranslucencyVolumeBlur:1]]
[2021.04.06-11.51.54:243][  0]LogConfig: Setting CVar [[r.MaterialQualityLevel:1 ; High quality]]
[2021.04.06-11.51.54:243][  0]LogConfig: Setting CVar [[r.SSS.Scale:1]]
[2021.04.06-11.51.54:243][  0]LogConfig: Setting CVar [[r.SSS.SampleSet:2]]
[2021.04.06-11.51.54:243][  0]LogConfig: Setting CVar [[r.SSS.Quality:1]]
[2021.04.06-11.51.54:243][  0]LogConfig: Setting CVar [[r.SSS.HalfRes:0]]
[2021.04.06-11.51.54:243][  0]LogConfig: Setting CVar [[r.SSGI.Quality:3]]
[2021.04.06-11.51.54:243][  0]LogConfig: Setting CVar [[r.EmitterSpawnRateScale:1.0]]
[2021.04.06-11.51.54:243][  0]LogConfig: Setting CVar [[r.ParticleLightQuality:2]]
[2021.04.06-11.51.54:243][  0]LogConfig: Setting CVar [[r.SkyAtmosphere.AerialPerspectiveLUT.FastApplyOnOpaque:1 ; Always have FastSkyLUT 1 in this case to avoid wrong sky]]
[2021.04.06-11.51.54:243][  0]LogConfig: Setting CVar [[r.SkyAtmosphere.AerialPerspectiveLUT.SampleCountPerSlice:1]]
[2021.04.06-11.51.54:243][  0]LogConfig: Setting CVar [[r.SkyAtmosphere.AerialPerspectiveLUT.DepthResolution:16.0]]
[2021.04.06-11.51.54:243][  0]LogConfig: Setting CVar [[r.SkyAtmosphere.FastSkyLUT:1]]
[2021.04.06-11.51.54:243][  0]LogConfig: Setting CVar [[r.SkyAtmosphere.FastSkyLUT.SampleCountMin:4.0]]
[2021.04.06-11.51.54:243][  0]LogConfig: Setting CVar [[r.SkyAtmosphere.FastSkyLUT.SampleCountMax:32.0]]
[2021.04.06-11.51.54:243][  0]LogConfig: Setting CVar [[r.SkyAtmosphere.SampleCountMin:4.0]]
[2021.04.06-11.51.54:243][  0]LogConfig: Setting CVar [[r.SkyAtmosphere.SampleCountMax:32.0]]
[2021.04.06-11.51.54:243][  0]LogConfig: Setting CVar [[r.SkyAtmosphere.TransmittanceLUT.UseSmallFormat:0]]
[2021.04.06-11.51.54:243][  0]LogConfig: Setting CVar [[r.SkyAtmosphere.TransmittanceLUT.SampleCount:10.0]]
[2021.04.06-11.51.54:243][  0]LogConfig: Setting CVar [[r.SkyAtmosphere.MultiScatteringLUT.SampleCount:15.0]]
[2021.04.06-11.51.54:243][  0]LogConfig: Applying CVar settings from Section [FoliageQuality@3] File [C:/Users/julia/Documents/Unreal Projects/Scoop/ScoopPortals/Scoop/Saved/Config/Windows/Scalability.ini]
[2021.04.06-11.51.54:243][  0]LogConfig: Setting CVar [[foliage.DensityScale:1.0]]
[2021.04.06-11.51.54:243][  0]LogConfig: Setting CVar [[grass.DensityScale:1.0]]
[2021.04.06-11.51.54:243][  0]LogConfig: Applying CVar settings from Section [ShadingQuality@3] File [C:/Users/julia/Documents/Unreal Projects/Scoop/ScoopPortals/Scoop/Saved/Config/Windows/Scalability.ini]
[2021.04.06-11.51.54:243][  0]LogConfig: Setting CVar [[r.HairStrands.SkyLighting.SampleCount:16]]
[2021.04.06-11.51.54:243][  0]LogConfig: Setting CVar [[r.HairStrands.SkyLighting.JitterIntegration:0]]
[2021.04.06-11.51.54:243][  0]LogConfig: Setting CVar [[r.HairStrands.SkyAO.SampleCount:16]]
[2021.04.06-11.51.54:243][  0]LogConfig: Setting CVar [[r.HairStrands.DeepShadow.SuperSampling:0]]
[2021.04.06-11.51.54:243][  0]LogConfig: Setting CVar [[r.HairStrands.VisibilityPPLL:0]]
[2021.04.06-11.51.54:243][  0]LogConfig: Setting CVar [[r.HairStrands.RasterizationScale:0.5]]
[2021.04.06-11.51.54:243][  0]LogConfig: Setting CVar [[r.HairStrands.VelocityRasterizationScale:1]]
[2021.04.06-11.51.54:243][  0]LogInit: Selected Device Profile: [Windows]
[2021.04.06-11.51.54:243][  0]LogInit: Applying CVar settings loaded from the selected device profile: [Windows]
[2021.04.06-11.51.54:243][  0]LogHAL: Display: Platform has ~ 16 GB [16992124928 / 17179869184 / 16], which maps to Larger [LargestMinGB=32, LargerMinGB=12, DefaultMinGB=8, SmallerMinGB=6, SmallestMinGB=0)
[2021.04.06-11.51.54:243][  0]LogInit: Going up to parent DeviceProfile []
[2021.04.06-11.51.54:243][  0]LogConfig: Applying CVar settings from Section [ViewDistanceQuality@Cine] File [C:/Users/julia/Documents/Unreal Projects/Scoop/ScoopPortals/Scoop/Saved/Config/Windows/Scalability.ini]
[2021.04.06-11.51.54:243][  0]LogConfig: Setting CVar [[r.SkeletalMeshLODBias:0]]
[2021.04.06-11.51.54:243][  0]LogConfig: Setting CVar [[r.ViewDistanceScale:10.0]]
[2021.04.06-11.51.54:243][  0]LogConfig: Applying CVar settings from Section [AntiAliasingQuality@Cine] File [C:/Users/julia/Documents/Unreal Projects/Scoop/ScoopPortals/Scoop/Saved/Config/Windows/Scalability.ini]
[2021.04.06-11.51.54:243][  0]LogConfig: Setting CVar [[r.PostProcessAAQuality:6]]
[2021.04.06-11.51.54:243][  0]LogConfig: Applying CVar settings from Section [ShadowQuality@Cine] File [C:/Users/julia/Documents/Unreal Projects/Scoop/ScoopPortals/Scoop/Saved/Config/Windows/Scalability.ini]
[2021.04.06-11.51.54:243][  0]LogConfig: Setting CVar [[r.LightFunctionQuality:1]]
[2021.04.06-11.51.54:243][  0]LogConfig: Setting CVar [[r.ShadowQuality:5]]
[2021.04.06-11.51.54:243][  0]LogConfig: Setting CVar [[r.Shadow.CSM.MaxCascades:10]]
[2021.04.06-11.51.54:243][  0]LogConfig: Setting CVar [[r.Shadow.MaxResolution:4096]]
[2021.04.06-11.51.54:243][  0]LogConfig: Setting CVar [[r.Shadow.MaxCSMResolution:4096]]
[2021.04.06-11.51.54:243][  0]LogConfig: Setting CVar [[r.Shadow.RadiusThreshold:0]]
[2021.04.06-11.51.54:243][  0]LogConfig: Setting CVar [[r.Shadow.DistanceScale:1.0]]
[2021.04.06-11.51.54:243][  0]LogConfig: Setting CVar [[r.Shadow.CSM.TransitionScale:1.0]]
[2021.04.06-11.51.54:243][  0]LogConfig: Setting CVar [[r.Shadow.PreShadowResolutionFactor:1.0]]
[2021.04.06-11.51.54:243][  0]LogConfig: Setting CVar [[r.DistanceFieldShadowing:1]]
[2021.04.06-11.51.54:243][  0]LogConfig: Setting CVar [[r.DistanceFieldAO:1]]
[2021.04.06-11.51.54:243][  0]LogConfig: Setting CVar [[r.AOQuality:2]]
[2021.04.06-11.51.54:243][  0]LogConfig: Setting CVar [[r.VolumetricFog:1]]
[2021.04.06-11.51.54:243][  0]LogConfig: Setting CVar [[r.VolumetricFog.GridPixelSize:4]]
[2021.04.06-11.51.54:243][  0]LogConfig: Setting CVar [[r.VolumetricFog.GridSizeZ:128]]
[2021.04.06-11.51.54:243][  0]LogConfig: Setting CVar [[r.VolumetricFog.HistoryMissSupersampleCount:16]]
[2021.04.06-11.51.54:243][  0]LogConfig: Setting CVar [[r.LightMaxDrawDistanceScale:1]]
[2021.04.06-11.51.54:243][  0]LogConfig: Setting CVar [[r.CapsuleShadows:1]]
[2021.04.06-11.51.54:243][  0]LogConfig: Applying CVar settings from Section [PostProcessQuality@Cine] File [C:/Users/julia/Documents/Unreal Projects/Scoop/ScoopPortals/Scoop/Saved/Config/Windows/Scalability.ini]
[2021.04.06-11.51.54:243][  0]LogConfig: Setting CVar [[r.MotionBlurQuality:4]]
[2021.04.06-11.51.54:243][  0]LogConfig: Setting CVar [[r.AmbientOcclusionMipLevelFactor:0.4]]
[2021.04.06-11.51.54:243][  0]LogConfig: Setting CVar [[r.AmbientOcclusionMaxQuality:100]]
[2021.04.06-11.51.54:243][  0]LogConfig: Setting CVar [[r.AmbientOcclusionLevels:-1]]
[2021.04.06-11.51.54:243][  0]LogConfig: Setting CVar [[r.AmbientOcclusionRadiusScale:1.0]]
[2021.04.06-11.51.54:243][  0]LogConfig: Setting CVar [[r.DepthOfFieldQuality:4]]
[2021.04.06-11.51.54:243][  0]LogConfig: Setting CVar [[r.RenderTargetPoolMin:1000]]
[2021.04.06-11.51.54:243][  0]LogConfig: Setting CVar [[r.LensFlareQuality:3]]
[2021.04.06-11.51.54:243][  0]LogConfig: Setting CVar [[r.SceneColorFringeQuality:1]]
[2021.04.06-11.51.54:243][  0]LogConfig: Setting CVar [[r.EyeAdaptationQuality:2]]
[2021.04.06-11.51.54:243][  0]LogConfig: Setting CVar [[r.BloomQuality:5]]
[2021.04.06-11.51.54:243][  0]LogConfig: Setting CVar [[r.FastBlurThreshold:100]]
[2021.04.06-11.51.54:243][  0]LogConfig: Setting CVar [[r.Upscale.Quality:3]]
[2021.04.06-11.51.54:243][  0]LogConfig: Setting CVar [[r.Tonemapper.GrainQuantization:1]]
[2021.04.06-11.51.54:243][  0]LogConfig: Setting CVar [[r.LightShaftQuality:1]]
[2021.04.06-11.51.54:243][  0]LogConfig: Setting CVar [[r.Filter.SizeScale:1]]
[2021.04.06-11.51.54:243][  0]LogConfig: Setting CVar [[r.Tonemapper.Quality:5]]
[2021.04.06-11.51.54:243][  0]LogConfig: Setting CVar [[r.DOF.Gather.AccumulatorQuality:1        ; higher gathering accumulator quality]]
[2021.04.06-11.51.54:243][  0]LogConfig: Setting CVar [[r.DOF.Gather.PostfilterMethod:1          ; Median3x3 postfilering method]]
[2021.04.06-11.51.54:243][  0]LogConfig: Setting CVar [[r.DOF.Gather.EnableBokehSettings:1       ; bokeh simulation when gathering]]
[2021.04.06-11.51.54:243][  0]LogConfig: Setting CVar [[r.DOF.Gather.RingCount:5                 ; high number of samples when gathering]]
[2021.04.06-11.51.54:243][  0]LogConfig: Setting CVar [[r.DOF.Scatter.ForegroundCompositing:1    ; additive foreground scattering]]
[2021.04.06-11.51.54:243][  0]LogConfig: Setting CVar [[r.DOF.Scatter.BackgroundCompositing:2    ; background scattering occlusion]]
[2021.04.06-11.51.54:243][  0]LogConfig: Setting CVar [[r.DOF.Scatter.EnableBokehSettings:1      ; no bokeh simulation when scattering]]
[2021.04.06-11.51.54:243][  0]LogConfig: Setting CVar [[r.DOF.Scatter.MaxSpriteRatio:0.25        ; only a maximum of 10% of scattered bokeh]]
[2021.04.06-11.51.54:243][  0]LogConfig: Setting CVar [[r.DOF.Recombine.Quality:2                ; highest slight out of focus]]
[2021.04.06-11.51.54:243][  0]LogConfig: Setting CVar [[r.DOF.Recombine.EnableBokehSettings:1    ; bokeh simulation on slight out of focus]]
[2021.04.06-11.51.54:243][  0]LogConfig: Setting CVar [[r.DOF.TemporalAAQuality:1                ; more stable temporal accumulation]]
[2021.04.06-11.51.54:243][  0]LogConfig: Setting CVar [[r.DOF.Kernel.MaxForegroundRadius:0.025]]
[2021.04.06-11.51.54:243][  0]LogConfig: Setting CVar [[r.DOF.Kernel.MaxBackgroundRadius:0.025]]
[2021.04.06-11.51.54:243][  0]LogConfig: Applying CVar settings from Section [TextureQuality@Cine] File [C:/Users/julia/Documents/Unreal Projects/Scoop/ScoopPortals/Scoop/Saved/Config/Windows/Scalability.ini]
[2021.04.06-11.51.54:243][  0]LogConfig: Setting CVar [[r.Streaming.MipBias:0]]
[2021.04.06-11.51.54:243][  0]LogConfig: Setting CVar [[r.Streaming.AmortizeCPUToGPUCopy:0]]
[2021.04.06-11.51.54:243][  0]LogConfig: Setting CVar [[r.Streaming.MaxNumTexturesToStreamPerFrame:0]]
[2021.04.06-11.51.54:243][  0]LogConfig: Setting CVar [[r.Streaming.Boost:1]]
[2021.04.06-11.51.54:243][  0]LogConfig: Setting CVar [[r.MaxAnisotropy:8]]
[2021.04.06-11.51.54:243][  0]LogConfig: Setting CVar [[r.VT.MaxAnisotropy:8]]
[2021.04.06-11.51.54:243][  0]LogConfig: Setting CVar [[r.Streaming.LimitPoolSizeToVRAM:0]]
[2021.04.06-11.51.54:243][  0]LogConfig: Setting CVar [[r.Streaming.PoolSize:3000]]
[2021.04.06-11.51.54:243][  0]LogConfig: Setting CVar [[r.Streaming.MaxEffectiveScreenSize:0]]
[2021.04.06-11.51.54:243][  0]LogConfig: Applying CVar settings from Section [EffectsQuality@Cine] File [C:/Users/julia/Documents/Unreal Projects/Scoop/ScoopPortals/Scoop/Saved/Config/Windows/Scalability.ini]
[2021.04.06-11.51.54:243][  0]LogConfig: Setting CVar [[r.TranslucencyLightingVolumeDim:64]]
[2021.04.06-11.51.54:243][  0]LogConfig: Setting CVar [[r.RefractionQuality:2]]
[2021.04.06-11.51.54:243][  0]LogConfig: Setting CVar [[r.SSR.Quality:4]]
[2021.04.06-11.51.54:243][  0]LogConfig: Setting CVar [[r.SSR.HalfResSceneColor:0]]
[2021.04.06-11.51.54:243][  0]LogConfig: Setting CVar [[r.SceneColorFormat:4]]
[2021.04.06-11.51.54:243][  0]LogConfig: Setting CVar [[r.DetailMode:2]]
[2021.04.06-11.51.54:243][  0]LogConfig: Setting CVar [[r.TranslucencyVolumeBlur:1]]
[2021.04.06-11.51.54:243][  0]LogConfig: Setting CVar [[r.MaterialQualityLevel:1 ; High quality]]
[2021.04.06-11.51.54:243][  0]LogConfig: Setting CVar [[r.SSS.Scale:1]]
[2021.04.06-11.51.54:243][  0]LogConfig: Setting CVar [[r.SSS.SampleSet:2]]
[2021.04.06-11.51.54:243][  0]LogConfig: Setting CVar [[r.SSS.Quality:1]]
[2021.04.06-11.51.54:243][  0]LogConfig: Setting CVar [[r.SSS.HalfRes:0]]
[2021.04.06-11.51.54:243][  0]LogConfig: Setting CVar [[r.SSGI.Quality:4]]
[2021.04.06-11.51.54:243][  0]LogConfig: Setting CVar [[r.EmitterSpawnRateScale:1.0]]
[2021.04.06-11.51.54:243][  0]LogConfig: Setting CVar [[r.ParticleLightQuality:2]]
[2021.04.06-11.51.54:243][  0]LogConfig: Setting CVar [[r.SkyAtmosphere.AerialPerspectiveLUT.FastApplyOnOpaque:0]]
[2021.04.06-11.51.54:243][  0]LogConfig: Setting CVar [[r.SkyAtmosphere.AerialPerspectiveLUT.SampleCountPerSlice:2]]
[2021.04.06-11.51.54:243][  0]LogConfig: Setting CVar [[r.SkyAtmosphere.AerialPerspectiveLUT.DepthResolution:32.0]]
[2021.04.06-11.51.54:243][  0]LogConfig: Setting CVar [[r.SkyAtmosphere.FastSkyLUT:0]]
[2021.04.06-11.51.54:243][  0]LogConfig: Setting CVar [[r.SkyAtmosphere.FastSkyLUT.SampleCountMin:4.0]]
[2021.04.06-11.51.54:243][  0]LogConfig: Setting CVar [[r.SkyAtmosphere.FastSkyLUT.SampleCountMax:32.0]]
[2021.04.06-11.51.54:243][  0]LogConfig: Setting CVar [[r.SkyAtmosphere.SampleCountMin:8.0]]
[2021.04.06-11.51.54:243][  0]LogConfig: Setting CVar [[r.SkyAtmosphere.SampleCountMax:32.0]]
[2021.04.06-11.51.54:243][  0]LogConfig: Setting CVar [[r.SkyAtmosphere.TransmittanceLUT.UseSmallFormat:0]]
[2021.04.06-11.51.54:243][  0]LogConfig: Setting CVar [[r.SkyAtmosphere.TransmittanceLUT.SampleCount:30.0]]
[2021.04.06-11.51.54:243][  0]LogConfig: Setting CVar [[r.SkyAtmosphere.MultiScatteringLUT.SampleCount:20.0]]
[2021.04.06-11.51.54:243][  0]LogConfig: Applying CVar settings from Section [FoliageQuality@Cine] File [C:/Users/julia/Documents/Unreal Projects/Scoop/ScoopPortals/Scoop/Saved/Config/Windows/Scalability.ini]
[2021.04.06-11.51.54:243][  0]LogConfig: Setting CVar [[foliage.DensityScale:1.0]]
[2021.04.06-11.51.54:243][  0]LogConfig: Setting CVar [[grass.DensityScale:1.0]]
[2021.04.06-11.51.54:243][  0]LogConfig: Applying CVar settings from Section [ShadingQuality@Cine] File [C:/Users/julia/Documents/Unreal Projects/Scoop/ScoopPortals/Scoop/Saved/Config/Windows/Scalability.ini]
[2021.04.06-11.51.54:243][  0]LogConfig: Setting CVar [[r.HairStrands.SkyLighting.SampleCount:64]]
[2021.04.06-11.51.54:243][  0]LogConfig: Setting CVar [[r.HairStrands.SkyLighting.JitterIntegration:1]]
[2021.04.06-11.51.54:243][  0]LogConfig: Setting CVar [[r.HairStrands.SkyAO.SampleCount:32]]
[2021.04.06-11.51.54:243][  0]LogConfig: Setting CVar [[r.HairStrands.DeepShadow.SuperSampling:1]]
[2021.04.06-11.51.54:243][  0]LogConfig: Setting CVar [[r.HairStrands.RasterizationScale:1]]
[2021.04.06-11.51.54:243][  0]LogConfig: Setting CVar [[r.HairStrands.VelocityRasterizationScale:1]]
[2021.04.06-11.51.54:243][  0]LogConfig: Setting CVar [[r.HairStrands.VisibilityPPLL:1]]
[2021.04.06-11.51.54:243][  0]LogConfig: Applying CVar settings from Section [Startup] File [../../../Engine/Config/ConsoleVariables.ini]
[2021.04.06-11.51.54:244][  0]LogConfig: Setting CVar [[net.UseAdaptiveNetUpdateFrequency:0]]
[2021.04.06-11.51.54:244][  0]LogConfig: Setting CVar [[p.chaos.AllowCreatePhysxBodies:1]]
[2021.04.06-11.51.54:244][  0]LogConfig: Setting CVar [[fx.SkipVectorVMBackendOptimizations:1]]
[2021.04.06-11.51.54:244][  0]LogConfig: Applying CVar settings from Section [ConsoleVariables] File [C:/Users/julia/Documents/Unreal Projects/Scoop/ScoopPortals/Scoop/Saved/Config/Windows/Engine.ini]
[2021.04.06-11.51.54:244][  0]LogInit: Computer: MSI
[2021.04.06-11.51.54:244][  0]LogInit: User: julia
[2021.04.06-11.51.54:244][  0]LogInit: CPU Page size=4096, Cores=6
[2021.04.06-11.51.54:244][  0]LogInit: High frequency timer resolution =10.000000 MHz
[2021.04.06-11.51.54:244][  0]LogMemory: Memory total: Physical=15.8GB (16GB approx)
[2021.04.06-11.51.54:244][  0]LogMemory: Platform Memory Stats for Windows
[2021.04.06-11.51.54:244][  0]LogMemory: Process Physical Memory: 120.25 MB used, 120.26 MB peak
[2021.04.06-11.51.54:244][  0]LogMemory: Process Virtual Memory: 109.20 MB used, 109.20 MB peak
[2021.04.06-11.51.54:244][  0]LogMemory: Physical Memory: 8549.48 MB used,  7655.47 MB free, 16204.95 MB total
[2021.04.06-11.51.54:244][  0]LogMemory: Virtual Memory: 5216.39 MB used,  134212512.00 MB free, 134217728.00 MB total
[2021.04.06-11.51.54:247][  0]LogWindows: WindowsPlatformFeatures enabled
[2021.04.06-11.51.54:270][  0]LogInit: Physics initialised using underlying interface: PhysX
[2021.04.06-11.51.54:270][  0]LogInit: Using OS detected language (en-US).
[2021.04.06-11.51.54:270][  0]LogInit: Using OS detected locale (en-US).
[2021.04.06-11.51.54:273][  0]LogTextLocalizationManager: No specific localization for 'en-US' exists, so the 'en' localization will be used.
[2021.04.06-11.51.54:401][  0]LogInit: Setting process to per monitor DPI aware
[2021.04.06-11.51.54:421][  0]LogSlate: New Slate User Created.  User Index 0, Is Virtual User: 0
[2021.04.06-11.51.54:421][  0]LogSlate: Slate User Registered.  User Index 0, Is Virtual User: 0
[2021.04.06-11.51.54:533][  0]LogHMD: Failed to initialize OpenVR with code 110
[2021.04.06-11.51.54:533][  0]LogD3D11RHI: D3D11 min allowed feature level: 11_0
[2021.04.06-11.51.54:533][  0]LogD3D11RHI: D3D11 max allowed feature level: 11_0
[2021.04.06-11.51.54:533][  0]LogD3D11RHI: D3D11 adapters:
[2021.04.06-11.51.54:604][  0]LogD3D11RHI:    0. 'NVIDIA GeForce RTX 2070' (Feature Level 11_0)
[2021.04.06-11.51.54:604][  0]LogD3D11RHI:       8031/0/8102 MB DedicatedVideo/DedicatedSystem/SharedSystem, Outputs:1, VendorId:0x10de
[2021.04.06-11.51.54:626][  0]LogD3D11RHI:    1. 'Intel(R) UHD Graphics' (Feature Level 11_0)
[2021.04.06-11.51.54:626][  0]LogD3D11RHI:       128/0/8102 MB DedicatedVideo/DedicatedSystem/SharedSystem, Outputs:0, VendorId:0x8086
[2021.04.06-11.51.54:628][  0]LogD3D11RHI:    2. 'Microsoft Basic Render Driver' (Feature Level 11_0)
[2021.04.06-11.51.54:628][  0]LogD3D11RHI:       0/0/8102 MB DedicatedVideo/DedicatedSystem/SharedSystem, Outputs:0, VendorId:0x1414
[2021.04.06-11.51.54:628][  0]LogD3D11RHI: Chosen D3D11 Adapter: 0
[2021.04.06-11.51.54:641][  0]LogD3D11RHI: Creating new Direct3DDevice
[2021.04.06-11.51.54:641][  0]LogD3D11RHI:     GPU DeviceId: 0x1f14 (for the marketing name, search the web for "GPU Device Id")
[2021.04.06-11.51.54:641][  0]LogWindows: EnumDisplayDevices:
[2021.04.06-11.51.54:641][  0]LogWindows:    0. 'Intel(R) UHD Graphics' (P:1 D:1)
[2021.04.06-11.51.54:641][  0]LogWindows:    1. 'Intel(R) UHD Graphics' (P:0 D:0)
[2021.04.06-11.51.54:641][  0]LogWindows:    2. 'Intel(R) UHD Graphics' (P:0 D:0)
[2021.04.06-11.51.54:642][  0]LogWindows:    3. 'NVIDIA GeForce RTX 2070' (P:0 D:0)
[2021.04.06-11.51.54:642][  0]LogWindows:    4. 'NVIDIA GeForce RTX 2070' (P:0 D:0)
[2021.04.06-11.51.54:642][  0]LogWindows:    5. 'NVIDIA GeForce RTX 2070' (P:0 D:0)
[2021.04.06-11.51.54:642][  0]LogWindows:    6. 'NVIDIA GeForce RTX 2070' (P:0 D:0)
[2021.04.06-11.51.54:642][  0]LogWindows: DebugString: PrimaryIsNotTheChoosenAdapter PrimaryIsNotTheChoosenAdapter PrimaryIsNotTheChoosenAdapter FoundDriverCount:4 
[2021.04.06-11.51.54:642][  0]LogD3D11RHI:     Adapter Name: NVIDIA GeForce RTX 2070
[2021.04.06-11.51.54:642][  0]LogD3D11RHI:   Driver Version: 452.06 (internal:27.21.14.5206, unified:452.06)
[2021.04.06-11.51.54:642][  0]LogD3D11RHI:      Driver Date: 8-12-2020
[2021.04.06-11.51.54:642][  0]LogRHI: Texture pool is 5621 MB (70% of 8031 MB)
[2021.04.06-11.51.54:692][  0]LogD3D11RHI: RHI has support for 64 bit atomics
[2021.04.06-11.51.54:692][  0]LogD3D11RHI: Async texture creation enabled
[2021.04.06-11.51.54:692][  0]LogD3D11RHI: Array index from any shader is supported
[2021.04.06-11.51.54:703][  0]LogD3D11RHI: GPU Timing Frequency: 1000.000000 (Debug: 2 1)
[2021.04.06-11.51.54:907][  0]LogTargetPlatformManager: Display: Loaded TargetPlatform 'AllDesktop'
[2021.04.06-11.51.54:925][  0]LogTargetPlatformManager: Display: Loaded TargetPlatform 'Android'
[2021.04.06-11.51.54:925][  0]LogTargetPlatformManager: Display: Loaded TargetPlatform 'Android_ASTC'
[2021.04.06-11.51.54:925][  0]LogTargetPlatformManager: Display: Loaded TargetPlatform 'Android_DXT'
[2021.04.06-11.51.54:925][  0]LogTargetPlatformManager: Display: Loaded TargetPlatform 'Android_ETC2'
[2021.04.06-11.51.54:925][  0]LogTargetPlatformManager: Display: Loaded TargetPlatform 'AndroidClient'
[2021.04.06-11.51.54:925][  0]LogTargetPlatformManager: Display: Loaded TargetPlatform 'Android_ASTCClient'
[2021.04.06-11.51.54:925][  0]LogTargetPlatformManager: Display: Loaded TargetPlatform 'Android_DXTClient'
[2021.04.06-11.51.54:925][  0]LogTargetPlatformManager: Display: Loaded TargetPlatform 'Android_ETC2Client'
[2021.04.06-11.51.54:925][  0]LogTargetPlatformManager: Display: Loaded TargetPlatform 'Android_Multi'
[2021.04.06-11.51.54:925][  0]LogTargetPlatformManager: Display: Loaded TargetPlatform 'Android_MultiClient'
[2021.04.06-11.51.54:945][  0]LogTargetPlatformManager: Display: Loaded TargetPlatform 'IOSClient'
[2021.04.06-11.51.54:945][  0]LogTargetPlatformManager: Display: Loaded TargetPlatform 'IOS'
[2021.04.06-11.51.54:954][  0]LogTargetPlatformManager: Display: Loaded TargetPlatform 'Linux'
[2021.04.06-11.51.54:963][  0]LogTargetPlatformManager: Display: Loaded TargetPlatform 'LinuxNoEditor'
[2021.04.06-11.51.54:969][  0]LogTargetPlatformManager: Display: Loaded TargetPlatform 'LinuxClient'
[2021.04.06-11.51.54:977][  0]LogTargetPlatformManager: Display: Loaded TargetPlatform 'LinuxServer'
[2021.04.06-11.51.54:984][  0]LogTargetPlatformManager: Display: Loaded TargetPlatform 'LinuxAArch64NoEditor'
[2021.04.06-11.51.54:992][  0]LogTargetPlatformManager: Display: Loaded TargetPlatform 'LinuxAArch64Client'
[2021.04.06-11.51.55:000][  0]LogTargetPlatformManager: Display: Loaded TargetPlatform 'LinuxAArch64Server'
[2021.04.06-11.51.55:025][  0]LogTargetPlatformManager: Display: Loaded TargetPlatform 'Lumin'
[2021.04.06-11.51.55:025][  0]LogTargetPlatformManager: Display: Loaded TargetPlatform 'LuminClient'
[2021.04.06-11.51.55:039][  0]LogTargetPlatformManager: Display: Loaded TargetPlatform 'TVOSClient'
[2021.04.06-11.51.55:039][  0]LogTargetPlatformManager: Display: Loaded TargetPlatform 'TVOS'
[2021.04.06-11.51.55:046][  0]LogTargetPlatformManager: Display: Loaded TargetPlatform 'WindowsNoEditor'
[2021.04.06-11.51.55:055][  0]LogTargetPlatformManager: Display: Loaded TargetPlatform 'Windows'
[2021.04.06-11.51.55:062][  0]LogTargetPlatformManager: Display: Loaded TargetPlatform 'WindowsClient'
[2021.04.06-11.51.55:070][  0]LogTargetPlatformManager: Display: Loaded TargetPlatform 'WindowsServer'
[2021.04.06-11.51.55:070][  0]LogTargetPlatformManager: Display: Building Assets For Windows
[2021.04.06-11.51.55:074][  0]LogAudioDebug: Display: Lib vorbis DLL was dynamically loaded.
[2021.04.06-11.51.55:112][  0]LogShaderCompilers: Guid format shader working directory is -34 characters bigger than the processId version (../../../../../../Users/julia/Documents/Unreal Projects/Scoop/ScoopPortals/Scoop/Intermediate/Shaders/WorkingDirectory/5048/).
[2021.04.06-11.51.55:112][  0]LogShaderCompilers: Cleaned the shader compiler working directory 'C:/Users/julia/AppData/Local/Temp/UnrealShaderWorkingDir/36E737B64D9BF309813F1BBD31027CA7/'.
[2021.04.06-11.51.55:112][  0]LogXGEController: Cannot use XGE Controller as Incredibuild is not installed on this machine.
[2021.04.06-11.51.55:112][  0]LogShaderCompilers: Cannot use XGE Shader Compiler as Incredibuild is not installed on this machine.
[2021.04.06-11.51.55:112][  0]LogShaderCompilers: Display: Using Local Shader Compiler.
[2021.04.06-11.51.55:756][  0]LogDerivedDataCache: Display: Max Cache Size: 512 MB
[2021.04.06-11.51.55:807][  0]LogDerivedDataCache: Loaded boot cache 0.05s 97MB C:/Users/julia/AppData/Local/UnrealEngine/4.25/DerivedDataCache/Boot.ddc.
[2021.04.06-11.51.55:807][  0]LogDerivedDataCache: Display: Loaded Boot cache: C:/Users/julia/AppData/Local/UnrealEngine/4.25/DerivedDataCache/Boot.ddc
[2021.04.06-11.51.55:808][  0]LogDerivedDataCache: FDerivedDataBackendGraph:  Pak pak cache file ../../../../../../Users/julia/Documents/Unreal Projects/Scoop/ScoopPortals/Scoop/DerivedDataCache/DDC.ddp not found, will not use a pak cache.
[2021.04.06-11.51.55:808][  0]LogDerivedDataCache: Unable to find inner node Pak for hierarchical cache Hierarchy.
[2021.04.06-11.51.55:808][  0]LogDerivedDataCache: FDerivedDataBackendGraph:  CompressedPak pak cache file ../../../../../../Users/julia/Documents/Unreal Projects/Scoop/ScoopPortals/Scoop/DerivedDataCache/Compressed.ddp not found, will not use a pak cache.
[2021.04.06-11.51.55:808][  0]LogDerivedDataCache: Unable to find inner node CompressedPak for hierarchical cache Hierarchy.
[2021.04.06-11.51.55:816][  0]LogDerivedDataCache: Display: Pak cache opened for reading ../../../Engine/DerivedDataCache/Compressed.ddp.
[2021.04.06-11.51.55:816][  0]LogDerivedDataCache: FDerivedDataBackendGraph:  EnterprisePak pak cache file ../../../Enterprise/DerivedDataCache/Compressed.ddp not found, will not use a pak cache.
[2021.04.06-11.51.55:816][  0]LogDerivedDataCache: Unable to find inner node EnterprisePak for hierarchical cache Hierarchy.
[2021.04.06-11.51.55:817][  0]LogDerivedDataCache: Using Local data cache path C:/Users/julia/AppData/Local/UnrealEngine/Common/DerivedDataCache: Writable
[2021.04.06-11.51.55:817][  0]LogDerivedDataCache: Shared data cache path not found in *engine.ini, will not use an Shared cache.
[2021.04.06-11.51.55:817][  0]LogDerivedDataCache: Unable to find inner node Shared for hierarchical cache Hierarchy.
[2021.04.06-11.51.55:859][  0]LogSlate: Using FreeType 2.10.0
[2021.04.06-11.51.55:859][  0]LogSlate: SlateFontServices - WITH_FREETYPE: 1, WITH_HARFBUZZ: 1
[2021.04.06-11.51.55:880][  0]LogAssetRegistry: FAssetRegistry took 0.0023 seconds to start up
[2021.04.06-11.51.56:062][  0]LogInit: Selected Device Profile: [Windows]
[2021.04.06-11.51.56:148][  0]LogMeshReduction: Using QuadricMeshReduction for automatic static mesh reduction
[2021.04.06-11.51.56:148][  0]LogMeshReduction: Using SimplygonMeshReduction for automatic skeletal mesh reduction
[2021.04.06-11.51.56:148][  0]LogMeshReduction: Using ProxyLODMeshReduction for automatic mesh merging
[2021.04.06-11.51.56:148][  0]LogMeshReduction: No distributed automatic mesh merging module available
[2021.04.06-11.51.56:148][  0]LogMeshMerging: No distributed automatic mesh merging module available
[2021.04.06-11.51.56:159][  0]LogNetVersion: Scoop 1.0.0, NetCL: 13144385, EngineNetVer: 14, GameNetVer: 0 (Checksum: 2903236128)
[2021.04.06-11.51.56:471][  0]LogAISub: UAISubsystem::UAISubsystem AISubsystem (000002BA0F3702C0), frame # 0
[2021.04.06-11.51.56:471][  0]LogAISub: UAISubsystem::UAISubsystem AIPerceptionSystem (000002BA0F2D42C0), frame # 0
[2021.04.06-11.51.56:472][  0]LogAISub: UAISubsystem::UAISubsystem EnvQueryManager (000002BA0F2F2600), frame # 0
[2021.04.06-11.51.56:509][  0]LogPackageLocalizationCache: Processed 19 localized package path(s) for 1 prioritized culture(s) in 0.032236 seconds
[2021.04.06-11.51.56:513][  0]LogUObjectArray: 15917 objects as part of root set at end of initial load.
[2021.04.06-11.51.56:513][  0]LogUObjectAllocator: 3965568 out of 0 bytes used by permanent object pool.
[2021.04.06-11.51.56:513][  0]LogUObjectArray: CloseDisregardForGC: 0/0 objects in disregard for GC pool
[2021.04.06-11.51.56:736][  0]LogTcpMessaging: Initializing TcpMessaging bridge
[2021.04.06-11.51.56:739][  0]LogUdpMessaging: Initializing bridge on interface 0.0.0.0:0 to multicast group 230.0.0.1:6666.
[2021.04.06-11.51.56:794][  0]SourceControl: Source control is disabled
[2021.04.06-11.51.56:794][  0]SourceControl: Source control is disabled
[2021.04.06-11.51.56:796][  0]SourceControl: Source control is disabled
[2021.04.06-11.51.56:798][  0]SourceControl: Source control is disabled
[2021.04.06-11.51.56:802][  0]SourceControl: Source control is disabled
[2021.04.06-11.51.56:955][  0]LogAndroidPermission: UAndroidPermissionCallbackProxy::GetInstance
[2021.04.06-11.51.56:967][  0]LogAudioCaptureCore: Display: No Audio Capture implementations found. Audio input will be silent.
[2021.04.06-11.51.56:967][  0]LogAudioCaptureCore: Display: No Audio Capture implementations found. Audio input will be silent.
[2021.04.06-11.51.57:000][  0]LogOcInput: OculusInput pre-init called
[2021.04.06-11.51.57:171][  0]LogClass: Warning: FCharacterSettings::mouseMovement is not initialized properly
[2021.04.06-11.51.57:171][  0]LogClass: Warning: FCharacterSettings::movementDir is not initialized properly
[2021.04.06-11.51.57:171][  0]LogClass: Warning: FCharacterSettings::linVelocity is not initialized properly
[2021.04.06-11.51.57:171][  0]LogClass: Warning: FCharacterSettings::rotVelocity is not initialized properly
[2021.04.06-11.51.57:171][  0]LogClass: Display: 4 Uninitialized script stuct members found
[2021.04.06-11.51.57:172][  0]LogAutomationTest: Warning: FCharacterSettings::mouseMovement is not initialized properly
[2021.04.06-11.51.57:172][  0]LogAutomationTest: Warning: FCharacterSettings::movementDir is not initialized properly
[2021.04.06-11.51.57:172][  0]LogAutomationTest: Warning: FCharacterSettings::linVelocity is not initialized properly
[2021.04.06-11.51.57:172][  0]LogAutomationTest: Warning: FCharacterSettings::rotVelocity is not initialized properly
[2021.04.06-11.51.57:172][  0]LogEngine: Initializing Engine...
[2021.04.06-11.51.57:173][  0]LogHMD: Failed to initialize OpenVR with code 110
[2021.04.06-11.51.57:173][  0]LogMagicLeap: Warning: VR disabled because ZI is not enabled.  To enable, in the editor, Edit -> Project Settings -> Plugins -> Magic Leap Plugin -> Enable Zero Iteration
[2021.04.06-11.51.57:173][  0]LogStats: UGameplayTagsManager::InitializeManager -  0.000 s
[2021.04.06-11.51.57:270][  0]LogInit: Initializing FReadOnlyCVARCache
[2021.04.06-11.51.57:275][  0]LogAIModule: Creating AISystem for world Untitled
[2021.04.06-11.51.57:275][  0]LogAISub: UAISubsystem::UAISubsystem EnvQueryManager (000002BA19986600), frame # 0
[2021.04.06-11.51.57:275][  0]LogAISub: UAISubsystem::UAISubsystem AIPerceptionSystem (000002BA189F4B80), frame # 0
[2021.04.06-11.51.57:292][  0]LogAudioMixer: Display: Audio Mixer Platform Settings:
[2021.04.06-11.51.57:292][  0]LogAudioMixer: Display: 	Sample Rate:						  48000
[2021.04.06-11.51.57:292][  0]LogAudioMixer: Display: 	Callback Buffer Frame Size Requested: 256
[2021.04.06-11.51.57:292][  0]LogAudioMixer: Display: 	Callback Buffer Frame Size To Use:	  256
[2021.04.06-11.51.57:292][  0]LogAudioMixer: Display: 	Number of buffers to queue:			  7
[2021.04.06-11.51.57:292][  0]LogAudioMixer: Display: 	Max Channels (voices):				  32
[2021.04.06-11.51.57:292][  0]LogAudioMixer: Display: 	Number of Async Source Workers:		  0
[2021.04.06-11.51.57:292][  0]LogAudio: Display: AudioDevice MaxSources: 32
[2021.04.06-11.51.57:293][  0]LogAudio: Display: Using built-in audio occlusion.
[2021.04.06-11.51.57:293][  0]LogAudioMixer: Display: Initializing audio mixer.
[2021.04.06-11.51.57:306][  0]LogAudioMixer: Display: 0: FrontLeft
[2021.04.06-11.51.57:306][  0]LogAudioMixer: Display: 1: FrontRight
[2021.04.06-11.51.57:365][  0]LogAudioMixer: Display: Using Audio Device Speakers (Realtek(R) Audio)
[2021.04.06-11.51.57:365][  0]LogAudioMixer: Display: Initializing Sound Submixes...
[2021.04.06-11.51.57:367][  0]LogAudioMixer: Display: Creating Master Submix 'MasterSubmixDefault'
[2021.04.06-11.51.57:367][  0]LogAudioMixer: Display: Creating Master Submix 'MasterReverbSubmixDefault'
[2021.04.06-11.51.57:367][  0]LogAudioMixer: Display: Creating Master Submix 'MasterEQSubmixDefault'
[2021.04.06-11.51.57:367][  0]LogInit: FAudioDevice initialized.
[2021.04.06-11.51.57:368][  0]LogNetVersion: Set ProjectVersion to 1.0.0.0. Version Checksum will be recalculated on next use.
[2021.04.06-11.51.57:419][  0]LogDerivedDataCache: Saved boot cache 0.05s 97MB C:/Users/julia/AppData/Local/UnrealEngine/4.25/DerivedDataCache/Boot.ddc.
[2021.04.06-11.51.57:422][  0]LogInit: Texture streaming: Enabled
[2021.04.06-11.51.57:433][  0]LogEngineSessionManager: EngineSessionManager initialized
[2021.04.06-11.51.57:433][  0]LogEditorSessionSummary: Verbose: Initializing EditorSessionSummaryWriter for editor session tracking
[2021.04.06-11.51.57:434][  0]LogEditorSessionSummary: EditorSessionSummaryWriter initialized
[2021.04.06-11.51.57:466][  0]LogInit: Transaction tracking system initialized
[2021.04.06-11.51.57:480][  0]BlueprintLog: New page: Editor Load
[2021.04.06-11.51.57:528][  0]LocalizationService: Localization service is disabled
[2021.04.06-11.51.57:636][  0]LogCook: Display: Max memory allowance for cook 16384mb min free memory 0mb
[2021.04.06-11.51.57:636][  0]LogCook: Display: Mobile HDR setting 1
[2021.04.06-11.51.57:724][  0]LogFileCache: Scanning file cache for directory 'C:/Users/julia/Documents/Unreal Projects/Scoop/ScoopPortals/Scoop/Content/' took 0.00s
[2021.04.06-11.51.57:869][  0]SourceControl: Source control is disabled
[2021.04.06-11.51.57:870][  0]LogUnrealEdMisc: Loading editor; pre map load, took 5.210
[2021.04.06-11.51.57:870][  0]Cmd: MAP LOAD FILE="../../../../../../Users/julia/Documents/Unreal Projects/Scoop/ScoopPortals/Scoop/Content/Maps/TestMap.umap" TEMPLATE=0 SHOWPROGRESS=1 FEATURELEVEL=3
[2021.04.06-11.51.57:870][  0]LogEditorServer: Warning: Can't find file '../../../../../../Users/julia/Documents/Unreal Projects/Scoop/ScoopPortals/Scoop/Content/Maps/TestMap.umap'
[2021.04.06-11.51.57:870][  0]Cmd: MAP CHECKDEP NOCLEARLOG
[2021.04.06-11.51.57:870][  0]MapCheck: Map check complete: 0 Error(s), 0 Warning(s), took 0.252ms to complete.
[2021.04.06-11.51.57:870][  0]LogFileHelpers: Loading map 'TestMap' took 0.001
[2021.04.06-11.51.57:872][  0]LogUnrealEdMisc: Total Editor Startup Time, took 5.212
[2021.04.06-11.51.57:964][  0]LogSlate: Updating window title bar state: overlay mode, drag disabled, window buttons hidden, title bar hidden
[2021.04.06-11.51.57:970][  0]LogSlate: Updating window title bar state: overlay mode, drag disabled, window buttons hidden, title bar hidden
[2021.04.06-11.51.57:975][  0]LogSlate: Updating window title bar state: overlay mode, drag disabled, window buttons hidden, title bar hidden
[2021.04.06-11.51.57:980][  0]LogSlate: Updating window title bar state: overlay mode, drag disabled, window buttons hidden, title bar hidden
[2021.04.06-11.51.57:984][  0]LogCollectionManager: Loaded 0 collections in 0.001305 seconds
[2021.04.06-11.51.57:995][  0]LogFileCache: Scanning file cache for directory 'C:/Users/julia/Documents/Unreal Projects/Scoop/ScoopPortals/Scoop/Saved/Collections/' took 0.00s
[2021.04.06-11.51.57:995][  0]LogFileCache: Scanning file cache for directory 'C:/Users/julia/Documents/Unreal Projects/Scoop/ScoopPortals/Scoop/Content/Developers/julia/Collections/' took 0.00s
[2021.04.06-11.51.57:995][  0]LogFileCache: Scanning file cache for directory 'C:/Users/julia/Documents/Unreal Projects/Scoop/ScoopPortals/Scoop/Content/Collections/' took 0.00s
[2021.04.06-11.51.57:995][  0]LogContentBrowser: Native class hierarchy populated in 0.0076 seconds. Added 3433 classes and 823 folders.
[2021.04.06-11.51.57:997][  0]LogContentBrowser: Native class hierarchy updated for 'WidgetCarousel' in 0.0003 seconds. Added 0 classes and 0 folders.
[2021.04.06-11.51.58:037][  0]LogContentBrowser: Native class hierarchy updated for 'AddContentDialog' in 0.0004 seconds. Added 0 classes and 0 folders.
[2021.04.06-11.51.58:040][  0]LogContentBrowser: Native class hierarchy updated for 'SceneOutliner' in 0.0003 seconds. Added 2 classes and 0 folders.
[2021.04.06-11.51.58:093][  0]LogSlate: Took 0.000148 seconds to synchronously load lazily loaded font '../../../Engine/Content/Slate/Fonts/Roboto-Regular.ttf' (155K)
[2021.04.06-11.51.58:095][  0]LogSlate: Took 0.000144 seconds to synchronously load lazily loaded font '../../../Engine/Content/Slate/Fonts/Roboto-Bold.ttf' (160K)
[2021.04.06-11.51.58:099][  0]LogSlate: Took 0.000103 seconds to synchronously load lazily loaded font '../../../Engine/Content/Editor/Slate/Fonts/FontAwesome.ttf' (139K)
[2021.04.06-11.51.58:152][  0]LogRenderer: Reallocating scene render targets to support 992x380 Format 10 NumSamples 1 (Frame:1).
[2021.04.06-11.51.58:247][  0]LogContentBrowser: Native class hierarchy updated for 'HierarchicalLODOutliner' in 0.0006 seconds. Added 0 classes and 0 folders.
[2021.04.06-11.51.58:247][  0]LogLoad: (Engine Initialization) Total time: 5.59 seconds
[2021.04.06-11.51.58:247][  0]LogLoad: (Engine Initialization) Total Blueprint compile time: 0.00 seconds
[2021.04.06-11.51.58:290][  0]LogAssetRegistry: Asset discovery search completed in 2.4097 seconds
[2021.04.06-11.51.58:293][  0]LogCollectionManager: Fixed up redirectors for 0 collections in 0.000002 seconds (updated 0 objects)
[2021.04.06-11.51.58:294][  0]LogContentStreaming: Texture pool size now 3000 MB
[2021.04.06-11.51.58:340][  0]LogSlate: Took 0.000103 seconds to synchronously load lazily loaded font '../../../Engine/Content/Slate/Fonts/Roboto-Light.ttf' (167K)
[2021.04.06-11.52.03:917][335]LogSlate: Took 0.000132 seconds to synchronously load lazily loaded font '../../../Engine/Content/Slate/Fonts/Roboto-Light.ttf' (167K)
[2021.04.06-11.52.04:071][335]LogStaticMesh: Building static mesh PortalMesh...
[2021.04.06-11.52.04:072][335]LogStaticMesh: Built static mesh [0.00s] /Game/Geometry/Static/PortalMesh.PortalMesh
[2021.04.06-11.52.04:137][335]LogAssetEditorSubsystem: Opening Asset editor for World /Game/Maps/ProgTestMap.ProgTestMap
[2021.04.06-11.52.04:147][335]LogUObjectHash: Compacting FUObjectHashTables data took   0.66ms
[2021.04.06-11.52.04:149][335]Cmd: MAP LOAD FILE="../../../../../../Users/julia/Documents/Unreal Projects/Scoop/ScoopPortals/Scoop/Content/Maps/ProgTestMap.umap" TEMPLATE=0 SHOWPROGRESS=1 FEATURELEVEL=3
[2021.04.06-11.52.04:149][335]LightingResults: New page: Lighting Build
[2021.04.06-11.52.04:149][335]LogContentBrowser: Native class hierarchy updated for 'StatsViewer' in 0.0003 seconds. Added 6 classes and 0 folders.
[2021.04.06-11.52.04:149][335]LoadErrors: New page: Loading map: ProgTestMap.umap
[2021.04.06-11.52.04:150][335]LogWorld: UWorld::CleanupWorld for Untitled, bSessionEnded=true, bCleanupResources=true
[2021.04.06-11.52.04:150][335]LogSlate: InvalidateAllWidgets triggered.  All widgets were invalidated
[2021.04.06-11.52.04:150][335]MapCheck: New page: Map Check
[2021.04.06-11.52.04:150][335]LightingResults: New page: Lighting Build
[2021.04.06-11.52.04:158][335]LogAISub: UAISubsystem::~UAISubsystem EnvQueryManager (000002BA19986600), frame # 335
[2021.04.06-11.52.04:159][335]LogAISub: UAISubsystem::~UAISubsystem AIPerceptionSystem (000002BA189F4B80), frame # 335
[2021.04.06-11.52.04:159][335]LogUObjectHash: Compacting FUObjectHashTables data took   0.52ms
[2021.04.06-11.52.04:240][335]LogEditorServer: Finished looking for orphan Actors (0.000 secs)
[2021.04.06-11.52.04:240][335]LogAIModule: Creating AISystem for world ProgTestMap
[2021.04.06-11.52.04:240][335]LogAISub: UAISubsystem::UAISubsystem EnvQueryManager (000002BA33E8A400), frame # 335
[2021.04.06-11.52.04:240][335]LogAISub: UAISubsystem::UAISubsystem AIPerceptionSystem (000002BA38B9FD80), frame # 335
[2021.04.06-11.52.04:251][335]LogUObjectHash: Compacting FUObjectHashTables data took   0.60ms
[2021.04.06-11.52.04:268][335]Cmd: MAP CHECKDEP NOCLEARLOG
[2021.04.06-11.52.04:268][335]MapCheck: Map check complete: 0 Error(s), 0 Warning(s), took 0.118ms to complete.
[2021.04.06-11.52.04:268][335]LogFileHelpers: Loading map 'ProgTestMap' took 0.119
[2021.04.06-11.52.06:005][437]LogEditorViewport: Clicking on Actor (LMB): BP_Portal_C (BP_Portal)
[2021.04.06-11.52.58:295][571]LogHttp: Warning: 000002BA357B1600: invalid HTTP response code received. URL: https://datarouter.ol.epicgames.com/datarouter/api/v1/public/data?SessionID=%7BE1E8D62E-47AD-D713-8BEF-769285185196%7D&AppID=UEEditor.Rocket.Release&AppVersion=4.25.4-14469661%2B%2B%2BUE4%2BRelease-4.25&UserID=987761e04c3be1c7e8ec69bb0cc69623%7Cdf0081b157424d6eaa611cd509b7ca1d%7Cf2829340-a1f9-43d0-902d-a6f8cd32a504&AppEnvironment=datacollector-source&UploadType=eteventstream, HTTP code: 0, content length: 0, actual payload size: 0
[2021.04.06-11.52.58:296][571]LogHttp: Warning: 000002BA357B1600: request failed, libcurl error: 6 (Couldn't resolve host name)
[2021.04.06-11.52.58:296][571]LogHttp: Warning: 000002BA357B1600: libcurl info message cache 0 (Could not resolve host: datarouter.ol.epicgames.com)
[2021.04.06-11.52.58:296][571]LogHttp: Warning: 000002BA357B1600: libcurl info message cache 1 (Closing connection 0)
[2021.04.06-11.52.58:312][572]LogHttp: Warning: Retry exhausted on https://datarouter.ol.epicgames.com/datarouter/api/v1/public/data?SessionID=%7BE1E8D62E-47AD-D713-8BEF-769285185196%7D&AppID=UEEditor.Rocket.Release&AppVersion=4.25.4-14469661%2B%2B%2BUE4%2BRelease-4.25&UserID=987761e04c3be1c7e8ec69bb0cc69623%7Cdf0081b157424d6eaa611cd509b7ca1d%7Cf2829340-a1f9-43d0-902d-a6f8cd32a504&AppEnvironment=datacollector-source&UploadType=eteventstream
[2021.04.06-11.54.58:741][995]LogHttp: Warning: 000002BA25191D00: invalid HTTP response code received. URL: https://datarouter.ol.epicgames.com/datarouter/api/v1/public/data?SessionID=%7BE1E8D62E-47AD-D713-8BEF-769285185196%7D&AppID=UEEditor.Rocket.Release&AppVersion=4.25.4-14469661%2B%2B%2BUE4%2BRelease-4.25&UserID=987761e04c3be1c7e8ec69bb0cc69623%7Cdf0081b157424d6eaa611cd509b7ca1d%7Cf2829340-a1f9-43d0-902d-a6f8cd32a504&AppEnvironment=datacollector-source&UploadType=eteventstream, HTTP code: 0, content length: 0, actual payload size: 0
[2021.04.06-11.54.58:741][995]LogHttp: Warning: 000002BA25191D00: request failed, libcurl error: 6 (Couldn't resolve host name)
[2021.04.06-11.54.58:741][995]LogHttp: Warning: 000002BA25191D00: libcurl info message cache 0 (Could not resolve host: datarouter.ol.epicgames.com)
[2021.04.06-11.54.58:741][995]LogHttp: Warning: 000002BA25191D00: libcurl info message cache 1 (Closing connection 1)
[2021.04.06-11.54.59:074][996]LogHttp: Warning: Retry exhausted on https://datarouter.ol.epicgames.com/datarouter/api/v1/public/data?SessionID=%7BE1E8D62E-47AD-D713-8BEF-769285185196%7D&AppID=UEEditor.Rocket.Release&AppVersion=4.25.4-14469661%2B%2B%2BUE4%2BRelease-4.25&UserID=987761e04c3be1c7e8ec69bb0cc69623%7Cdf0081b157424d6eaa611cd509b7ca1d%7Cf2829340-a1f9-43d0-902d-a6f8cd32a504&AppEnvironment=datacollector-source&UploadType=eteventstream
[2021.04.06-11.55.48:292][142]LogHotReload: New module detected: UE4Editor-Scoop-0018.dll
[2021.04.06-11.55.48:972][145]LogHotReload: Starting Hot-Reload from IDE
[2021.04.06-11.55.49:011][145]LogClass: Could not find existing class Portal in package /Script/Scoop for HotReload, assuming new class
[2021.04.06-11.55.49:011][145]LogClass: Function ClearPortalView is new.
[2021.04.06-11.55.49:011][145]LogClass: Function ConvertDirectionToTarget is new.
[2021.04.06-11.55.49:011][145]LogClass: Function ConvertLocationToPortal is new.
[2021.04.06-11.55.49:011][145]LogClass: Function ConvertRotationToPortal is new.
[2021.04.06-11.55.49:011][145]LogClass: Function GetDuplicateMap is new.
[2021.04.06-11.55.49:011][145]LogClass: Function GetNumberOfTrackedActors is new.
[2021.04.06-11.55.49:011][145]LogClass: Function IsActive is new.
[2021.04.06-11.55.49:011][145]LogClass: Function IsInfront is new.
[2021.04.06-11.55.49:011][145]LogClass: Function LocationInsidePortal is new.
[2021.04.06-11.55.49:011][145]LogClass: Function OnPortalBoxOverlapEnd is new.
[2021.04.06-11.55.49:011][145]LogClass: Function OnPortalBoxOverlapStart is new.
[2021.04.06-11.55.49:011][145]LogClass: Function OnPortalMeshOverlapEnd is new.
[2021.04.06-11.55.49:011][145]LogClass: Function OnPortalMeshOverlapStart is new.
[2021.04.06-11.55.49:011][145]LogClass: Function SetActive is new.
[2021.04.06-11.55.49:011][145]LogClass: Function Setup is new.
[2021.04.06-11.55.49:011][145]LogClass: Function UpdatePortalView is new.
[2021.04.06-11.55.49:013][145]LogClass: EMovementState HotReload.
[2021.04.06-11.55.49:013][145]LogClass: PostPhysicsTick HotReload.
[2021.04.06-11.55.49:013][145]LogClass: TrackedActor HotReload.
[2021.04.06-11.55.49:013][145]LogClass: CharacterDebugSettings HotReload.
[2021.04.06-11.55.49:013][145]LogClass: CrouchLerp HotReload.
[2021.04.06-11.55.49:013][145]LogClass: CharacterSettings HotReload.
[2021.04.06-11.55.49:017][145]LogHotReload: Re-instancing Portal after hot-reload.
[2021.04.06-11.55.49:133][145]LogContentBrowser: Native class hierarchy updated for 'Scoop' in 0.0003 seconds. Added 6 classes and 2 folders.
[2021.04.06-11.55.49:135][145]Display: HotReload successful (14 functions remapped  5 scriptstructs remapped)
[2021.04.06-11.55.49:178][145]LogContentBrowser: Native class hierarchy populated in 0.0076 seconds. Added 3433 classes and 823 folders.
[2021.04.06-11.55.49:185][145]Display: HotReload took  0.2s.
[2021.04.06-11.56.54:412][595]LogHotReload: New module detected: UE4Editor-Scoop-0019.dll
[2021.04.06-11.56.55:091][598]LogHotReload: Starting Hot-Reload from IDE
[2021.04.06-11.56.55:122][598]LogClass: Could not find existing class Portal in package /Script/Scoop for HotReload, assuming new class
[2021.04.06-11.56.55:122][598]LogClass: Function ClearPortalView is new.
[2021.04.06-11.56.55:122][598]LogClass: Function ConvertDirectionToTarget is new.
[2021.04.06-11.56.55:122][598]LogClass: Function ConvertLocationToPortal is new.
[2021.04.06-11.56.55:122][598]LogClass: Function ConvertRotationToPortal is new.
[2021.04.06-11.56.55:122][598]LogClass: Function GetDuplicateMap is new.
[2021.04.06-11.56.55:122][598]LogClass: Function GetNumberOfTrackedActors is new.
[2021.04.06-11.56.55:122][598]LogClass: Function IsActive is new.
[2021.04.06-11.56.55:122][598]LogClass: Function IsInfront is new.
[2021.04.06-11.56.55:122][598]LogClass: Function LocationInsidePortal is new.
[2021.04.06-11.56.55:122][598]LogClass: Function OnPortalBoxOverlapEnd is new.
[2021.04.06-11.56.55:122][598]LogClass: Function OnPortalBoxOverlapStart is new.
[2021.04.06-11.56.55:123][598]LogClass: Function OnPortalMeshOverlapEnd is new.
[2021.04.06-11.56.55:123][598]LogClass: Function OnPortalMeshOverlapStart is new.
[2021.04.06-11.56.55:123][598]LogClass: Function SetActive is new.
[2021.04.06-11.56.55:123][598]LogClass: Function Setup is new.
[2021.04.06-11.56.55:123][598]LogClass: Function UpdatePortalView is new.
[2021.04.06-11.56.55:123][598]LogClass: EMovementState HotReload.
[2021.04.06-11.56.55:123][598]LogClass: PostPhysicsTick HotReload.
[2021.04.06-11.56.55:123][598]LogClass: TrackedActor HotReload.
[2021.04.06-11.56.55:123][598]LogClass: CharacterDebugSettings HotReload.
[2021.04.06-11.56.55:123][598]LogClass: CrouchLerp HotReload.
[2021.04.06-11.56.55:123][598]LogClass: CharacterSettings HotReload.
[2021.04.06-11.56.55:128][598]LogHotReload: Re-instancing Portal after hot-reload.
[2021.04.06-11.56.55:232][598]LogContentBrowser: Native class hierarchy updated for 'Scoop' in 0.0005 seconds. Added 6 classes and 2 folders.
[2021.04.06-11.56.55:234][598]Display: HotReload successful (14 functions remapped  5 scriptstructs remapped)
[2021.04.06-11.56.55:269][598]LogContentBrowser: Native class hierarchy populated in 0.0081 seconds. Added 3433 classes and 823 folders.
[2021.04.06-11.56.55:275][598]Display: HotReload took  0.2s.
[2021.04.06-11.56.57:799][664]LogEditorViewport: Clicking on Actor (LMB): BP_Sky_Sphere_C (Sky Sphere)
[2021.04.06-11.56.58:322][694]LogEditorViewport: Clicking on Actor (LMB): BP_Portal_C (BP_Portal)
[2021.04.06-11.56.59:111][739]LogHttp: Warning: 000002BA33733200: invalid HTTP response code received. URL: https://datarouter.ol.epicgames.com/datarouter/api/v1/public/data?SessionID=%7BE1E8D62E-47AD-D713-8BEF-769285185196%7D&AppID=UEEditor.Rocket.Release&AppVersion=4.25.4-14469661%2B%2B%2BUE4%2BRelease-4.25&UserID=987761e04c3be1c7e8ec69bb0cc69623%7Cdf0081b157424d6eaa611cd509b7ca1d%7Cf2829340-a1f9-43d0-902d-a6f8cd32a504&AppEnvironment=datacollector-source&UploadType=eteventstream, HTTP code: 0, content length: 0, actual payload size: 0
[2021.04.06-11.56.59:111][739]LogHttp: Warning: 000002BA33733200: request failed, libcurl error: 6 (Couldn't resolve host name)
[2021.04.06-11.56.59:111][739]LogHttp: Warning: 000002BA33733200: libcurl info message cache 0 (Could not resolve host: datarouter.ol.epicgames.com)
[2021.04.06-11.56.59:111][739]LogHttp: Warning: 000002BA33733200: libcurl info message cache 1 (Closing connection 2)
[2021.04.06-11.56.59:129][740]LogHttp: Warning: Retry exhausted on https://datarouter.ol.epicgames.com/datarouter/api/v1/public/data?SessionID=%7BE1E8D62E-47AD-D713-8BEF-769285185196%7D&AppID=UEEditor.Rocket.Release&AppVersion=4.25.4-14469661%2B%2B%2BUE4%2BRelease-4.25&UserID=987761e04c3be1c7e8ec69bb0cc69623%7Cdf0081b157424d6eaa611cd509b7ca1d%7Cf2829340-a1f9-43d0-902d-a6f8cd32a504&AppEnvironment=datacollector-source&UploadType=eteventstream
[2021.04.06-11.57.16:867][905]LogHotReload: New module detected: UE4Editor-Scoop-0020.dll
[2021.04.06-11.57.17:548][908]LogHotReload: Starting Hot-Reload from IDE
[2021.04.06-11.57.17:577][908]LogClass: Could not find existing class Portal in package /Script/Scoop for HotReload, assuming new class
[2021.04.06-11.57.17:577][908]LogClass: Function ClearPortalView is new.
[2021.04.06-11.57.17:577][908]LogClass: Function ConvertDirectionToTarget is new.
[2021.04.06-11.57.17:577][908]LogClass: Function ConvertLocationToPortal is new.
[2021.04.06-11.57.17:577][908]LogClass: Function ConvertRotationToPortal is new.
[2021.04.06-11.57.17:577][908]LogClass: Function GetDuplicateMap is new.
[2021.04.06-11.57.17:577][908]LogClass: Function GetNumberOfTrackedActors is new.
[2021.04.06-11.57.17:577][908]LogClass: Function IsActive is new.
[2021.04.06-11.57.17:577][908]LogClass: Function IsInfront is new.
[2021.04.06-11.57.17:577][908]LogClass: Function LocationInsidePortal is new.
[2021.04.06-11.57.17:577][908]LogClass: Function OnPortalBoxOverlapEnd is new.
[2021.04.06-11.57.17:577][908]LogClass: Function OnPortalBoxOverlapStart is new.
[2021.04.06-11.57.17:577][908]LogClass: Function OnPortalMeshOverlapEnd is new.
[2021.04.06-11.57.17:577][908]LogClass: Function OnPortalMeshOverlapStart is new.
[2021.04.06-11.57.17:577][908]LogClass: Function SetActive is new.
[2021.04.06-11.57.17:577][908]LogClass: Function Setup is new.
[2021.04.06-11.57.17:577][908]LogClass: Function UpdatePortalView is new.
[2021.04.06-11.57.17:578][908]LogClass: EMovementState HotReload.
[2021.04.06-11.57.17:578][908]LogClass: PostPhysicsTick HotReload.
[2021.04.06-11.57.17:578][908]LogClass: TrackedActor HotReload.
[2021.04.06-11.57.17:578][908]LogClass: CharacterDebugSettings HotReload.
[2021.04.06-11.57.17:578][908]LogClass: CrouchLerp HotReload.
[2021.04.06-11.57.17:578][908]LogClass: CharacterSettings HotReload.
[2021.04.06-11.57.17:581][908]LogHotReload: Re-instancing Portal after hot-reload.
[2021.04.06-11.57.17:685][908]LogContentBrowser: Native class hierarchy updated for 'Scoop' in 0.0003 seconds. Added 6 classes and 2 folders.
[2021.04.06-11.57.17:687][908]Display: HotReload successful (14 functions remapped  5 scriptstructs remapped)
[2021.04.06-11.57.17:721][908]LogContentBrowser: Native class hierarchy populated in 0.0070 seconds. Added 3433 classes and 823 folders.
[2021.04.06-11.57.17:727][908]Display: HotReload took  0.2s.
[2021.04.06-11.57.29:716][988]LogTemp: Repeating last play command: Selected Viewport
[2021.04.06-11.57.29:728][988]LogPlayLevel: PlayLevel: No blueprints needed recompiling
[2021.04.06-11.57.29:728][988]PIE: New page: PIE session: ProgTestMap (Apr 6, 2021, 3:57:29 PM)
[2021.04.06-11.57.29:729][988]LogOnline: OSS: Creating online subsystem instance for: NULL
[2021.04.06-11.57.29:730][988]LogOnline: OSS: TryLoadSubsystemAndSetDefault: Loaded subsystem for module [NULL]
[2021.04.06-11.57.29:730][988]LogLinker: Warning: Failed to load '/Game/GameObjects/Misc/PortalGameInstance': Can't find file.
[2021.04.06-11.57.29:730][988]LogLinker: Warning: Failed to load '/Game/GameObjects/Misc/PortalGameInstance': Can't find file.
[2021.04.06-11.57.29:730][988]LogUObjectGlobals: Warning: Failed to find object 'Class /Game/GameObjects/Misc/PortalGameInstance.PortalGameInstance_C'
[2021.04.06-11.57.29:731][988]LogPlayLevel: Creating play world package: /Game/Maps/UEDPIE_0_ProgTestMap
[2021.04.06-11.57.29:734][988]LogPlayLevel: PIE: StaticDuplicateObject took: (0.003071s)
[2021.04.06-11.57.29:735][988]LogAIModule: Creating AISystem for world ProgTestMap
[2021.04.06-11.57.29:735][988]LogAISub: UAISubsystem::UAISubsystem EnvQueryManager (000002BA34DE7400), frame # 5988
[2021.04.06-11.57.29:735][988]LogAISub: UAISubsystem::UAISubsystem AIPerceptionSystem (000002BA38BDE700), frame # 5988
[2021.04.06-11.57.29:735][988]LogPlayLevel: PIE: World Init took: (0.001514s)
[2021.04.06-11.57.29:735][988]LogPlayLevel: PIE: Created PIE world by copying editor world from /Game/Maps/ProgTestMap.ProgTestMap to /Game/Maps/UEDPIE_0_ProgTestMap.ProgTestMap (0.004790s)
[2021.04.06-11.57.29:745][988]LogUObjectHash: Compacting FUObjectHashTables data took   0.68ms
[2021.04.06-11.57.29:746][988]LogAudioMixer: Display: Audio Mixer Platform Settings:
[2021.04.06-11.57.29:746][988]LogAudioMixer: Display: 	Sample Rate:						  48000
[2021.04.06-11.57.29:746][988]LogAudioMixer: Display: 	Callback Buffer Frame Size Requested: 256
[2021.04.06-11.57.29:746][988]LogAudioMixer: Display: 	Callback Buffer Frame Size To Use:	  256
[2021.04.06-11.57.29:746][988]LogAudioMixer: Display: 	Number of buffers to queue:			  7
[2021.04.06-11.57.29:746][988]LogAudioMixer: Display: 	Max Channels (voices):				  32
[2021.04.06-11.57.29:746][988]LogAudioMixer: Display: 	Number of Async Source Workers:		  0
[2021.04.06-11.57.29:746][988]LogAudio: Display: AudioDevice MaxSources: 32
[2021.04.06-11.57.29:747][988]LogAudio: Display: Using built-in audio occlusion.
[2021.04.06-11.57.29:747][988]LogAudioMixer: Display: Initializing audio mixer.
[2021.04.06-11.57.29:749][988]LogAudioMixer: Display: 0: FrontLeft
[2021.04.06-11.57.29:749][988]LogAudioMixer: Display: 1: FrontRight
[2021.04.06-11.57.29:771][988]LogAudioMixer: Display: Using Audio Device Speakers (Realtek(R) Audio)
[2021.04.06-11.57.29:771][988]LogAudioMixer: Display: Initializing Sound Submixes...
[2021.04.06-11.57.29:772][988]LogAudioMixer: Display: Creating Master Submix 'MasterSubmixDefault'
[2021.04.06-11.57.29:772][988]LogAudioMixer: Display: Creating Master Submix 'MasterReverbSubmixDefault'
[2021.04.06-11.57.29:772][988]LogAudioMixer: Display: Creating Master Submix 'MasterEQSubmixDefault'
[2021.04.06-11.57.29:784][988]LogInit: FAudioDevice initialized.
[2021.04.06-11.57.29:789][988]LogLinker: Warning: Failed to load '/Game/GameObjects/GameMode/BP_PortalGameMode': Can't find file.
[2021.04.06-11.57.29:789][988]LogLinker: Warning: Failed to load '/Game/GameObjects/GameMode/BP_PortalGameMode': Can't find file.
[2021.04.06-11.57.29:790][988]LogUObjectGlobals: Warning: Failed to find object 'Class /Game/GameObjects/GameMode/BP_PortalGameMode.BP_PortalGameMode_C'
[2021.04.06-11.57.29:790][988]LogLoad: Game class is 'GameModeBase'
[2021.04.06-11.57.29:792][988]LogWorld: Bringing World /Game/Maps/UEDPIE_0_ProgTestMap.ProgTestMap up for play (max tick rate 60) at 2021.04.06-13.57.29
[2021.04.06-11.57.29:793][988]LogWorld: Bringing up level for play took: 0.001517
[2021.04.06-11.57.29:793][988]LogOnline: OSS: Creating online subsystem instance for: :Context_3
[2021.04.06-11.57.29:811][988]LogContentBrowser: Native class hierarchy updated for 'MovieSceneCapture' in 0.0003 seconds. Added 20 classes and 0 folders.
[2021.04.06-11.57.29:812][988]PIE: Server logged in
[2021.04.06-11.57.29:813][988]PIE: Play in editor total start time 0.087 seconds.
[2021.04.06-11.57.30:721][ 39]LogPortal: Portal render target created with width: 1239.000000 and height: 472.000000
[2021.04.06-11.57.30:722][ 39]LogPortal: Portal render target created with width: 1239.000000 and height: 472.000000
[2021.04.06-11.57.31:194][ 68]LogRenderer: Reallocating scene render targets to support 1240x472 Format 10 NumSamples 1 (Frame:79).
[2021.04.06-11.57.31:455][ 79]LogSlate: Updating window title bar state: overlay mode, drag disabled, window buttons hidden, title bar hidden
[2021.04.06-11.57.31:455][ 79]LogWorld: BeginTearingDown for /Game/Maps/UEDPIE_0_ProgTestMap
[2021.04.06-11.57.31:455][ 79]LogWorld: UWorld::CleanupWorld for ProgTestMap, bSessionEnded=true, bCleanupResources=true
[2021.04.06-11.57.31:455][ 79]LogSlate: InvalidateAllWidgets triggered.  All widgets were invalidated
[2021.04.06-11.57.31:486][ 79]LogPlayLevel: Display: Shutting down PIE online subsystems
[2021.04.06-11.57.31:487][ 79]LogSlate: InvalidateAllWidgets triggered.  All widgets were invalidated
[2021.04.06-11.57.32:611][ 79]LogThreadingWindows: Error: Runnable thread TaskGraphThreadNP 7 crashed.
[2021.04.06-11.57.32:611][ 79]LogWindows: Error: === Critical error: ===
[2021.04.06-11.57.32:611][ 79]LogWindows: Error: 
[2021.04.06-11.57.32:611][ 79]LogWindows: Error: Fatal error!
[2021.04.06-11.57.32:611][ 79]LogWindows: Error: 
[2021.04.06-11.57.32:611][ 79]LogWindows: Error: Unhandled Exception: EXCEPTION_ACCESS_VIOLATION reading address 0x0000000a
[2021.04.06-11.57.32:611][ 79]LogWindows: Error: 
[2021.04.06-11.57.32:611][ 79]LogWindows: Error: [Callstack] 0x00007ffe699c9721 UE4Editor-CoreUObject.dll!UnknownFunction []
[2021.04.06-11.57.32:611][ 79]LogWindows: Error: [Callstack] 0x00007ffe69c002c3 UE4Editor-CoreUObject.dll!UnknownFunction []
[2021.04.06-11.57.32:611][ 79]LogWindows: Error: [Callstack] 0x00007ffe69bc6da1 UE4Editor-CoreUObject.dll!UnknownFunction []
[2021.04.06-11.57.32:611][ 79]LogWindows: Error: [Callstack] 0x00007ffe69bce11e UE4Editor-CoreUObject.dll!UnknownFunction []
[2021.04.06-11.57.32:611][ 79]LogWindows: Error: [Callstack] 0x00007ffe78947ad9 UE4Editor-Core.dll!UnknownFunction []
[2021.04.06-11.57.32:611][ 79]LogWindows: Error: [Callstack] 0x00007ffe78948b1d UE4Editor-Core.dll!UnknownFunction []
[2021.04.06-11.57.32:611][ 79]LogWindows: Error: [Callstack] 0x00007ffe78950eeb UE4Editor-Core.dll!UnknownFunction []
[2021.04.06-11.57.32:611][ 79]LogWindows: Error: [Callstack] 0x00007ffe78e304db UE4Editor-Core.dll!UnknownFunction []
[2021.04.06-11.57.32:611][ 79]LogWindows: Error: [Callstack] 0x00007ffe78e27eb0 UE4Editor-Core.dll!UnknownFunction []
[2021.04.06-11.57.32:611][ 79]LogWindows: Error: [Callstack] 0x00007ffec9d87034 KERNEL32.DLL!UnknownFunction []
[2021.04.06-11.57.32:611][ 79]LogWindows: Error: [Callstack] 0x00007ffeca982651 ntdll.dll!UnknownFunction []
[2021.04.06-11.57.32:611][ 79]LogWindows: Error: 
[2021.04.06-11.57.32:611][ 79]LogWindows: Error: Crash in runnable thread TaskGraphThreadNP 7
[2021.04.06-11.57.32:625][ 79]LogExit: Executing StaticShutdownAfterError
[2021.04.06-11.57.32:625][ 79]LogWindows: FPlatformMisc::RequestExit(1)
[2021.04.06-11.57.32:625][ 79]LogCore: Engine exit requested (reason: Win RequestExit)
[2021.04.06-11.57.32:627][ 79]Log file closed, 04/06/21 13:57:32
