  Parsing headers for ScoopEditor
    Running UnrealHeaderTool "C:\Users\julia\Documents\Unreal Projects\Scoop\ScoopPortals\Scoop\Scoop.uproject" "C:\Users\julia\Documents\Unreal Projects\Scoop\ScoopPortals\Scoop\Intermediate\Build\Win64\ScoopEditor\Development\ScoopEditor.uhtmanifest" -LogCmds="loginit warning, logexit warning, logdatabase error" -Unattended -WarningsAsErrors -abslog="C:\Users\julia\AppData\Local\UnrealBuildTool\Log_UHT.txt" -installed
  Reflection code generated for ScoopEditor in 4.143892 seconds
  Building ScoopEditor...
  Using Visual Studio 2019 14.27.29112 toolchain (C:\Program Files (x86)\Microsoft Visual Studio\2019\Community\VC\Tools\MSVC\14.27.29110) and Windows 10.0.18362.0 SDK (C:\Program Files (x86)\Windows Kits\10).
  Building 10 actions with 12 processes...
    [1/10] Scoop.init.gen.cpp
    [2/10] BetterPortalsGameModeBase.gen.cpp
    [3/10] Portal.gen.cpp
    [4/10] PortalCharacter.cpp
    [5/10] BetterPortalsGameModeBase.cpp
    [6/10] PortalPawn.cpp
    [7/10] Portal.cpp
C:\Users\julia\Documents\Unreal Projects\Scoop\ScoopPortals\Scoop\Source\Scoop\Portal.cpp(261): warning C4996: 'AActor::GetComponentsByClass': Use one of the GetComponents implementations as appropriate Please update your code to the new API before upgrading to the next release, otherwise your project will no longer compile.
C:\Users\julia\Documents\Unreal Projects\Scoop\ScoopPortals\Scoop\Source\Scoop\Portal.cpp(558): warning C4996: 'UWorld::ForceGarbageCollection': Call GEngine->ForceGarbageCollection instead Please update your code to the new API before upgrading to the next release, otherwise your project will no longer compile.
C:\Users\julia\Documents\Unreal Projects\Scoop\ScoopPortals\Scoop\Source\Scoop\Portal.cpp(571): warning C4996: 'AActor::GetComponentsByClass': Use one of the GetComponents implementations as appropriate Please update your code to the new API before upgrading to the next release, otherwise your project will no longer compile.
    [8/10] UE4Editor-Scoop-0024.lib
       Creating library C:\Users\julia\Documents\Unreal Projects\Scoop\ScoopPortals\Scoop\Intermediate\Build\Win64\UE4Editor\Development\Scoop\UE4Editor-Scoop-0024.lib and object C:\Users\julia\Documents\Unreal Projects\Scoop\ScoopPortals\Scoop\Intermediate\Build\Win64\UE4Editor\Development\Scoop\UE4Editor-Scoop-0024.exp
    [9/10] UE4Editor-Scoop-0024.dll
       Creating library C:\Users\julia\Documents\Unreal Projects\Scoop\ScoopPortals\Scoop\Intermediate\Build\Win64\UE4Editor\Development\Scoop\UE4Editor-Scoop-0024.suppressed.lib and object C:\Users\julia\Documents\Unreal Projects\Scoop\ScoopPortals\Scoop\Intermediate\Build\Win64\UE4Editor\Development\Scoop\UE4Editor-Scoop-0024.suppressed.exp
    [10/10] ScoopEditor.target
  Total time in Parallel executor: 2.08 seconds
  Total execution time: 6.72 seconds
